#
# There is insufficient memory for the Java Runtime Environment to continue.
# Native memory allocation (malloc) failed to allocate 800016 bytes for Chunk::new
# Possible reasons:
#   The system is out of physical RAM or swap space
#   The process is running with CompressedOops enabled, and the Java Heap may be blocking the growth of the native heap
# Possible solutions:
#   Reduce memory load on the system
#   Increase physical memory or swap space
#   Check if swap backing store is full
#   Decrease Java heap size (-Xmx/-Xms)
#   Decrease number of Java threads
#   Decrease Java thread stack sizes (-Xss)
#   Set larger code cache with -XX:ReservedCodeCacheSize=
#   JVM is running with Unscaled Compressed Oops mode in which the Java heap is
#     placed in the first 4GB address space. The Java Heap base address is the
#     maximum limit for the native heap growth. Please use -XX:HeapBaseMinAddress
#     to set the Java Heap base and to place the Java Heap above 4GB virtual address.
# This output file may be truncated or incomplete.
#
#  Out of Memory Error (./open/src/hotspot/share/memory/arena.cpp:197), pid=13472, tid=14308
#
# JRE version: Java(TM) SE Runtime Environment 18.9 (11.0.9+7) (build 11.0.9+7-LTS)
# Java VM: Java HotSpot(TM) 64-Bit Server VM 18.9 (11.0.9+7-LTS, mixed mode, tiered, compressed oops, g1 gc, windows-amd64)
# No core dump will be written. Minidumps are not enabled by default on client versions of Windows
#

---------------  S U M M A R Y ------------

Command Line: -XX:MaxMetaspaceSize=512m --add-opens=java.base/java.util=ALL-UNNAMED --add-opens=java.base/java.lang=ALL-UNNAMED --add-opens=java.base/java.lang.invoke=ALL-UNNAMED --add-opens=java.prefs/java.util.prefs=ALL-UNNAMED --add-opens=java.base/java.nio.charset=ALL-UNNAMED --add-opens=java.base/java.net=ALL-UNNAMED --add-opens=java.base/java.util.concurrent.atomic=ALL-UNNAMED -Xmx2048m -Dfile.encoding=windows-1252 -Duser.country=US -Duser.language=en -Duser.variant org.gradle.launcher.daemon.bootstrap.GradleDaemon 8.0.1

Host: Intel(R) Core(TM) i3-2120 CPU @ 3.30GHz, 4 cores, 15G,  Windows 10 , 64 bit Build 19041 (10.0.19041.3155)
Time: Sun Oct 29 14:35:26 2023 Pakistan Standard Time elapsed time: 206.654525 seconds (0d 0h 3m 26s)

---------------  T H R E A D  ---------------

Current thread (0x000002984306c800):  JavaThread "C2 CompilerThread0" daemon [_thread_in_native, id=14308, stack(0x000000ed4b500000,0x000000ed4b600000)]


Current CompileTask:
C2: 206654 6564       4       org.gradle.internal.reflect.MethodSet::add (50 bytes)

Stack: [0x000000ed4b500000,0x000000ed4b600000]
Native frames: (J=compiled Java code, j=interpreted, Vv=VM code, C=native code)
V  [jvm.dll+0x611a3a]
V  [jvm.dll+0x748aaf]
V  [jvm.dll+0x74a135]
V  [jvm.dll+0x74a7b3]
V  [jvm.dll+0x2439f8]
V  [jvm.dll+0xba2bc]
V  [jvm.dll+0xba9bc]
V  [jvm.dll+0x3454e7]
V  [jvm.dll+0x313343]
V  [jvm.dll+0x31268a]
V  [jvm.dll+0x1fd495]
V  [jvm.dll+0x1fc64f]
V  [jvm.dll+0x17f08c]
V  [jvm.dll+0x20bc54]
V  [jvm.dll+0x209d2b]
V  [jvm.dll+0x7103d9]
V  [jvm.dll+0x709114]
V  [jvm.dll+0x610cb6]
C  [ucrtbase.dll+0x21bb2]
C  [KERNEL32.DLL+0x17614]
C  [ntdll.dll+0x526b1]


---------------  P R O C E S S  ---------------

Threads class SMR info:
_java_thread_list=0x0000029849cf6580, length=66, elements={
0x0000029822b4e800, 0x0000029843873800, 0x0000029843874800, 0x0000029843069800,
0x000002984306b800, 0x000002984306c800, 0x000002984306e000, 0x000002984393c000,
0x0000029843a37000, 0x0000029843a4a000, 0x00000298445ce800, 0x0000029844dcc800,
0x0000029843977800, 0x00000298445b7800, 0x0000029843a61800, 0x0000029843a3a000,
0x0000029843a46800, 0x0000029843a48800, 0x0000029843f8c000, 0x0000029843f8b000,
0x0000029843f8a800, 0x0000029843f8d000, 0x0000029843f8d800, 0x0000029843f88000,
0x0000029843f8e800, 0x0000029843f88800, 0x0000029843f89800, 0x0000029846315000,
0x0000029846314000, 0x0000029846312800, 0x0000029846316800, 0x0000029846317800,
0x0000029846313800, 0x000002984631a800, 0x000002984631b800, 0x000002984631d000,
0x000002984631a000, 0x000002984631e000, 0x000002984631c800, 0x0000029846318800,
0x000002984631f000, 0x000002984631f800, 0x0000029846320800, 0x0000029846060000,
0x0000029846062800, 0x0000029846061800, 0x000002984605f000, 0x000002984605c800,
0x0000029846060800, 0x0000029846063000, 0x000002984605e800, 0x000002984605d800,
0x0000029846065000, 0x0000029846068000, 0x0000029846069000, 0x0000029846066800,
0x0000029846067000, 0x0000029846069800, 0x0000029846065800, 0x0000029846064000,
0x000002984606a800, 0x000002984606b800, 0x00000298450dd000, 0x00000298450de000,
0x00000298450d8800, 0x00000298450df000
}

Java Threads: ( => current thread )
  0x0000029822b4e800 JavaThread "main" [_thread_blocked, id=13884, stack(0x000000ed4a900000,0x000000ed4aa00000)]
  0x0000029843873800 JavaThread "Reference Handler" daemon [_thread_blocked, id=14248, stack(0x000000ed4b100000,0x000000ed4b200000)]
  0x0000029843874800 JavaThread "Finalizer" daemon [_thread_blocked, id=14252, stack(0x000000ed4b200000,0x000000ed4b300000)]
  0x0000029843069800 JavaThread "Signal Dispatcher" daemon [_thread_blocked, id=14300, stack(0x000000ed4b300000,0x000000ed4b400000)]
  0x000002984306b800 JavaThread "Attach Listener" daemon [_thread_blocked, id=14304, stack(0x000000ed4b400000,0x000000ed4b500000)]
=>0x000002984306c800 JavaThread "C2 CompilerThread0" daemon [_thread_in_native, id=14308, stack(0x000000ed4b500000,0x000000ed4b600000)]
  0x000002984306e000 JavaThread "C1 CompilerThread0" daemon [_thread_blocked, id=14320, stack(0x000000ed4b600000,0x000000ed4b700000)]
  0x000002984393c000 JavaThread "Sweeper thread" daemon [_thread_blocked, id=13528, stack(0x000000ed4b700000,0x000000ed4b800000)]
  0x0000029843a37000 JavaThread "Common-Cleaner" daemon [_thread_blocked, id=14416, stack(0x000000ed4b800000,0x000000ed4b900000)]
  0x0000029843a4a000 JavaThread "Service Thread" daemon [_thread_blocked, id=14424, stack(0x000000ed4b900000,0x000000ed4ba00000)]
  0x00000298445ce800 JavaThread "Daemon health stats" [_thread_blocked, id=15040, stack(0x000000ed4be00000,0x000000ed4bf00000)]
  0x0000029844dcc800 JavaThread "Incoming local TCP Connector on port 51163" [_thread_in_native, id=13440, stack(0x000000ed4bf00000,0x000000ed4c000000)]
  0x0000029843977800 JavaThread "Daemon periodic checks" [_thread_blocked, id=13636, stack(0x000000ed4c000000,0x000000ed4c100000)]
  0x00000298445b7800 JavaThread "Daemon" [_thread_blocked, id=10532, stack(0x000000ed4c100000,0x000000ed4c200000)]
  0x0000029843a61800 JavaThread "Handler for socket connection from /127.0.0.1:51163 to /127.0.0.1:51166" [_thread_in_native, id=13768, stack(0x000000ed4c200000,0x000000ed4c300000)]
  0x0000029843a3a000 JavaThread "Cancel handler" [_thread_blocked, id=13368, stack(0x000000ed4c300000,0x000000ed4c400000)]
  0x0000029843a46800 JavaThread "Daemon worker" [_thread_in_vm, id=14784, stack(0x000000ed4c400000,0x000000ed4c500000)]
  0x0000029843a48800 JavaThread "Asynchronous log dispatcher for DefaultDaemonConnection: socket connection from /127.0.0.1:51163 to /127.0.0.1:51166" [_thread_blocked, id=11032, stack(0x000000ed4c500000,0x000000ed4c600000)]
  0x0000029843f8c000 JavaThread "Daemon client event forwarder" [_thread_blocked, id=14128, stack(0x000000ed4c700000,0x000000ed4c800000)]
  0x0000029843f8b000 JavaThread "Cache worker for journal cache (C:\Users\abdul\.gradle\caches\journal-1)" [_thread_blocked, id=11432, stack(0x000000ed4c800000,0x000000ed4c900000)]
  0x0000029843f8a800 JavaThread "File lock request listener" [_thread_in_native, id=14952, stack(0x000000ed4c900000,0x000000ed4ca00000)]
  0x0000029843f8d000 JavaThread "Cache worker for file hash cache (C:\Users\abdul\.gradle\caches\8.0.1\fileHashes)" [_thread_blocked, id=13688, stack(0x000000ed4ca00000,0x000000ed4cb00000)]
  0x0000029843f8d800 JavaThread "File lock release action executor" [_thread_blocked, id=12120, stack(0x000000ed4cb00000,0x000000ed4cc00000)]
  0x0000029843f88000 JavaThread "File watcher server" daemon [_thread_in_native, id=2140, stack(0x000000ed4cc00000,0x000000ed4cd00000)]
  0x0000029843f8e800 JavaThread "File watcher consumer" daemon [_thread_blocked, id=9424, stack(0x000000ed4cd00000,0x000000ed4ce00000)]
  0x0000029843f88800 JavaThread "Cache worker for checksums cache (F:\Scorify\android\.gradle\8.0.1\checksums)" [_thread_blocked, id=4360, stack(0x000000ed4ce00000,0x000000ed4cf00000)]
  0x0000029843f89800 JavaThread "Cache worker for cache directory md-rule (C:\Users\abdul\.gradle\caches\8.0.1\md-rule)" [_thread_blocked, id=11620, stack(0x000000ed4cf00000,0x000000ed4d000000)]
  0x0000029846315000 JavaThread "Cache worker for file content cache (C:\Users\abdul\.gradle\caches\8.0.1\fileContent)" [_thread_blocked, id=12116, stack(0x000000ed4d000000,0x000000ed4d100000)]
  0x0000029846314000 JavaThread "Cache worker for file hash cache (F:\Scorify\android\.gradle\8.0.1\fileHashes)" [_thread_blocked, id=13048, stack(0x000000ed4d100000,0x000000ed4d200000)]
  0x0000029846312800 JavaThread "Cache worker for cache directory md-supplier (C:\Users\abdul\.gradle\caches\8.0.1\md-supplier)" [_thread_blocked, id=10560, stack(0x000000ed4d200000,0x000000ed4d300000)]
  0x0000029846316800 JavaThread "Cache worker for execution history cache (C:\Users\abdul\.gradle\caches\8.0.1\executionHistory)" [_thread_blocked, id=5056, stack(0x000000ed4d300000,0x000000ed4d400000)]
  0x0000029846317800 JavaThread "jar transforms" [_thread_blocked, id=15448, stack(0x000000ed4a800000,0x000000ed4a900000)]
  0x0000029846313800 JavaThread "jar transforms Thread 2" [_thread_blocked, id=15792, stack(0x000000ed4aa00000,0x000000ed4ab00000)]
  0x000002984631a800 JavaThread "jar transforms Thread 3" [_thread_blocked, id=16376, stack(0x000000ed4d600000,0x000000ed4d700000)]
  0x000002984631b800 JavaThread "jar transforms Thread 4" [_thread_blocked, id=15064, stack(0x000000ed4d700000,0x000000ed4d800000)]
  0x000002984631d000 JavaThread "Cache worker for kotlin-dsl (C:\Users\abdul\.gradle\caches\8.0.1\kotlin-dsl)" [_thread_blocked, id=10380, stack(0x000000ed4c600000,0x000000ed4c700000)]
  0x000002984631a000 JavaThread "Cache worker for dependencies-accessors (F:\Scorify\android\.gradle\8.0.1\dependencies-accessors)" [_thread_blocked, id=15412, stack(0x000000ed4d800000,0x000000ed4d900000)]
  0x000002984631e000 JavaThread "Cache worker for Build Output Cleanup Cache (F:\Scorify\node_modules\@react-native\gradle-plugin\.gradle\buildOutputCleanup)" [_thread_blocked, id=15524, stack(0x000000ed4d400000,0x000000ed4d500000)]
  0x000002984631c800 JavaThread "Unconstrained build operations" [_thread_blocked, id=16792, stack(0x000000ed4d900000,0x000000ed4da00000)]
  0x0000029846318800 JavaThread "Unconstrained build operations Thread 2" [_thread_blocked, id=16800, stack(0x000000ed4da00000,0x000000ed4db00000)]
  0x000002984631f000 JavaThread "Unconstrained build operations Thread 3" [_thread_blocked, id=16824, stack(0x000000ed4db00000,0x000000ed4dc00000)]
  0x000002984631f800 JavaThread "Unconstrained build operations Thread 4" [_thread_blocked, id=16828, stack(0x000000ed4dc00000,0x000000ed4dd00000)]
  0x0000029846320800 JavaThread "Unconstrained build operations Thread 5" [_thread_blocked, id=16832, stack(0x000000ed4dd00000,0x000000ed4de00000)]
  0x0000029846060000 JavaThread "Unconstrained build operations Thread 6" [_thread_blocked, id=16836, stack(0x000000ed4de00000,0x000000ed4df00000)]
  0x0000029846062800 JavaThread "Unconstrained build operations Thread 7" [_thread_blocked, id=16840, stack(0x000000ed4df00000,0x000000ed4e000000)]
  0x0000029846061800 JavaThread "Unconstrained build operations Thread 8" [_thread_blocked, id=16844, stack(0x000000ed4e000000,0x000000ed4e100000)]
  0x000002984605f000 JavaThread "Unconstrained build operations Thread 9" [_thread_blocked, id=16848, stack(0x000000ed4e100000,0x000000ed4e200000)]
  0x000002984605c800 JavaThread "Unconstrained build operations Thread 10" [_thread_blocked, id=16852, stack(0x000000ed4e200000,0x000000ed4e300000)]
  0x0000029846060800 JavaThread "Unconstrained build operations Thread 11" [_thread_blocked, id=16856, stack(0x000000ed4e300000,0x000000ed4e400000)]
  0x0000029846063000 JavaThread "Unconstrained build operations Thread 12" [_thread_blocked, id=16860, stack(0x000000ed4e400000,0x000000ed4e500000)]
  0x000002984605e800 JavaThread "Unconstrained build operations Thread 13" [_thread_blocked, id=16864, stack(0x000000ed4e500000,0x000000ed4e600000)]
  0x000002984605d800 JavaThread "Unconstrained build operations Thread 14" [_thread_blocked, id=16868, stack(0x000000ed4e600000,0x000000ed4e700000)]
  0x0000029846065000 JavaThread "Unconstrained build operations Thread 15" [_thread_blocked, id=16872, stack(0x000000ed4e700000,0x000000ed4e800000)]
  0x0000029846068000 JavaThread "Unconstrained build operations Thread 16" [_thread_blocked, id=16876, stack(0x000000ed4e800000,0x000000ed4e900000)]
  0x0000029846069000 JavaThread "Unconstrained build operations Thread 17" [_thread_blocked, id=16880, stack(0x000000ed4e900000,0x000000ed4ea00000)]
  0x0000029846066800 JavaThread "Unconstrained build operations Thread 18" [_thread_blocked, id=16884, stack(0x000000ed4ea00000,0x000000ed4eb00000)]
  0x0000029846067000 JavaThread "Unconstrained build operations Thread 19" [_thread_blocked, id=16888, stack(0x000000ed4eb00000,0x000000ed4ec00000)]
  0x0000029846069800 JavaThread "Unconstrained build operations Thread 20" [_thread_blocked, id=16892, stack(0x000000ed4ec00000,0x000000ed4ed00000)]
  0x0000029846065800 JavaThread "Unconstrained build operations Thread 21" [_thread_blocked, id=16896, stack(0x000000ed4ed00000,0x000000ed4ee00000)]
  0x0000029846064000 JavaThread "Unconstrained build operations Thread 22" [_thread_blocked, id=16900, stack(0x000000ed4ee00000,0x000000ed4ef00000)]
  0x000002984606a800 JavaThread "Unconstrained build operations Thread 23" [_thread_blocked, id=16904, stack(0x000000ed4ef00000,0x000000ed4f000000)]
  0x000002984606b800 JavaThread "Unconstrained build operations Thread 24" [_thread_blocked, id=16908, stack(0x000000ed4f000000,0x000000ed4f100000)]
  0x00000298450dd000 JavaThread "Unconstrained build operations Thread 25" [_thread_blocked, id=16912, stack(0x000000ed4f100000,0x000000ed4f200000)]
  0x00000298450de000 JavaThread "Unconstrained build operations Thread 26" [_thread_blocked, id=16916, stack(0x000000ed4f200000,0x000000ed4f300000)]
  0x00000298450d8800 JavaThread "Memory manager" [_thread_blocked, id=11412, stack(0x000000ed4f300000,0x000000ed4f400000)]
  0x00000298450df000 JavaThread "Cache worker for Build Output Cleanup Cache (F:\Scorify\android\.gradle\buildOutputCleanup)" [_thread_blocked, id=18092, stack(0x000000ed4d500000,0x000000ed4d600000)]

Other Threads:
  0x000002984305c800 VMThread "VM Thread" [stack: 0x000000ed4b000000,0x000000ed4b100000] [id=14036]
  0x0000029843a76000 WatcherThread [stack: 0x000000ed4ba00000,0x000000ed4bb00000] [id=14492]
  0x0000029822b64800 GCTaskThread "GC Thread#0" [stack: 0x000000ed4ab00000,0x000000ed4ac00000] [id=13984]
  0x0000029843e73000 GCTaskThread "GC Thread#1" [stack: 0x000000ed4bb00000,0x000000ed4bc00000] [id=14676]
  0x0000029843daa800 GCTaskThread "GC Thread#2" [stack: 0x000000ed4bc00000,0x000000ed4bd00000] [id=14680]
  0x0000029843c66800 GCTaskThread "GC Thread#3" [stack: 0x000000ed4bd00000,0x000000ed4be00000] [id=14684]
  0x0000029822b93800 ConcurrentGCThread "G1 Main Marker" [stack: 0x000000ed4ac00000,0x000000ed4ad00000] [id=13988]
  0x0000029822b95000 ConcurrentGCThread "G1 Conc#0" [stack: 0x000000ed4ad00000,0x000000ed4ae00000] [id=13992]
  0x0000029842ece800 ConcurrentGCThread "G1 Refine#0" [stack: 0x000000ed4ae00000,0x000000ed4af00000] [id=13996]
  0x0000029842ecf000 ConcurrentGCThread "G1 Young RemSet Sampling" [stack: 0x000000ed4af00000,0x000000ed4b000000] [id=14000]

Threads with active compile tasks:
C2 CompilerThread0 206678 6564       4       org.gradle.internal.reflect.MethodSet::add (50 bytes)

VM state:not at safepoint (normal execution)

VM Mutex/Monitor currently owned by a thread: None

Heap address: 0x0000000080000000, size: 2048 MB, Compressed Oops mode: 32-bit
Narrow klass base: 0x0000000000000000, Narrow klass shift: 3
Compressed class space size: 528482304 Address: 0x0000000100000000

Heap:
 garbage-first heap   total 262144K, used 130058K [0x0000000080000000, 0x0000000100000000)
  region size 1024K, 100 young (102400K), 17 survivors (17408K)
 Metaspace       used 68477K, capacity 70524K, committed 70708K, reserved 577536K
  class space    used 9009K, capacity 9863K, committed 9932K, reserved 516096K
Heap Regions: E=young(eden), S=young(survivor), O=old, HS=humongous(starts), HC=humongous(continues), CS=collection set, F=free, A=archive, TAMS=top-at-mark-start (previous, next)
|   0|0x0000000080000000, 0x0000000080100000, 0x0000000080100000|100%| O|  |TAMS 0x0000000080100000, 0x0000000080000000| Untracked 
|   1|0x0000000080100000, 0x0000000080200000, 0x0000000080200000|100%| O|  |TAMS 0x0000000080200000, 0x0000000080100000| Untracked 
|   2|0x0000000080200000, 0x0000000080300000, 0x0000000080300000|100%| O|  |TAMS 0x0000000080300000, 0x0000000080200000| Untracked 
|   3|0x0000000080300000, 0x0000000080400000, 0x0000000080400000|100%|HS|  |TAMS 0x0000000080400000, 0x0000000080300000| Complete 
|   4|0x0000000080400000, 0x0000000080500000, 0x0000000080500000|100%|HC|  |TAMS 0x0000000080500000, 0x0000000080400000| Complete 
|   5|0x0000000080500000, 0x0000000080600000, 0x0000000080600000|100%|HC|  |TAMS 0x0000000080600000, 0x0000000080500000| Complete 
|   6|0x0000000080600000, 0x0000000080700000, 0x0000000080700000|100%|HC|  |TAMS 0x0000000080700000, 0x0000000080600000| Complete 
|   7|0x0000000080700000, 0x0000000080800000, 0x0000000080800000|100%| O|  |TAMS 0x0000000080800000, 0x0000000080700000| Untracked 
|   8|0x0000000080800000, 0x0000000080900000, 0x0000000080900000|100%| O|  |TAMS 0x0000000080900000, 0x0000000080800000| Untracked 
|   9|0x0000000080900000, 0x0000000080a00000, 0x0000000080a00000|100%| O|  |TAMS 0x0000000080a00000, 0x0000000080900000| Untracked 
|  10|0x0000000080a00000, 0x0000000080b00000, 0x0000000080b00000|100%| O|  |TAMS 0x0000000080b00000, 0x0000000080a00000| Untracked 
|  11|0x0000000080b00000, 0x0000000080c00000, 0x0000000080c00000|100%| O|  |TAMS 0x0000000080c00000, 0x0000000080b00000| Untracked 
|  12|0x0000000080c00000, 0x0000000080d00000, 0x0000000080d00000|100%| O|  |TAMS 0x0000000080d00000, 0x0000000080c00000| Untracked 
|  13|0x0000000080d00000, 0x0000000080e00000, 0x0000000080e00000|100%| O|  |TAMS 0x0000000080e00000, 0x0000000080d00000| Untracked 
|  14|0x0000000080e00000, 0x0000000080f00000, 0x0000000080f00000|100%| O|  |TAMS 0x0000000080f00000, 0x0000000080e00000| Untracked 
|  15|0x0000000080f00000, 0x0000000081000000, 0x0000000081000000|100%| O|  |TAMS 0x0000000081000000, 0x0000000080f00000| Untracked 
|  16|0x0000000081000000, 0x0000000081100000, 0x0000000081100000|100%| O|  |TAMS 0x0000000081100000, 0x0000000081000000| Untracked 
|  17|0x0000000081100000, 0x0000000081200000, 0x0000000081200000|100%| O|  |TAMS 0x000000008110ee00, 0x0000000081100000| Untracked 
|  18|0x0000000081200000, 0x0000000081200000, 0x0000000081300000|  0%| F|  |TAMS 0x0000000081200000, 0x0000000081200000| Untracked 
|  19|0x0000000081300000, 0x0000000081400000, 0x0000000081400000|100%| O|  |TAMS 0x0000000081300000, 0x0000000081300000| Untracked 
|  20|0x0000000081400000, 0x0000000081500000, 0x0000000081500000|100%| O|  |TAMS 0x0000000081400000, 0x0000000081400000| Untracked 
|  21|0x0000000081500000, 0x0000000081600000, 0x0000000081600000|100%| O|  |TAMS 0x0000000081500000, 0x0000000081500000| Untracked 
|  22|0x0000000081600000, 0x0000000081700000, 0x0000000081700000|100%| O|  |TAMS 0x0000000081600000, 0x0000000081600000| Untracked 
|  23|0x0000000081700000, 0x000000008178cc00, 0x0000000081800000| 54%| O|  |TAMS 0x0000000081700000, 0x0000000081700000| Untracked 
|  24|0x0000000081800000, 0x0000000081900000, 0x0000000081900000|100%|HS|  |TAMS 0x0000000081800000, 0x0000000081800000| Complete 
|  25|0x0000000081900000, 0x0000000081a00000, 0x0000000081a00000|100%|HC|  |TAMS 0x0000000081900000, 0x0000000081900000| Complete 
|  26|0x0000000081a00000, 0x0000000081b00000, 0x0000000081b00000|100%|HS|  |TAMS 0x0000000081a00000, 0x0000000081a00000| Complete 
|  27|0x0000000081b00000, 0x0000000081c00000, 0x0000000081c00000|100%|HC|  |TAMS 0x0000000081b00000, 0x0000000081b00000| Complete 
|  28|0x0000000081c00000, 0x0000000081d00000, 0x0000000081d00000|100%|HC|  |TAMS 0x0000000081c00000, 0x0000000081c00000| Complete 
|  29|0x0000000081d00000, 0x0000000081e00000, 0x0000000081e00000|100%|HC|  |TAMS 0x0000000081d00000, 0x0000000081d00000| Complete 
|  30|0x0000000081e00000, 0x0000000081e00000, 0x0000000081f00000|  0%| F|  |TAMS 0x0000000081e00000, 0x0000000081e00000| Untracked 
|  31|0x0000000081f00000, 0x0000000081f00000, 0x0000000082000000|  0%| F|  |TAMS 0x0000000081f00000, 0x0000000081f00000| Untracked 
|  32|0x0000000082000000, 0x0000000082000000, 0x0000000082100000|  0%| F|  |TAMS 0x0000000082000000, 0x0000000082000000| Untracked 
|  33|0x0000000082100000, 0x0000000082100000, 0x0000000082200000|  0%| F|  |TAMS 0x0000000082100000, 0x0000000082100000| Untracked 
|  34|0x0000000082200000, 0x0000000082200000, 0x0000000082300000|  0%| F|  |TAMS 0x0000000082200000, 0x0000000082200000| Untracked 
|  35|0x0000000082300000, 0x0000000082300000, 0x0000000082400000|  0%| F|  |TAMS 0x0000000082300000, 0x0000000082300000| Untracked 
|  36|0x0000000082400000, 0x0000000082400000, 0x0000000082500000|  0%| F|  |TAMS 0x0000000082400000, 0x0000000082400000| Untracked 
|  37|0x0000000082500000, 0x0000000082500000, 0x0000000082600000|  0%| F|  |TAMS 0x0000000082500000, 0x0000000082500000| Untracked 
|  38|0x0000000082600000, 0x0000000082600000, 0x0000000082700000|  0%| F|  |TAMS 0x0000000082600000, 0x0000000082600000| Untracked 
|  39|0x0000000082700000, 0x0000000082700000, 0x0000000082800000|  0%| F|  |TAMS 0x0000000082700000, 0x0000000082700000| Untracked 
|  40|0x0000000082800000, 0x0000000082800000, 0x0000000082900000|  0%| F|  |TAMS 0x0000000082800000, 0x0000000082800000| Untracked 
|  41|0x0000000082900000, 0x0000000082900000, 0x0000000082a00000|  0%| F|  |TAMS 0x0000000082900000, 0x0000000082900000| Untracked 
|  42|0x0000000082a00000, 0x0000000082a00000, 0x0000000082b00000|  0%| F|  |TAMS 0x0000000082a00000, 0x0000000082a00000| Untracked 
|  43|0x0000000082b00000, 0x0000000082b00000, 0x0000000082c00000|  0%| F|  |TAMS 0x0000000082b00000, 0x0000000082b00000| Untracked 
|  44|0x0000000082c00000, 0x0000000082c00000, 0x0000000082d00000|  0%| F|  |TAMS 0x0000000082c00000, 0x0000000082c00000| Untracked 
|  45|0x0000000082d00000, 0x0000000082d00000, 0x0000000082e00000|  0%| F|  |TAMS 0x0000000082d00000, 0x0000000082d00000| Untracked 
|  46|0x0000000082e00000, 0x0000000082e00000, 0x0000000082f00000|  0%| F|  |TAMS 0x0000000082e00000, 0x0000000082e00000| Untracked 
|  47|0x0000000082f00000, 0x0000000082f00000, 0x0000000083000000|  0%| F|  |TAMS 0x0000000082f00000, 0x0000000082f00000| Untracked 
|  48|0x0000000083000000, 0x0000000083000000, 0x0000000083100000|  0%| F|  |TAMS 0x0000000083000000, 0x0000000083000000| Untracked 
|  49|0x0000000083100000, 0x0000000083100000, 0x0000000083200000|  0%| F|  |TAMS 0x0000000083100000, 0x0000000083100000| Untracked 
|  50|0x0000000083200000, 0x0000000083200000, 0x0000000083300000|  0%| F|  |TAMS 0x0000000083200000, 0x0000000083200000| Untracked 
|  51|0x0000000083300000, 0x0000000083300000, 0x0000000083400000|  0%| F|  |TAMS 0x0000000083300000, 0x0000000083300000| Untracked 
|  52|0x0000000083400000, 0x0000000083400000, 0x0000000083500000|  0%| F|  |TAMS 0x0000000083400000, 0x0000000083400000| Untracked 
|  53|0x0000000083500000, 0x0000000083500000, 0x0000000083600000|  0%| F|  |TAMS 0x0000000083500000, 0x0000000083500000| Untracked 
|  54|0x0000000083600000, 0x0000000083600000, 0x0000000083700000|  0%| F|  |TAMS 0x0000000083600000, 0x0000000083600000| Untracked 
|  55|0x0000000083700000, 0x0000000083700000, 0x0000000083800000|  0%| F|  |TAMS 0x0000000083700000, 0x0000000083700000| Untracked 
|  56|0x0000000083800000, 0x0000000083800000, 0x0000000083900000|  0%| F|  |TAMS 0x0000000083800000, 0x0000000083800000| Untracked 
|  57|0x0000000083900000, 0x0000000083900000, 0x0000000083a00000|  0%| F|  |TAMS 0x0000000083900000, 0x0000000083900000| Untracked 
|  58|0x0000000083a00000, 0x0000000083a00000, 0x0000000083b00000|  0%| F|  |TAMS 0x0000000083a00000, 0x0000000083a00000| Untracked 
|  59|0x0000000083b00000, 0x0000000083b00000, 0x0000000083c00000|  0%| F|  |TAMS 0x0000000083b00000, 0x0000000083b00000| Untracked 
|  60|0x0000000083c00000, 0x0000000083c00000, 0x0000000083d00000|  0%| F|  |TAMS 0x0000000083c00000, 0x0000000083c00000| Untracked 
|  61|0x0000000083d00000, 0x0000000083d00000, 0x0000000083e00000|  0%| F|  |TAMS 0x0000000083d00000, 0x0000000083d00000| Untracked 
|  62|0x0000000083e00000, 0x0000000083e00000, 0x0000000083f00000|  0%| F|  |TAMS 0x0000000083e00000, 0x0000000083e00000| Untracked 
|  63|0x0000000083f00000, 0x0000000083f00000, 0x0000000084000000|  0%| F|  |TAMS 0x0000000083f00000, 0x0000000083f00000| Untracked 
|  64|0x0000000084000000, 0x0000000084000000, 0x0000000084100000|  0%| F|  |TAMS 0x0000000084000000, 0x0000000084000000| Untracked 
|  65|0x0000000084100000, 0x0000000084100000, 0x0000000084200000|  0%| F|  |TAMS 0x0000000084100000, 0x0000000084100000| Untracked 
|  66|0x0000000084200000, 0x0000000084200000, 0x0000000084300000|  0%| F|  |TAMS 0x0000000084200000, 0x0000000084200000| Untracked 
|  67|0x0000000084300000, 0x0000000084300000, 0x0000000084400000|  0%| F|  |TAMS 0x0000000084300000, 0x0000000084300000| Untracked 
|  68|0x0000000084400000, 0x0000000084400000, 0x0000000084500000|  0%| F|  |TAMS 0x0000000084400000, 0x0000000084400000| Untracked 
|  69|0x0000000084500000, 0x0000000084500000, 0x0000000084600000|  0%| F|  |TAMS 0x0000000084500000, 0x0000000084500000| Untracked 
|  70|0x0000000084600000, 0x0000000084600000, 0x0000000084700000|  0%| F|  |TAMS 0x0000000084600000, 0x0000000084600000| Untracked 
|  71|0x0000000084700000, 0x0000000084700000, 0x0000000084800000|  0%| F|  |TAMS 0x0000000084700000, 0x0000000084700000| Untracked 
|  72|0x0000000084800000, 0x0000000084800000, 0x0000000084900000|  0%| F|  |TAMS 0x0000000084800000, 0x0000000084800000| Untracked 
|  73|0x0000000084900000, 0x0000000084900000, 0x0000000084a00000|  0%| F|  |TAMS 0x0000000084900000, 0x0000000084900000| Untracked 
|  74|0x0000000084a00000, 0x0000000084a00000, 0x0000000084b00000|  0%| F|  |TAMS 0x0000000084a00000, 0x0000000084a00000| Untracked 
|  75|0x0000000084b00000, 0x0000000084b00000, 0x0000000084c00000|  0%| F|  |TAMS 0x0000000084b00000, 0x0000000084b00000| Untracked 
|  76|0x0000000084c00000, 0x0000000084c00000, 0x0000000084d00000|  0%| F|  |TAMS 0x0000000084c00000, 0x0000000084c00000| Untracked 
|  77|0x0000000084d00000, 0x0000000084d00000, 0x0000000084e00000|  0%| F|  |TAMS 0x0000000084d00000, 0x0000000084d00000| Untracked 
|  78|0x0000000084e00000, 0x0000000084e00000, 0x0000000084f00000|  0%| F|  |TAMS 0x0000000084e00000, 0x0000000084e00000| Untracked 
|  79|0x0000000084f00000, 0x0000000084f00000, 0x0000000085000000|  0%| F|  |TAMS 0x0000000084f00000, 0x0000000084f00000| Untracked 
|  80|0x0000000085000000, 0x0000000085000000, 0x0000000085100000|  0%| F|  |TAMS 0x0000000085000000, 0x0000000085000000| Untracked 
|  81|0x0000000085100000, 0x0000000085100000, 0x0000000085200000|  0%| F|  |TAMS 0x0000000085100000, 0x0000000085100000| Untracked 
|  82|0x0000000085200000, 0x0000000085200000, 0x0000000085300000|  0%| F|  |TAMS 0x0000000085200000, 0x0000000085200000| Untracked 
|  83|0x0000000085300000, 0x0000000085300000, 0x0000000085400000|  0%| F|  |TAMS 0x0000000085300000, 0x0000000085300000| Untracked 
|  84|0x0000000085400000, 0x0000000085400000, 0x0000000085500000|  0%| F|  |TAMS 0x0000000085400000, 0x0000000085400000| Untracked 
|  85|0x0000000085500000, 0x0000000085500000, 0x0000000085600000|  0%| F|  |TAMS 0x0000000085500000, 0x0000000085500000| Untracked 
|  86|0x0000000085600000, 0x0000000085675fb0, 0x0000000085700000| 46%| S|CS|TAMS 0x0000000085600000, 0x0000000085600000| Complete 
|  87|0x0000000085700000, 0x0000000085800000, 0x0000000085800000|100%| S|CS|TAMS 0x0000000085700000, 0x0000000085700000| Complete 
|  88|0x0000000085800000, 0x0000000085900000, 0x0000000085900000|100%| S|CS|TAMS 0x0000000085800000, 0x0000000085800000| Complete 
|  89|0x0000000085900000, 0x0000000085a00000, 0x0000000085a00000|100%| S|CS|TAMS 0x0000000085900000, 0x0000000085900000| Complete 
|  90|0x0000000085a00000, 0x0000000085b00000, 0x0000000085b00000|100%| S|CS|TAMS 0x0000000085a00000, 0x0000000085a00000| Complete 
|  91|0x0000000085b00000, 0x0000000085c00000, 0x0000000085c00000|100%| S|CS|TAMS 0x0000000085b00000, 0x0000000085b00000| Complete 
|  92|0x0000000085c00000, 0x0000000085d00000, 0x0000000085d00000|100%| S|CS|TAMS 0x0000000085c00000, 0x0000000085c00000| Complete 
|  93|0x0000000085d00000, 0x0000000085e00000, 0x0000000085e00000|100%| S|CS|TAMS 0x0000000085d00000, 0x0000000085d00000| Complete 
|  94|0x0000000085e00000, 0x0000000085f00000, 0x0000000085f00000|100%| S|CS|TAMS 0x0000000085e00000, 0x0000000085e00000| Complete 
|  95|0x0000000085f00000, 0x0000000086000000, 0x0000000086000000|100%| S|CS|TAMS 0x0000000085f00000, 0x0000000085f00000| Complete 
|  96|0x0000000086000000, 0x0000000086100000, 0x0000000086100000|100%| S|CS|TAMS 0x0000000086000000, 0x0000000086000000| Complete 
|  97|0x0000000086100000, 0x0000000086200000, 0x0000000086200000|100%| S|CS|TAMS 0x0000000086100000, 0x0000000086100000| Complete 
|  98|0x0000000086200000, 0x0000000086300000, 0x0000000086300000|100%| S|CS|TAMS 0x0000000086200000, 0x0000000086200000| Complete 
|  99|0x0000000086300000, 0x0000000086400000, 0x0000000086400000|100%| S|CS|TAMS 0x0000000086300000, 0x0000000086300000| Complete 
| 100|0x0000000086400000, 0x0000000086500000, 0x0000000086500000|100%| S|CS|TAMS 0x0000000086400000, 0x0000000086400000| Complete 
| 101|0x0000000086500000, 0x0000000086600000, 0x0000000086600000|100%| S|CS|TAMS 0x0000000086500000, 0x0000000086500000| Complete 
| 102|0x0000000086600000, 0x0000000086700000, 0x0000000086700000|100%| S|CS|TAMS 0x0000000086600000, 0x0000000086600000| Complete 
| 103|0x0000000086700000, 0x0000000086700000, 0x0000000086800000|  0%| F|  |TAMS 0x0000000086700000, 0x0000000086700000| Untracked 
| 104|0x0000000086800000, 0x0000000086800000, 0x0000000086900000|  0%| F|  |TAMS 0x0000000086800000, 0x0000000086800000| Untracked 
| 105|0x0000000086900000, 0x0000000086900000, 0x0000000086a00000|  0%| F|  |TAMS 0x0000000086900000, 0x0000000086900000| Untracked 
| 106|0x0000000086a00000, 0x0000000086a00000, 0x0000000086b00000|  0%| F|  |TAMS 0x0000000086a00000, 0x0000000086a00000| Untracked 
| 107|0x0000000086b00000, 0x0000000086b00000, 0x0000000086c00000|  0%| F|  |TAMS 0x0000000086b00000, 0x0000000086b00000| Untracked 
| 108|0x0000000086c00000, 0x0000000086c00000, 0x0000000086d00000|  0%| F|  |TAMS 0x0000000086c00000, 0x0000000086c00000| Untracked 
| 109|0x0000000086d00000, 0x0000000086d00000, 0x0000000086e00000|  0%| F|  |TAMS 0x0000000086d00000, 0x0000000086d00000| Untracked 
| 110|0x0000000086e00000, 0x0000000086e00000, 0x0000000086f00000|  0%| F|  |TAMS 0x0000000086e00000, 0x0000000086e00000| Untracked 
| 111|0x0000000086f00000, 0x0000000086f00000, 0x0000000087000000|  0%| F|  |TAMS 0x0000000086f00000, 0x0000000086f00000| Untracked 
| 112|0x0000000087000000, 0x0000000087000000, 0x0000000087100000|  0%| F|  |TAMS 0x0000000087000000, 0x0000000087000000| Untracked 
| 113|0x0000000087100000, 0x0000000087100000, 0x0000000087200000|  0%| F|  |TAMS 0x0000000087100000, 0x0000000087100000| Untracked 
| 114|0x0000000087200000, 0x0000000087200000, 0x0000000087300000|  0%| F|  |TAMS 0x0000000087200000, 0x0000000087200000| Untracked 
| 115|0x0000000087300000, 0x0000000087300000, 0x0000000087400000|  0%| F|  |TAMS 0x0000000087300000, 0x0000000087300000| Untracked 
| 116|0x0000000087400000, 0x0000000087400000, 0x0000000087500000|  0%| F|  |TAMS 0x0000000087400000, 0x0000000087400000| Untracked 
| 117|0x0000000087500000, 0x0000000087500000, 0x0000000087600000|  0%| F|  |TAMS 0x0000000087500000, 0x0000000087500000| Untracked 
| 118|0x0000000087600000, 0x0000000087600000, 0x0000000087700000|  0%| F|  |TAMS 0x0000000087600000, 0x0000000087600000| Untracked 
| 119|0x0000000087700000, 0x0000000087700000, 0x0000000087800000|  0%| F|  |TAMS 0x0000000087700000, 0x0000000087700000| Untracked 
| 120|0x0000000087800000, 0x0000000087800000, 0x0000000087900000|  0%| F|  |TAMS 0x0000000087800000, 0x0000000087800000| Untracked 
| 121|0x0000000087900000, 0x0000000087900000, 0x0000000087a00000|  0%| F|  |TAMS 0x0000000087900000, 0x0000000087900000| Untracked 
| 122|0x0000000087a00000, 0x0000000087a00000, 0x0000000087b00000|  0%| F|  |TAMS 0x0000000087a00000, 0x0000000087a00000| Untracked 
| 123|0x0000000087b00000, 0x0000000087b00000, 0x0000000087c00000|  0%| F|  |TAMS 0x0000000087b00000, 0x0000000087b00000| Untracked 
| 124|0x0000000087c00000, 0x0000000087c00000, 0x0000000087d00000|  0%| F|  |TAMS 0x0000000087c00000, 0x0000000087c00000| Untracked 
| 125|0x0000000087d00000, 0x0000000087d00000, 0x0000000087e00000|  0%| F|  |TAMS 0x0000000087d00000, 0x0000000087d00000| Untracked 
| 126|0x0000000087e00000, 0x0000000087e00000, 0x0000000087f00000|  0%| F|  |TAMS 0x0000000087e00000, 0x0000000087e00000| Untracked 
| 127|0x0000000087f00000, 0x0000000087f00000, 0x0000000088000000|  0%| F|  |TAMS 0x0000000087f00000, 0x0000000087f00000| Untracked 
| 128|0x0000000088000000, 0x0000000088000000, 0x0000000088100000|  0%| F|  |TAMS 0x0000000088000000, 0x0000000088000000| Untracked 
| 129|0x0000000088100000, 0x0000000088100000, 0x0000000088200000|  0%| F|  |TAMS 0x0000000088100000, 0x0000000088100000| Untracked 
| 130|0x0000000088200000, 0x0000000088200000, 0x0000000088300000|  0%| F|  |TAMS 0x0000000088200000, 0x0000000088200000| Untracked 
| 131|0x0000000088300000, 0x0000000088300000, 0x0000000088400000|  0%| F|  |TAMS 0x0000000088300000, 0x0000000088300000| Untracked 
| 132|0x0000000088400000, 0x0000000088400000, 0x0000000088500000|  0%| F|  |TAMS 0x0000000088400000, 0x0000000088400000| Untracked 
| 133|0x0000000088500000, 0x0000000088500000, 0x0000000088600000|  0%| F|  |TAMS 0x0000000088500000, 0x0000000088500000| Untracked 
| 134|0x0000000088600000, 0x0000000088600000, 0x0000000088700000|  0%| F|  |TAMS 0x0000000088600000, 0x0000000088600000| Untracked 
| 135|0x0000000088700000, 0x0000000088700000, 0x0000000088800000|  0%| F|  |TAMS 0x0000000088700000, 0x0000000088700000| Untracked 
| 136|0x0000000088800000, 0x0000000088800000, 0x0000000088900000|  0%| F|  |TAMS 0x0000000088800000, 0x0000000088800000| Untracked 
| 137|0x0000000088900000, 0x0000000088900000, 0x0000000088a00000|  0%| F|  |TAMS 0x0000000088900000, 0x0000000088900000| Untracked 
| 138|0x0000000088a00000, 0x0000000088a00000, 0x0000000088b00000|  0%| F|  |TAMS 0x0000000088a00000, 0x0000000088a00000| Untracked 
| 139|0x0000000088b00000, 0x0000000088b00000, 0x0000000088c00000|  0%| F|  |TAMS 0x0000000088b00000, 0x0000000088b00000| Untracked 
| 140|0x0000000088c00000, 0x0000000088c00000, 0x0000000088d00000|  0%| F|  |TAMS 0x0000000088c00000, 0x0000000088c00000| Untracked 
| 141|0x0000000088d00000, 0x0000000088d00000, 0x0000000088e00000|  0%| F|  |TAMS 0x0000000088d00000, 0x0000000088d00000| Untracked 
| 142|0x0000000088e00000, 0x0000000088e00000, 0x0000000088f00000|  0%| F|  |TAMS 0x0000000088e00000, 0x0000000088e00000| Untracked 
| 143|0x0000000088f00000, 0x0000000088f00000, 0x0000000089000000|  0%| F|  |TAMS 0x0000000088f00000, 0x0000000088f00000| Untracked 
| 144|0x0000000089000000, 0x0000000089000000, 0x0000000089100000|  0%| F|  |TAMS 0x0000000089000000, 0x0000000089000000| Untracked 
| 145|0x0000000089100000, 0x0000000089100000, 0x0000000089200000|  0%| F|  |TAMS 0x0000000089100000, 0x0000000089100000| Untracked 
| 146|0x0000000089200000, 0x0000000089200000, 0x0000000089300000|  0%| F|  |TAMS 0x0000000089200000, 0x0000000089200000| Untracked 
| 147|0x0000000089300000, 0x0000000089300000, 0x0000000089400000|  0%| F|  |TAMS 0x0000000089300000, 0x0000000089300000| Untracked 
| 148|0x0000000089400000, 0x0000000089400000, 0x0000000089500000|  0%| F|  |TAMS 0x0000000089400000, 0x0000000089400000| Untracked 
| 149|0x0000000089500000, 0x0000000089500000, 0x0000000089600000|  0%| F|  |TAMS 0x0000000089500000, 0x0000000089500000| Untracked 
| 150|0x0000000089600000, 0x0000000089600000, 0x0000000089700000|  0%| F|  |TAMS 0x0000000089600000, 0x0000000089600000| Untracked 
| 151|0x0000000089700000, 0x0000000089700000, 0x0000000089800000|  0%| F|  |TAMS 0x0000000089700000, 0x0000000089700000| Untracked 
| 152|0x0000000089800000, 0x0000000089800000, 0x0000000089900000|  0%| F|  |TAMS 0x0000000089800000, 0x0000000089800000| Untracked 
| 153|0x0000000089900000, 0x0000000089900000, 0x0000000089a00000|  0%| F|  |TAMS 0x0000000089900000, 0x0000000089900000| Untracked 
| 154|0x0000000089a00000, 0x0000000089a00000, 0x0000000089b00000|  0%| F|  |TAMS 0x0000000089a00000, 0x0000000089a00000| Untracked 
| 155|0x0000000089b00000, 0x0000000089b00000, 0x0000000089c00000|  0%| F|  |TAMS 0x0000000089b00000, 0x0000000089b00000| Untracked 
| 156|0x0000000089c00000, 0x0000000089c00000, 0x0000000089d00000|  0%| F|  |TAMS 0x0000000089c00000, 0x0000000089c00000| Untracked 
| 157|0x0000000089d00000, 0x0000000089d00000, 0x0000000089e00000|  0%| F|  |TAMS 0x0000000089d00000, 0x0000000089d00000| Untracked 
| 158|0x0000000089e00000, 0x0000000089e00000, 0x0000000089f00000|  0%| F|  |TAMS 0x0000000089e00000, 0x0000000089e00000| Untracked 
| 159|0x0000000089f00000, 0x0000000089f00000, 0x000000008a000000|  0%| F|  |TAMS 0x0000000089f00000, 0x0000000089f00000| Untracked 
| 160|0x000000008a000000, 0x000000008a000000, 0x000000008a100000|  0%| F|  |TAMS 0x000000008a000000, 0x000000008a000000| Untracked 
| 161|0x000000008a100000, 0x000000008a100000, 0x000000008a200000|  0%| F|  |TAMS 0x000000008a100000, 0x000000008a100000| Untracked 
| 162|0x000000008a200000, 0x000000008a200000, 0x000000008a300000|  0%| F|  |TAMS 0x000000008a200000, 0x000000008a200000| Untracked 
| 163|0x000000008a300000, 0x000000008a300000, 0x000000008a400000|  0%| F|  |TAMS 0x000000008a300000, 0x000000008a300000| Untracked 
| 164|0x000000008a400000, 0x000000008a400000, 0x000000008a500000|  0%| F|  |TAMS 0x000000008a400000, 0x000000008a400000| Untracked 
| 165|0x000000008a500000, 0x000000008a500000, 0x000000008a600000|  0%| F|  |TAMS 0x000000008a500000, 0x000000008a500000| Untracked 
| 166|0x000000008a600000, 0x000000008a600000, 0x000000008a700000|  0%| F|  |TAMS 0x000000008a600000, 0x000000008a600000| Untracked 
| 167|0x000000008a700000, 0x000000008a700000, 0x000000008a800000|  0%| F|  |TAMS 0x000000008a700000, 0x000000008a700000| Untracked 
| 168|0x000000008a800000, 0x000000008a800000, 0x000000008a900000|  0%| F|  |TAMS 0x000000008a800000, 0x000000008a800000| Untracked 
| 169|0x000000008a900000, 0x000000008a900000, 0x000000008aa00000|  0%| F|  |TAMS 0x000000008a900000, 0x000000008a900000| Untracked 
| 170|0x000000008aa00000, 0x000000008aa00000, 0x000000008ab00000|  0%| F|  |TAMS 0x000000008aa00000, 0x000000008aa00000| Untracked 
| 171|0x000000008ab00000, 0x000000008ab00000, 0x000000008ac00000|  0%| F|  |TAMS 0x000000008ab00000, 0x000000008ab00000| Untracked 
| 172|0x000000008ac00000, 0x000000008ac00000, 0x000000008ad00000|  0%| F|  |TAMS 0x000000008ac00000, 0x000000008ac00000| Untracked 
| 173|0x000000008ad00000, 0x000000008ae00000, 0x000000008ae00000|100%| E|  |TAMS 0x000000008ad00000, 0x000000008ad00000| Complete 
| 174|0x000000008ae00000, 0x000000008af00000, 0x000000008af00000|100%| E|CS|TAMS 0x000000008ae00000, 0x000000008ae00000| Complete 
| 175|0x000000008af00000, 0x000000008b000000, 0x000000008b000000|100%| E|CS|TAMS 0x000000008af00000, 0x000000008af00000| Complete 
| 176|0x000000008b000000, 0x000000008b100000, 0x000000008b100000|100%| E|CS|TAMS 0x000000008b000000, 0x000000008b000000| Complete 
| 177|0x000000008b100000, 0x000000008b200000, 0x000000008b200000|100%| E|CS|TAMS 0x000000008b100000, 0x000000008b100000| Complete 
| 178|0x000000008b200000, 0x000000008b300000, 0x000000008b300000|100%| E|CS|TAMS 0x000000008b200000, 0x000000008b200000| Complete 
| 179|0x000000008b300000, 0x000000008b400000, 0x000000008b400000|100%| E|CS|TAMS 0x000000008b300000, 0x000000008b300000| Complete 
| 180|0x000000008b400000, 0x000000008b500000, 0x000000008b500000|100%| E|CS|TAMS 0x000000008b400000, 0x000000008b400000| Complete 
| 181|0x000000008b500000, 0x000000008b600000, 0x000000008b600000|100%| E|CS|TAMS 0x000000008b500000, 0x000000008b500000| Complete 
| 182|0x000000008b600000, 0x000000008b700000, 0x000000008b700000|100%| E|CS|TAMS 0x000000008b600000, 0x000000008b600000| Complete 
| 183|0x000000008b700000, 0x000000008b800000, 0x000000008b800000|100%| E|CS|TAMS 0x000000008b700000, 0x000000008b700000| Complete 
| 184|0x000000008b800000, 0x000000008b900000, 0x000000008b900000|100%| E|CS|TAMS 0x000000008b800000, 0x000000008b800000| Complete 
| 185|0x000000008b900000, 0x000000008ba00000, 0x000000008ba00000|100%| E|CS|TAMS 0x000000008b900000, 0x000000008b900000| Complete 
| 186|0x000000008ba00000, 0x000000008bb00000, 0x000000008bb00000|100%| E|CS|TAMS 0x000000008ba00000, 0x000000008ba00000| Complete 
| 187|0x000000008bb00000, 0x000000008bc00000, 0x000000008bc00000|100%| E|CS|TAMS 0x000000008bb00000, 0x000000008bb00000| Complete 
| 188|0x000000008bc00000, 0x000000008bd00000, 0x000000008bd00000|100%| E|CS|TAMS 0x000000008bc00000, 0x000000008bc00000| Complete 
| 189|0x000000008bd00000, 0x000000008be00000, 0x000000008be00000|100%| E|CS|TAMS 0x000000008bd00000, 0x000000008bd00000| Complete 
| 190|0x000000008be00000, 0x000000008bf00000, 0x000000008bf00000|100%| E|CS|TAMS 0x000000008be00000, 0x000000008be00000| Complete 
| 191|0x000000008bf00000, 0x000000008c000000, 0x000000008c000000|100%| E|CS|TAMS 0x000000008bf00000, 0x000000008bf00000| Complete 
| 192|0x000000008c000000, 0x000000008c100000, 0x000000008c100000|100%| E|CS|TAMS 0x000000008c000000, 0x000000008c000000| Complete 
| 193|0x000000008c100000, 0x000000008c200000, 0x000000008c200000|100%| E|CS|TAMS 0x000000008c100000, 0x000000008c100000| Complete 
| 194|0x000000008c200000, 0x000000008c300000, 0x000000008c300000|100%| E|CS|TAMS 0x000000008c200000, 0x000000008c200000| Complete 
| 195|0x000000008c300000, 0x000000008c400000, 0x000000008c400000|100%| E|CS|TAMS 0x000000008c300000, 0x000000008c300000| Complete 
| 196|0x000000008c400000, 0x000000008c500000, 0x000000008c500000|100%| E|CS|TAMS 0x000000008c400000, 0x000000008c400000| Complete 
| 197|0x000000008c500000, 0x000000008c600000, 0x000000008c600000|100%| E|CS|TAMS 0x000000008c500000, 0x000000008c500000| Complete 
| 198|0x000000008c600000, 0x000000008c700000, 0x000000008c700000|100%| E|CS|TAMS 0x000000008c600000, 0x000000008c600000| Complete 
| 199|0x000000008c700000, 0x000000008c800000, 0x000000008c800000|100%| E|CS|TAMS 0x000000008c700000, 0x000000008c700000| Complete 
| 200|0x000000008c800000, 0x000000008c900000, 0x000000008c900000|100%| E|CS|TAMS 0x000000008c800000, 0x000000008c800000| Complete 
| 201|0x000000008c900000, 0x000000008ca00000, 0x000000008ca00000|100%| E|CS|TAMS 0x000000008c900000, 0x000000008c900000| Complete 
| 202|0x000000008ca00000, 0x000000008cb00000, 0x000000008cb00000|100%| E|CS|TAMS 0x000000008ca00000, 0x000000008ca00000| Complete 
| 203|0x000000008cb00000, 0x000000008cc00000, 0x000000008cc00000|100%| E|CS|TAMS 0x000000008cb00000, 0x000000008cb00000| Complete 
| 204|0x000000008cc00000, 0x000000008cd00000, 0x000000008cd00000|100%| E|CS|TAMS 0x000000008cc00000, 0x000000008cc00000| Complete 
| 205|0x000000008cd00000, 0x000000008ce00000, 0x000000008ce00000|100%| E|CS|TAMS 0x000000008cd00000, 0x000000008cd00000| Complete 
| 206|0x000000008ce00000, 0x000000008cf00000, 0x000000008cf00000|100%| E|CS|TAMS 0x000000008ce00000, 0x000000008ce00000| Complete 
| 207|0x000000008cf00000, 0x000000008d000000, 0x000000008d000000|100%| E|CS|TAMS 0x000000008cf00000, 0x000000008cf00000| Complete 
| 208|0x000000008d000000, 0x000000008d100000, 0x000000008d100000|100%| E|CS|TAMS 0x000000008d000000, 0x000000008d000000| Complete 
| 209|0x000000008d100000, 0x000000008d200000, 0x000000008d200000|100%| E|CS|TAMS 0x000000008d100000, 0x000000008d100000| Complete 
| 210|0x000000008d200000, 0x000000008d300000, 0x000000008d300000|100%| E|CS|TAMS 0x000000008d200000, 0x000000008d200000| Complete 
| 211|0x000000008d300000, 0x000000008d400000, 0x000000008d400000|100%| E|CS|TAMS 0x000000008d300000, 0x000000008d300000| Complete 
| 212|0x000000008d400000, 0x000000008d500000, 0x000000008d500000|100%| E|CS|TAMS 0x000000008d400000, 0x000000008d400000| Complete 
| 213|0x000000008d500000, 0x000000008d600000, 0x000000008d600000|100%| E|CS|TAMS 0x000000008d500000, 0x000000008d500000| Complete 
| 214|0x000000008d600000, 0x000000008d700000, 0x000000008d700000|100%| E|CS|TAMS 0x000000008d600000, 0x000000008d600000| Complete 
| 215|0x000000008d700000, 0x000000008d800000, 0x000000008d800000|100%| E|CS|TAMS 0x000000008d700000, 0x000000008d700000| Complete 
| 216|0x000000008d800000, 0x000000008d900000, 0x000000008d900000|100%| E|CS|TAMS 0x000000008d800000, 0x000000008d800000| Complete 
| 217|0x000000008d900000, 0x000000008da00000, 0x000000008da00000|100%| E|CS|TAMS 0x000000008d900000, 0x000000008d900000| Complete 
| 218|0x000000008da00000, 0x000000008db00000, 0x000000008db00000|100%| E|CS|TAMS 0x000000008da00000, 0x000000008da00000| Complete 
| 219|0x000000008db00000, 0x000000008dc00000, 0x000000008dc00000|100%| E|CS|TAMS 0x000000008db00000, 0x000000008db00000| Complete 
| 220|0x000000008dc00000, 0x000000008dd00000, 0x000000008dd00000|100%| E|CS|TAMS 0x000000008dc00000, 0x000000008dc00000| Complete 
| 221|0x000000008dd00000, 0x000000008de00000, 0x000000008de00000|100%| E|CS|TAMS 0x000000008dd00000, 0x000000008dd00000| Complete 
| 222|0x000000008de00000, 0x000000008df00000, 0x000000008df00000|100%| E|CS|TAMS 0x000000008de00000, 0x000000008de00000| Complete 
| 223|0x000000008df00000, 0x000000008e000000, 0x000000008e000000|100%| E|CS|TAMS 0x000000008df00000, 0x000000008df00000| Complete 
| 224|0x000000008e000000, 0x000000008e100000, 0x000000008e100000|100%| E|CS|TAMS 0x000000008e000000, 0x000000008e000000| Complete 
| 225|0x000000008e100000, 0x000000008e200000, 0x000000008e200000|100%| E|CS|TAMS 0x000000008e100000, 0x000000008e100000| Complete 
| 226|0x000000008e200000, 0x000000008e300000, 0x000000008e300000|100%| E|CS|TAMS 0x000000008e200000, 0x000000008e200000| Complete 
| 227|0x000000008e300000, 0x000000008e400000, 0x000000008e400000|100%| E|CS|TAMS 0x000000008e300000, 0x000000008e300000| Complete 
| 228|0x000000008e400000, 0x000000008e500000, 0x000000008e500000|100%| E|CS|TAMS 0x000000008e400000, 0x000000008e400000| Complete 
| 229|0x000000008e500000, 0x000000008e600000, 0x000000008e600000|100%| E|CS|TAMS 0x000000008e500000, 0x000000008e500000| Complete 
| 230|0x000000008e600000, 0x000000008e700000, 0x000000008e700000|100%| E|CS|TAMS 0x000000008e600000, 0x000000008e600000| Complete 
| 231|0x000000008e700000, 0x000000008e800000, 0x000000008e800000|100%| E|CS|TAMS 0x000000008e700000, 0x000000008e700000| Complete 
| 232|0x000000008e800000, 0x000000008e900000, 0x000000008e900000|100%| E|CS|TAMS 0x000000008e800000, 0x000000008e800000| Complete 
| 233|0x000000008e900000, 0x000000008ea00000, 0x000000008ea00000|100%| E|CS|TAMS 0x000000008e900000, 0x000000008e900000| Complete 
| 234|0x000000008ea00000, 0x000000008eb00000, 0x000000008eb00000|100%| E|CS|TAMS 0x000000008ea00000, 0x000000008ea00000| Complete 
| 235|0x000000008eb00000, 0x000000008ec00000, 0x000000008ec00000|100%| E|CS|TAMS 0x000000008eb00000, 0x000000008eb00000| Complete 
| 236|0x000000008ec00000, 0x000000008ed00000, 0x000000008ed00000|100%| E|CS|TAMS 0x000000008ec00000, 0x000000008ec00000| Complete 
| 237|0x000000008ed00000, 0x000000008ee00000, 0x000000008ee00000|100%| E|CS|TAMS 0x000000008ed00000, 0x000000008ed00000| Complete 
| 238|0x000000008ee00000, 0x000000008ef00000, 0x000000008ef00000|100%| E|CS|TAMS 0x000000008ee00000, 0x000000008ee00000| Complete 
| 239|0x000000008ef00000, 0x000000008f000000, 0x000000008f000000|100%| E|CS|TAMS 0x000000008ef00000, 0x000000008ef00000| Complete 
| 240|0x000000008f000000, 0x000000008f100000, 0x000000008f100000|100%| E|CS|TAMS 0x000000008f000000, 0x000000008f000000| Complete 
| 241|0x000000008f100000, 0x000000008f200000, 0x000000008f200000|100%| E|CS|TAMS 0x000000008f100000, 0x000000008f100000| Complete 
| 242|0x000000008f200000, 0x000000008f300000, 0x000000008f300000|100%| E|CS|TAMS 0x000000008f200000, 0x000000008f200000| Complete 
| 243|0x000000008f300000, 0x000000008f400000, 0x000000008f400000|100%| E|CS|TAMS 0x000000008f300000, 0x000000008f300000| Complete 
| 244|0x000000008f400000, 0x000000008f500000, 0x000000008f500000|100%| E|CS|TAMS 0x000000008f400000, 0x000000008f400000| Complete 
| 245|0x000000008f500000, 0x000000008f600000, 0x000000008f600000|100%| E|CS|TAMS 0x000000008f500000, 0x000000008f500000| Complete 
| 246|0x000000008f600000, 0x000000008f700000, 0x000000008f700000|100%| E|CS|TAMS 0x000000008f600000, 0x000000008f600000| Complete 
| 247|0x000000008f700000, 0x000000008f800000, 0x000000008f800000|100%| E|CS|TAMS 0x000000008f700000, 0x000000008f700000| Complete 
| 248|0x000000008f800000, 0x000000008f900000, 0x000000008f900000|100%| E|CS|TAMS 0x000000008f800000, 0x000000008f800000| Complete 
| 249|0x000000008f900000, 0x000000008fa00000, 0x000000008fa00000|100%| E|CS|TAMS 0x000000008f900000, 0x000000008f900000| Complete 
| 250|0x000000008fa00000, 0x000000008fb00000, 0x000000008fb00000|100%| E|CS|TAMS 0x000000008fa00000, 0x000000008fa00000| Complete 
| 251|0x000000008fb00000, 0x000000008fc00000, 0x000000008fc00000|100%| E|CS|TAMS 0x000000008fb00000, 0x000000008fb00000| Complete 
| 252|0x000000008fc00000, 0x000000008fd00000, 0x000000008fd00000|100%| E|CS|TAMS 0x000000008fc00000, 0x000000008fc00000| Complete 
| 253|0x000000008fd00000, 0x000000008fe00000, 0x000000008fe00000|100%| E|CS|TAMS 0x000000008fd00000, 0x000000008fd00000| Complete 
| 254|0x000000008fe00000, 0x000000008ff00000, 0x000000008ff00000|100%| E|CS|TAMS 0x000000008fe00000, 0x000000008fe00000| Complete 
| 255|0x000000008ff00000, 0x0000000090000000, 0x0000000090000000|100%| E|CS|TAMS 0x000000008ff00000, 0x000000008ff00000| Complete 

Card table byte_map: [0x000002983c1e0000,0x000002983c5e0000] _byte_map_base: 0x000002983bde0000

Marking Bits (Prev, Next): (CMBitMap*) 0x0000029822b8afa0, (CMBitMap*) 0x0000029822b8af68
 Prev Bits: [0x000002983e9e0000, 0x00000298409e0000)
 Next Bits: [0x000002983c9e0000, 0x000002983e9e0000)

Polling page: 0x0000029822c30000

Metaspace:

Usage:
  Non-class:     59.24 MB capacity,    58.07 MB ( 98%) used,   978.36 KB (  2%) free+waste,   214.38 KB ( <1%) overhead. 
      Class:      9.63 MB capacity,     8.80 MB ( 91%) used,   749.45 KB (  8%) free+waste,   104.31 KB (  1%) overhead. 
       Both:     68.87 MB capacity,    66.87 MB ( 97%) used,     1.69 MB (  2%) free+waste,   318.69 KB ( <1%) overhead. 

Virtual space:
  Non-class space:       60.00 MB reserved,      59.35 MB ( 99%) committed 
      Class space:      504.00 MB reserved,       9.70 MB (  2%) committed 
             Both:      564.00 MB reserved,      69.05 MB ( 12%) committed 

Chunk freelists:
   Non-Class:  6.38 KB
       Class:  0 bytes
        Both:  6.38 KB

CodeHeap 'non-profiled nmethods': size=120064Kb used=3441Kb max_used=3441Kb free=116622Kb
 bounds [0x0000029834260000, 0x00000298345c0000, 0x000002983b7a0000]
CodeHeap 'profiled nmethods': size=120000Kb used=13143Kb max_used=13143Kb free=106856Kb
 bounds [0x000002982cd30000, 0x000002982da10000, 0x0000029834260000]
CodeHeap 'non-nmethods': size=5696Kb used=2271Kb max_used=2316Kb free=3424Kb
 bounds [0x000002982c7a0000, 0x000002982ca10000, 0x000002982cd30000]
 total_blobs=6808 nmethods=5947 adapters=771
 compilation: enabled
              stopped_count=0, restarted_count=0
 full_count=0

Compilation events (10 events):
Event: 206.588 Thread 0x000002984306e000 nmethod 6561 0x000002982da0c290 code [0x000002982da0c440, 0x000002982da0c670]
Event: 206.588 Thread 0x000002984306e000 6562       3       org.gradle.internal.operations.DefaultBuildOperationRunner::run (13 bytes)
Event: 206.588 Thread 0x000002984306e000 nmethod 6562 0x000002982da0c710 code [0x000002982da0c940, 0x000002982da0d1f0]
Event: 206.588 Thread 0x000002984306e000 6563       3       org.gradle.internal.operations.DefaultBuildOperationRunner$1::execute (10 bytes)
Event: 206.589 Thread 0x000002984306e000 nmethod 6563 0x000002982da0d510 code [0x000002982da0d6e0, 0x000002982da0da90]
Event: 206.590 Thread 0x000002984306c800 6564       4       org.gradle.internal.reflect.MethodSet::add (50 bytes)
Event: 206.593 Thread 0x000002984306e000 6565       3       com.google.common.collect.AbstractMapBasedMultimap$WrappedCollection$WrappedIterator::next (14 bytes)
Event: 206.594 Thread 0x000002984306e000 nmethod 6565 0x000002982da0db90 code [0x000002982da0dd80, 0x000002982da0e1f0]
Event: 206.603 Thread 0x000002984306e000 6566       3       org.gradle.api.internal.provider.Collectors$TypedCollector::isProvidedBy (32 bytes)
Event: 206.603 Thread 0x000002984306e000 nmethod 6566 0x000002982da0e390 code [0x000002982da0e560, 0x000002982da0ea30]

GC Heap History (10 events):
Event: 41.420 GC heap before
{Heap before GC invocations=4 (full 0):
 garbage-first heap   total 262144K, used 76565K [0x0000000080000000, 0x0000000100000000)
  region size 1024K, 58 young (59392K), 1 survivors (1024K)
 Metaspace       used 26311K, capacity 26951K, committed 27184K, reserved 540672K
  class space    used 3406K, capacity 3655K, committed 3712K, reserved 516096K
}
Event: 41.426 GC heap after
{Heap after GC invocations=5 (full 0):
 garbage-first heap   total 262144K, used 20258K [0x0000000080000000, 0x0000000100000000)
  region size 1024K, 3 young (3072K), 3 survivors (3072K)
 Metaspace       used 26311K, capacity 26951K, committed 27184K, reserved 540672K
  class space    used 3406K, capacity 3655K, committed 3712K, reserved 516096K
}
Event: 58.092 GC heap before
{Heap before GC invocations=5 (full 0):
 garbage-first heap   total 262144K, used 91938K [0x0000000080000000, 0x0000000100000000)
  region size 1024K, 74 young (75776K), 3 survivors (3072K)
 Metaspace       used 34875K, capacity 35718K, committed 35888K, reserved 548864K
  class space    used 4507K, capacity 4879K, committed 4992K, reserved 516096K
}
Event: 58.102 GC heap after
{Heap after GC invocations=6 (full 0):
 garbage-first heap   total 262144K, used 23513K [0x0000000080000000, 0x0000000100000000)
  region size 1024K, 6 young (6144K), 6 survivors (6144K)
 Metaspace       used 34875K, capacity 35718K, committed 35888K, reserved 548864K
  class space    used 4507K, capacity 4879K, committed 4992K, reserved 516096K
}
Event: 112.601 GC heap before
{Heap before GC invocations=7 (full 0):
 garbage-first heap   total 262144K, used 127961K [0x0000000080000000, 0x0000000100000000)
  region size 1024K, 106 young (108544K), 6 survivors (6144K)
 Metaspace       used 43112K, capacity 44326K, committed 44596K, reserved 555008K
  class space    used 5526K, capacity 5986K, committed 6092K, reserved 516096K
}
Event: 112.620 GC heap after
{Heap after GC invocations=8 (full 0):
 garbage-first heap   total 262144K, used 31508K [0x0000000080000000, 0x0000000100000000)
  region size 1024K, 14 young (14336K), 14 survivors (14336K)
 Metaspace       used 43112K, capacity 44326K, committed 44596K, reserved 555008K
  class space    used 5526K, capacity 5986K, committed 6092K, reserved 516096K
}
Event: 153.019 GC heap before
{Heap before GC invocations=9 (full 0):
 garbage-first heap   total 262144K, used 143124K [0x0000000080000000, 0x0000000100000000)
  region size 1024K, 122 young (124928K), 14 survivors (14336K)
 Metaspace       used 51366K, capacity 52786K, committed 53044K, reserved 563200K
  class space    used 6672K, capacity 7289K, committed 7372K, reserved 516096K
}
Event: 153.047 GC heap after
{Heap after GC invocations=10 (full 0):
 garbage-first heap   total 262144K, used 32819K [0x0000000080000000, 0x0000000100000000)
  region size 1024K, 10 young (10240K), 10 survivors (10240K)
 Metaspace       used 51366K, capacity 52786K, committed 53044K, reserved 563200K
  class space    used 6672K, capacity 7289K, committed 7372K, reserved 516096K
}
Event: 185.641 GC heap before
{Heap before GC invocations=10 (full 0):
 garbage-first heap   total 262144K, used 184371K [0x0000000080000000, 0x0000000100000000)
  region size 1024K, 153 young (156672K), 10 survivors (10240K)
 Metaspace       used 63452K, capacity 65241K, committed 65332K, reserved 573440K
  class space    used 8311K, capacity 9075K, committed 9164K, reserved 516096K
}
Event: 185.664 GC heap after
{Heap after GC invocations=11 (full 0):
 garbage-first heap   total 262144K, used 46090K [0x0000000080000000, 0x0000000100000000)
  region size 1024K, 17 young (17408K), 17 survivors (17408K)
 Metaspace       used 63452K, capacity 65241K, committed 65332K, reserved 573440K
  class space    used 8311K, capacity 9075K, committed 9164K, reserved 516096K
}

Deoptimization events (10 events):
Event: 203.430 Thread 0x0000029843a46800 Uncommon trap: reason=unstable_if action=reinterpret pc=0x00000298342cfd38 method=java.util.HashMap.resize()[Ljava/util/HashMap$Node; @ 203 c2
Event: 203.430 Thread 0x0000029843a46800 Uncommon trap: reason=unstable_if action=reinterpret pc=0x00000298344bd5ec method=java.util.HashMap.getNode(ILjava/lang/Object;)Ljava/util/HashMap$Node; @ 84 c2
Event: 203.431 Thread 0x0000029843a46800 Uncommon trap: reason=unstable_if action=reinterpret pc=0x000002983451f820 method=java.util.HashMap.getNode(ILjava/lang/Object;)Ljava/util/HashMap$Node; @ 84 c2
Event: 203.431 Thread 0x0000029843a46800 Uncommon trap: reason=unstable_if action=reinterpret pc=0x00000298344dc2cc method=java.util.HashMap.getNode(ILjava/lang/Object;)Ljava/util/HashMap$Node; @ 84 c2
Event: 204.070 Thread 0x0000029843a46800 Uncommon trap: reason=unstable_if action=reinterpret pc=0x00000298344d19e8 method=java.util.HashMap.putVal(ILjava/lang/Object;Ljava/lang/Object;ZZ)Ljava/lang/Object; @ 109 c2
Event: 204.070 Thread 0x0000029843a46800 Uncommon trap: reason=unstable_if action=reinterpret pc=0x00000298343d6ed4 method=java.util.HashMap.putVal(ILjava/lang/Object;Ljava/lang/Object;ZZ)Ljava/lang/Object; @ 109 c2
Event: 205.792 Thread 0x0000029843a46800 Uncommon trap: reason=unstable_if action=reinterpret pc=0x0000029834561ef4 method=org.objectweb.asm.Type.getArgumentsAndReturnSizes(Ljava/lang/String;)I @ 117 c2
Event: 205.793 Thread 0x0000029843a46800 Uncommon trap: reason=unstable_if action=reinterpret pc=0x00000298345090dc method=org.objectweb.asm.Type.getArgumentsAndReturnSizes(Ljava/lang/String;)I @ 117 c2
Event: 205.793 Thread 0x0000029843a46800 Uncommon trap: reason=unstable_if action=reinterpret pc=0x00000298344d7660 method=org.objectweb.asm.Frame.getAbstractTypeFromDescriptor(Lorg/objectweb/asm/SymbolTable;Ljava/lang/String;I)I @ 5 c2
Event: 206.264 Thread 0x0000029843a46800 Uncommon trap: reason=unstable_if action=reinterpret pc=0x0000029834588404 method=java.util.TreeMap.put(Ljava/lang/Object;Ljava/lang/Object;)Ljava/lang/Object; @ 163 c2

Classes redefined (0 events):
No events

Internal exceptions (10 events):
Event: 202.994 Thread 0x0000029843a46800 Exception <a 'java/lang/ClassNotFoundException'{0x000000008c66c630}: org/gradle/api/internal/DefaultDomainObjectCollectionCustomizer> (0x000000008c66c630) thrown at [./open/src/hotspot/share/classfile/systemDictionary.cpp, line 228]
Event: 203.003 Thread 0x0000029843a46800 Exception <a 'java/lang/ClassNotFoundException'{0x000000008c6bb2f8}: org/gradle/api/internal/DefaultNamedDomainObjectCollectionCustomizer> (0x000000008c6bb2f8) thrown at [./open/src/hotspot/share/classfile/systemDictionary.cpp, line 228]
Event: 203.007 Thread 0x0000029843a46800 Exception <a 'java/lang/ClassNotFoundException'{0x000000008c5115c8}: org/gradle/api/internal/DefaultNamedDomainObjectListCustomizer> (0x000000008c5115c8) thrown at [./open/src/hotspot/share/classfile/systemDictionary.cpp, line 228]
Event: 203.011 Thread 0x0000029843a46800 Exception <a 'java/lang/ClassNotFoundException'{0x000000008c570b78}: org/gradle/api/internal/artifacts/DefaultArtifactRepositoryContainerCustomizer> (0x000000008c570b78) thrown at [./open/src/hotspot/share/classfile/systemDictionary.cpp, line 228]
Event: 203.168 Thread 0x0000029843a46800 Exception <a 'java/lang/ClassNotFoundException'{0x000000008c5c4a48}: org/gradle/api/internal/artifacts/dsl/DefaultRepositoryHandlerCustomizer> (0x000000008c5c4a48) thrown at [./open/src/hotspot/share/classfile/systemDictionary.cpp, line 228]
Event: 203.171 Thread 0x0000029843a46800 Exception <a 'java/lang/ClassNotFoundException'{0x000000008c42bc50}: org/gradle/api/internal/artifacts/dsl/DefaultRepositoryHandler_DecoratedCustomizer> (0x000000008c42bc50) thrown at [./open/src/hotspot/share/classfile/systemDictionary.cpp, line 228]
Event: 203.185 Thread 0x0000029843a46800 Exception <a 'java/lang/ClassNotFoundException'{0x000000008c305328}: org/gradle/api/internal/artifacts/dsl/dependencies/DefaultDependencyHandler_DecoratedBeanInfo> (0x000000008c305328) thrown at [./open/src/hotspot/share/classfile/systemDictionary.cpp, li
Event: 203.187 Thread 0x0000029843a46800 Exception <a 'java/lang/ClassNotFoundException'{0x000000008c34d490}: org/gradle/api/internal/artifacts/dsl/dependencies/DefaultDependencyHandlerBeanInfo> (0x000000008c34d490) thrown at [./open/src/hotspot/share/classfile/systemDictionary.cpp, line 228]
Event: 203.218 Thread 0x0000029843a46800 Exception <a 'java/lang/ClassNotFoundException'{0x000000008c395510}: org/gradle/api/internal/artifacts/dsl/dependencies/DefaultDependencyHandlerCustomizer> (0x000000008c395510) thrown at [./open/src/hotspot/share/classfile/systemDictionary.cpp, line 228]
Event: 203.221 Thread 0x0000029843a46800 Exception <a 'java/lang/ClassNotFoundException'{0x000000008c206ca0}: org/gradle/api/internal/artifacts/dsl/dependencies/DefaultDependencyHandler_DecoratedCustomizer> (0x000000008c206ca0) thrown at [./open/src/hotspot/share/classfile/systemDictionary.cpp, 

Events (10 events):
Event: 206.601 loading class org/gradle/plugin/devel/GradlePluginDevelopmentExtension
Event: 206.601 loading class org/gradle/plugin/devel/GradlePluginDevelopmentExtension done
Event: 206.601 loading class org/gradle/api/file/FileCollection
Event: 206.601 loading class org/gradle/api/file/FileCollection done
Event: 206.601 loading class org/gradle/plugin/devel/GradlePluginDevelopmentExtension
Event: 206.601 loading class org/gradle/plugin/devel/GradlePluginDevelopmentExtension done
Event: 206.602 loading class org/gradle/api/tasks/ClasspathNormalizer
Event: 206.602 loading class org/gradle/api/tasks/ClasspathNormalizer done
Event: 206.602 loading class org/gradle/api/tasks/FileNormalizer
Event: 206.602 loading class org/gradle/api/tasks/FileNormalizer done


Dynamic libraries:
0x00007ff7b1510000 - 0x00007ff7b151f000 	F:\Laptop Files\Bot\jdk-11.0.9\jdk-11.0.9\bin\java.exe
0x00007ffdc8e30000 - 0x00007ffdc9028000 	C:\WINDOWS\SYSTEM32\ntdll.dll
0x00007ffdc7c50000 - 0x00007ffdc7d0f000 	C:\WINDOWS\System32\KERNEL32.DLL
0x00007ffdc6950000 - 0x00007ffdc6c46000 	C:\WINDOWS\System32\KERNELBASE.dll
0x00007ffdc6790000 - 0x00007ffdc6890000 	C:\WINDOWS\System32\ucrtbase.dll
0x00007ffdb3740000 - 0x00007ffdb3758000 	F:\Laptop Files\Bot\jdk-11.0.9\jdk-11.0.9\bin\jli.dll
0x00007ffdc8250000 - 0x00007ffdc82ff000 	C:\WINDOWS\System32\ADVAPI32.dll
0x00007ffdc8960000 - 0x00007ffdc89fe000 	C:\WINDOWS\System32\msvcrt.dll
0x00007ffdc8d50000 - 0x00007ffdc8dec000 	C:\WINDOWS\System32\sechost.dll
0x00007ffdc7af0000 - 0x00007ffdc7c16000 	C:\WINDOWS\System32\RPCRT4.dll
0x00007ffdc8bb0000 - 0x00007ffdc8d4d000 	C:\WINDOWS\System32\USER32.dll
0x00007ffdc6dc0000 - 0x00007ffdc6de2000 	C:\WINDOWS\System32\win32u.dll
0x00007ffdc7e50000 - 0x00007ffdc7e7c000 	C:\WINDOWS\System32\GDI32.dll
0x00007ffdc6510000 - 0x00007ffdc6625000 	C:\WINDOWS\System32\gdi32full.dll
0x00007ffdc6df0000 - 0x00007ffdc6e8d000 	C:\WINDOWS\System32\msvcp_win.dll
0x00007ffdb3920000 - 0x00007ffdb3935000 	F:\Laptop Files\Bot\jdk-11.0.9\jdk-11.0.9\bin\VCRUNTIME140.dll
0x00007ffdb8d30000 - 0x00007ffdb8fca000 	C:\WINDOWS\WinSxS\amd64_microsoft.windows.common-controls_6595b64144ccf1df_6.0.19041.1110_none_60b5254171f9507e\COMCTL32.dll
0x00007ffdc0d80000 - 0x00007ffdc0d8a000 	C:\WINDOWS\SYSTEM32\VERSION.dll
0x00007ffdc7ac0000 - 0x00007ffdc7af0000 	C:\WINDOWS\System32\IMM32.DLL
0x00007ffdacbd0000 - 0x00007ffdacc6b000 	F:\Laptop Files\Bot\jdk-11.0.9\jdk-11.0.9\bin\msvcp140.dll
0x00007ffda1ac0000 - 0x00007ffda25b7000 	F:\Laptop Files\Bot\jdk-11.0.9\jdk-11.0.9\bin\server\jvm.dll
0x00007ffdc7fb0000 - 0x00007ffdc7fb8000 	C:\WINDOWS\System32\PSAPI.DLL
0x00007ffdb7ac0000 - 0x00007ffdb7ac9000 	C:\WINDOWS\SYSTEM32\WSOCK32.dll
0x00007ffdc81e0000 - 0x00007ffdc824b000 	C:\WINDOWS\System32\WS2_32.dll
0x00007ffdbf5c0000 - 0x00007ffdbf5e7000 	C:\WINDOWS\SYSTEM32\WINMM.dll
0x00007ffdc43e0000 - 0x00007ffdc43f2000 	C:\WINDOWS\SYSTEM32\kernel.appcore.dll
0x00007ffdb7600000 - 0x00007ffdb7610000 	F:\Laptop Files\Bot\jdk-11.0.9\jdk-11.0.9\bin\verify.dll
0x00007ffda9970000 - 0x00007ffda9b54000 	C:\WINDOWS\SYSTEM32\DBGHELP.DLL
0x00007ffdaa040000 - 0x00007ffdaa074000 	C:\WINDOWS\SYSTEM32\dbgcore.DLL
0x00007ffdc6d30000 - 0x00007ffdc6db2000 	C:\WINDOWS\System32\bcryptPrimitives.dll
0x00007ffdb1da0000 - 0x00007ffdb1dc8000 	F:\Laptop Files\Bot\jdk-11.0.9\jdk-11.0.9\bin\java.dll
0x00007ffdb6ff0000 - 0x00007ffdb6ffa000 	F:\Laptop Files\Bot\jdk-11.0.9\jdk-11.0.9\bin\jimage.dll
0x00007ffdb1b20000 - 0x00007ffdb1b36000 	F:\Laptop Files\Bot\jdk-11.0.9\jdk-11.0.9\bin\zip.dll
0x00007ffdc7370000 - 0x00007ffdc7ab4000 	C:\WINDOWS\System32\SHELL32.dll
0x00007ffdc45e0000 - 0x00007ffdc4d74000 	C:\WINDOWS\SYSTEM32\windows.storage.dll
0x00007ffdc7010000 - 0x00007ffdc7364000 	C:\WINDOWS\System32\combase.dll
0x00007ffdc5e80000 - 0x00007ffdc5eae000 	C:\WINDOWS\SYSTEM32\Wldp.dll
0x00007ffdc6f60000 - 0x00007ffdc700d000 	C:\WINDOWS\System32\SHCORE.dll
0x00007ffdc7d70000 - 0x00007ffdc7dc5000 	C:\WINDOWS\System32\shlwapi.dll
0x00007ffdc6440000 - 0x00007ffdc6465000 	C:\WINDOWS\SYSTEM32\profapi.dll
0x00007ffdaf9d0000 - 0x00007ffdaf9e9000 	F:\Laptop Files\Bot\jdk-11.0.9\jdk-11.0.9\bin\net.dll
0x00007ffdbc970000 - 0x00007ffdbca7a000 	C:\WINDOWS\SYSTEM32\WINHTTP.dll
0x00007ffdc5be0000 - 0x00007ffdc5c4a000 	C:\WINDOWS\system32\mswsock.dll
0x00007ffdaf7d0000 - 0x00007ffdaf7e2000 	F:\Laptop Files\Bot\jdk-11.0.9\jdk-11.0.9\bin\nio.dll
0x00007ffdaeb00000 - 0x00007ffdaeb27000 	C:\Users\abdul\.gradle\native\68d5fa5c4cc2d200863cafc0d521ce42e7d3e7ee720ec0a83991735586a16f82\windows-amd64\native-platform.dll
0x00007ffda3ac0000 - 0x00007ffda3c04000 	C:\Users\abdul\.gradle\native\e376f236ea51e6404a007f0833ffe2c6e607c4080706a723a18a27aeea778392\windows-amd64\native-platform-file-events.dll
0x00007ffdb6b40000 - 0x00007ffdb6b49000 	F:\Laptop Files\Bot\jdk-11.0.9\jdk-11.0.9\bin\management.dll
0x00007ffdaf9b0000 - 0x00007ffdaf9bb000 	F:\Laptop Files\Bot\jdk-11.0.9\jdk-11.0.9\bin\management_ext.dll
0x00007ffdc5de0000 - 0x00007ffdc5df8000 	C:\WINDOWS\SYSTEM32\CRYPTSP.dll
0x00007ffdc5500000 - 0x00007ffdc5534000 	C:\WINDOWS\system32\rsaenh.dll
0x00007ffdc6c50000 - 0x00007ffdc6c77000 	C:\WINDOWS\System32\bcrypt.dll
0x00007ffdc6400000 - 0x00007ffdc642e000 	C:\WINDOWS\SYSTEM32\USERENV.dll
0x00007ffdc5dd0000 - 0x00007ffdc5ddc000 	C:\WINDOWS\SYSTEM32\CRYPTBASE.dll
0x00007ffdc58d0000 - 0x00007ffdc590c000 	C:\WINDOWS\SYSTEM32\IPHLPAPI.DLL
0x00007ffdc7c20000 - 0x00007ffdc7c28000 	C:\WINDOWS\System32\NSI.dll
0x00007ffdbd390000 - 0x00007ffdbd3a7000 	C:\WINDOWS\SYSTEM32\dhcpcsvc6.DLL
0x00007ffdbd370000 - 0x00007ffdbd38d000 	C:\WINDOWS\SYSTEM32\dhcpcsvc.DLL
0x00007ffdc5910000 - 0x00007ffdc59da000 	C:\WINDOWS\SYSTEM32\DNSAPI.dll

dbghelp: loaded successfully - version: 4.0.5 - missing functions: none
symbol engine: initialized successfully - sym options: 0x614 - pdb path: .;F:\Laptop Files\Bot\jdk-11.0.9\jdk-11.0.9\bin;C:\WINDOWS\SYSTEM32;C:\WINDOWS\WinSxS\amd64_microsoft.windows.common-controls_6595b64144ccf1df_6.0.19041.1110_none_60b5254171f9507e;F:\Laptop Files\Bot\jdk-11.0.9\jdk-11.0.9\bin\server;C:\Users\abdul\.gradle\native\68d5fa5c4cc2d200863cafc0d521ce42e7d3e7ee720ec0a83991735586a16f82\windows-amd64;C:\Users\abdul\.gradle\native\e376f236ea51e6404a007f0833ffe2c6e607c4080706a723a18a27aeea778392\windows-amd64

VM Arguments:
jvm_args: -XX:MaxMetaspaceSize=512m --add-opens=java.base/java.util=ALL-UNNAMED --add-opens=java.base/java.lang=ALL-UNNAMED --add-opens=java.base/java.lang.invoke=ALL-UNNAMED --add-opens=java.prefs/java.util.prefs=ALL-UNNAMED --add-opens=java.base/java.nio.charset=ALL-UNNAMED --add-opens=java.base/java.net=ALL-UNNAMED --add-opens=java.base/java.util.concurrent.atomic=ALL-UNNAMED -Xmx2048m -Dfile.encoding=windows-1252 -Duser.country=US -Duser.language=en -Duser.variant 
java_command: org.gradle.launcher.daemon.bootstrap.GradleDaemon 8.0.1
java_class_path (initial): C:\Users\abdul\.gradle\wrapper\dists\gradle-8.0.1-all\aro4hu1c3oeioove7l0i4i14o\gradle-8.0.1\lib\gradle-launcher-8.0.1.jar
Launcher Type: SUN_STANDARD

[Global flags]
     intx CICompilerCount                          = 3                                         {product} {ergonomic}
   size_t CompressedClassSpaceSize                 = 528482304                                 {product} {ergonomic}
     uint ConcGCThreads                            = 1                                         {product} {ergonomic}
     uint G1ConcRefinementThreads                  = 4                                         {product} {ergonomic}
   size_t G1HeapRegionSize                         = 1048576                                   {product} {ergonomic}
    uintx GCDrainStackTargetSize                   = 64                                        {product} {ergonomic}
   size_t InitialHeapSize                          = 268435456                                 {product} {ergonomic}
   size_t MarkStackSize                            = 4194304                                   {product} {ergonomic}
   size_t MaxHeapSize                              = 2147483648                                {product} {command line}
   size_t MaxMetaspaceSize                         = 536870912                                 {product} {command line}
   size_t MaxNewSize                               = 1287651328                                {product} {ergonomic}
   size_t MinHeapDeltaBytes                        = 1048576                                   {product} {ergonomic}
    uintx NonNMethodCodeHeapSize                   = 5830732                                {pd product} {ergonomic}
    uintx NonProfiledCodeHeapSize                  = 122913754                              {pd product} {ergonomic}
    uintx ProfiledCodeHeapSize                     = 122913754                              {pd product} {ergonomic}
    uintx ReservedCodeCacheSize                    = 251658240                              {pd product} {ergonomic}
     bool SegmentedCodeCache                       = true                                      {product} {ergonomic}
     bool UseCompressedClassPointers               = true                                 {lp64_product} {ergonomic}
     bool UseCompressedOops                        = true                                 {lp64_product} {ergonomic}
     bool UseG1GC                                  = true                                      {product} {ergonomic}
     bool UseLargePagesIndividualAllocation        = false                                  {pd product} {ergonomic}

Logging:
Log output configuration:
 #0: stdout all=warning uptime,level,tags
 #1: stderr all=off uptime,level,tags

Environment Variables:
JAVA_HOME=F:\Laptop Files\Bot\jdk-11.0.9\jdk-11.0.9
CLASSPATH=F:\Scorify\android\\gradle\wrapper\gradle-wrapper.jar
PATH=F:\Scorify\node_modules\.bin;F:\Scorify\node_modules\.bin;F:\node_modules\.bin;C:\Program Files\nodejs\node_modules\npm\node_modules\@npmcli\run-script\lib\node-gyp-bin;F:\Scorify\node_modules\.bin;F:\Scorify\node_modules\.bin;F:\node_modules\.bin;C:\Program Files\nodejs\node_modules\npm\node_modules\@npmcli\run-script\lib\node-gyp-bin;C:\Users\abdul\bin;C:\Program Files\Git\mingw64\bin;C:\Program Files\Git\usr\local\bin;C:\Program Files\Git\usr\bin;C:\Program Files\Git\usr\bin;C:\Program Files\Git\mingw64\bin;C:\Program Files\Git\usr\bin;C:\Users\abdul\bin;C:\Program Files (x86)\Common Files\Oracle\Java\javapath;C:\WINDOWS\system32;C:\WINDOWS;C:\WINDOWS\System32\Wbem;C:\WINDOWS\System32\WindowsPowerShell\v1.0;C:\WINDOWS\System32\OpenSSH;C:\Program Files\Google\Chrome\Application;C:\Program Files\Microsoft SQL Server\150\Tools\Binn;C:\Program Files\nodejs;F:\Laptop Files\Bot\Android\Sdk\platform-tools;F:\Laptop Files\Bot\jdk-11.0.9\jdk-11.0.9\bin;C:\Program Files (x86)\AMD\ATI.ACE\Core-Static;C:\Program Files\Git\cmd;F:\Laptop Files\Bot\Android\Sdk\tools;C:\Users\abdul\AppData\Local\Programs\Python\Python39\Scripts;C:\Users\abdul\AppData\Local\Programs\Python\Python39;C:\Users\abdul\AppData\Local\Programs\Python\Python310\Scripts;C:\Users\abdul\AppData\Local\Programs\Python\Python310;C:\Users\abdul\AppData\Local\Microsoft\WindowsApps;C:\Users\abdul\AppData\Local\Programs\Microsoft VS Code\bin;C:\Program Files\JetBrains\PyCharm 2022.2.3\bin;C:\Program Files\JetBrains\PyCharm Community Edition 2022.2.3\bin;C:\Program Files\Google\Chrome\Application;C:\Users\abdul\AppData\Roaming\npm;F:\Laptop Files\Bot\Android\Sdk\platform-tools;C:\Program Files\Git\usr\bin\vendor_perl;C:\Program Files\Git\usr\bin\core_perl
USERNAME=Hamza&Haroon
SHELL=C:\Program Files\Git\usr\bin\bash.exe
DISPLAY=needs-to-be-defined
OS=Windows_NT
PROCESSOR_IDENTIFIER=Intel64 Family 6 Model 42 Stepping 7, GenuineIntel



---------------  S Y S T E M  ---------------

OS: Windows 10 , 64 bit Build 19041 (10.0.19041.3155)

CPU:total 4 (initial active 4) (2 cores per cpu, 2 threads per core) family 6 model 42 stepping 7, cmov, cx8, fxsr, mmx, sse, sse2, sse3, ssse3, sse4.1, sse4.2, popcnt, avx, clmul, ht, tsc, tscinvbit

Memory: 4k page, system-wide physical 16340M (856M free)
TotalPageFile size 20192M (AvailPageFile size 5M)
current process WorkingSet (physical memory assigned to process): 386M, peak: 388M
current process commit charge ("private bytes"): 481M, peak: 485M

vm_info: Java HotSpot(TM) 64-Bit Server VM (11.0.9+7-LTS) for windows-amd64 JRE (11.0.9+7-LTS), built on Sep 15 2020 16:47:03 by "mach5one" with MS VC++ 15.9 (VS2017)

END.
