#
# There is insufficient memory for the Java Runtime Environment to continue.
# Native memory allocation (malloc) failed to allocate 1383056 bytes for Chunk::new
# Possible reasons:
#   The system is out of physical RAM or swap space
#   The process is running with CompressedOops enabled, and the Java Heap may be blocking the growth of the native heap
# Possible solutions:
#   Reduce memory load on the system
#   Increase physical memory or swap space
#   Check if swap backing store is full
#   Decrease Java heap size (-Xmx/-Xms)
#   Decrease number of Java threads
#   Decrease Java thread stack sizes (-Xss)
#   Set larger code cache with -XX:ReservedCodeCacheSize=
#   JVM is running with Unscaled Compressed Oops mode in which the Java heap is
#     placed in the first 4GB address space. The Java Heap base address is the
#     maximum limit for the native heap growth. Please use -XX:HeapBaseMinAddress
#     to set the Java Heap base and to place the Java Heap above 4GB virtual address.
# This output file may be truncated or incomplete.
#
#  Out of Memory Error (./open/src/hotspot/share/memory/arena.cpp:197), pid=5780, tid=3140
#
# JRE version: Java(TM) SE Runtime Environment 18.9 (11.0.9+7) (build 11.0.9+7-LTS)
# Java VM: Java HotSpot(TM) 64-Bit Server VM 18.9 (11.0.9+7-LTS, mixed mode, tiered, compressed oops, g1 gc, windows-amd64)
# No core dump will be written. Minidumps are not enabled by default on client versions of Windows
#

---------------  S U M M A R Y ------------

Command Line: -XX:MaxMetaspaceSize=512m --add-opens=java.base/java.util=ALL-UNNAMED --add-opens=java.base/java.lang=ALL-UNNAMED --add-opens=java.base/java.lang.invoke=ALL-UNNAMED --add-opens=java.prefs/java.util.prefs=ALL-UNNAMED --add-opens=java.base/java.nio.charset=ALL-UNNAMED --add-opens=java.base/java.net=ALL-UNNAMED --add-opens=java.base/java.util.concurrent.atomic=ALL-UNNAMED -Xmx2048m -Dfile.encoding=windows-1252 -Duser.country=US -Duser.language=en -Duser.variant org.gradle.launcher.daemon.bootstrap.GradleDaemon 8.0.1

Host: Intel(R) Core(TM) i3-2120 CPU @ 3.30GHz, 4 cores, 15G,  Windows 10 , 64 bit Build 19041 (10.0.19041.3155)
Time: Sun Oct 29 14:35:26 2023 Pakistan Standard Time elapsed time: 1229.555104 seconds (0d 0h 20m 29s)

---------------  T H R E A D  ---------------

Current thread (0x0000022c279b2000):  JavaThread "C2 CompilerThread0" daemon [_thread_in_native, id=3140, stack(0x00000066b5d00000,0x00000066b5e00000)]


Current CompileTask:
C2:1229555 22553       4       groovy.lang.MetaClassImpl::inheritInterfaceNewMetaMethods (195 bytes)

Stack: [0x00000066b5d00000,0x00000066b5e00000]
Native frames: (J=compiled Java code, j=interpreted, Vv=VM code, C=native code)
V  [jvm.dll+0x611a3a]
V  [jvm.dll+0x748aaf]
V  [jvm.dll+0x74a135]
V  [jvm.dll+0x74a7b3]
V  [jvm.dll+0x2439f8]
V  [jvm.dll+0xba2bc]
V  [jvm.dll+0xba9bc]
V  [jvm.dll+0x3454a2]
V  [jvm.dll+0x313343]
V  [jvm.dll+0x31268a]
V  [jvm.dll+0x1fd495]
V  [jvm.dll+0x1fc64f]
V  [jvm.dll+0x17f08c]
V  [jvm.dll+0x20bc54]
V  [jvm.dll+0x209d2b]
V  [jvm.dll+0x7103d9]
V  [jvm.dll+0x709114]
V  [jvm.dll+0x610cb6]
C  [ucrtbase.dll+0x21bb2]
C  [KERNEL32.DLL+0x17614]
C  [ntdll.dll+0x526b1]


---------------  P R O C E S S  ---------------

Threads class SMR info:
_java_thread_list=0x0000022c2fccdf60, length=90, elements={
0x0000022c06c3f800, 0x0000022c27950800, 0x0000022c2795b800, 0x0000022c279ae000,
0x0000022c279af800, 0x0000022c279b2000, 0x0000022c279b9800, 0x0000022c279bb800,
0x0000022c27b1f000, 0x0000022c27b52000, 0x0000022c29354800, 0x0000022c299ed000,
0x0000022c28c64800, 0x0000022c29897800, 0x0000022c29895000, 0x0000022c29895800,
0x0000022c28ad5000, 0x0000022c28ad1000, 0x0000022c28acf800, 0x0000022c28ad6800,
0x0000022c28ad1800, 0x0000022c28add000, 0x0000022c28ada000, 0x0000022c28adc800,
0x0000022c28ad8800, 0x0000022c2bbf4000, 0x0000022c31533000, 0x0000022c29896800,
0x0000022c33cd7000, 0x0000022c33cd5800, 0x0000022c33cdf000, 0x0000022c33cdc000,
0x0000022c2bbec000, 0x0000022c2bbe9000, 0x0000022c2bbe6800, 0x0000022c2bbe7000,
0x0000022c2bbed000, 0x0000022c2bbef800, 0x0000022c2bbf2800, 0x0000022c2bbf1000,
0x0000022c2bbf0000, 0x0000022c2bbf1800, 0x0000022c2bbe9800, 0x0000022c2bbea800,
0x0000022c2bbed800, 0x0000022c2bbe8000, 0x0000022c2bbf3800, 0x0000022c2bbee800,
0x0000022c2bbf5000, 0x0000022c31532000, 0x0000022c31534000, 0x0000022c3152e000,
0x0000022c31534800, 0x0000022c3152f000, 0x0000022c31535800, 0x0000022c3152f800,
0x0000022c31539800, 0x0000022c31537000, 0x0000022c31536000, 0x0000022c3153a800,
0x0000022c3153c000, 0x0000022c31538000, 0x0000022c3153d000, 0x0000022c3153b000,
0x0000022c31538800, 0x0000022c33cd8800, 0x0000022c33cd6000, 0x0000022c33cdd800,
0x0000022c33cdc800, 0x0000022c33cde800, 0x0000022c33cd9800, 0x0000022c33cda000,
0x0000022c33ce1800, 0x0000022c33ce2800, 0x0000022c33ce3000, 0x0000022c33ce4000,
0x0000022c28ad6000, 0x0000022c28ad4000, 0x0000022c28ad0000, 0x0000022c28ad2800,
0x0000022c28ad9000, 0x0000022c28ada800, 0x0000022c33ce0000, 0x0000022c2bbeb000,
0x0000022c2dcde000, 0x0000022c2dce2000, 0x0000022c2dcdc000, 0x0000022c2dcdd000,
0x0000022c2dce2800, 0x0000022c2dce0800
}

Java Threads: ( => current thread )
  0x0000022c06c3f800 JavaThread "main" [_thread_blocked, id=3276, stack(0x00000066b5200000,0x00000066b5300000)]
  0x0000022c27950800 JavaThread "Reference Handler" daemon [_thread_blocked, id=1384, stack(0x00000066b5900000,0x00000066b5a00000)]
  0x0000022c2795b800 JavaThread "Finalizer" daemon [_thread_blocked, id=4756, stack(0x00000066b5a00000,0x00000066b5b00000)]
  0x0000022c279ae000 JavaThread "Signal Dispatcher" daemon [_thread_blocked, id=2204, stack(0x00000066b5b00000,0x00000066b5c00000)]
  0x0000022c279af800 JavaThread "Attach Listener" daemon [_thread_blocked, id=2216, stack(0x00000066b5c00000,0x00000066b5d00000)]
=>0x0000022c279b2000 JavaThread "C2 CompilerThread0" daemon [_thread_in_native, id=3140, stack(0x00000066b5d00000,0x00000066b5e00000)]
  0x0000022c279b9800 JavaThread "C1 CompilerThread0" daemon [_thread_blocked, id=1276, stack(0x00000066b5e00000,0x00000066b5f00000)]
  0x0000022c279bb800 JavaThread "Sweeper thread" daemon [_thread_blocked, id=6348, stack(0x00000066b5f00000,0x00000066b6000000)]
  0x0000022c27b1f000 JavaThread "Common-Cleaner" daemon [_thread_blocked, id=5756, stack(0x00000066b6000000,0x00000066b6100000)]
  0x0000022c27b52000 JavaThread "Service Thread" daemon [_thread_blocked, id=2324, stack(0x00000066b6100000,0x00000066b6200000)]
  0x0000022c29354800 JavaThread "Daemon health stats" [_thread_blocked, id=4220, stack(0x00000066b6300000,0x00000066b6400000)]
  0x0000022c299ed000 JavaThread "Incoming local TCP Connector on port 49840" [_thread_in_native, id=6496, stack(0x00000066b6700000,0x00000066b6800000)]
  0x0000022c28c64800 JavaThread "Daemon periodic checks" [_thread_blocked, id=5988, stack(0x00000066b6800000,0x00000066b6900000)]
  0x0000022c29897800 JavaThread "Cache worker for journal cache (C:\Users\abdul\.gradle\caches\journal-1)" [_thread_blocked, id=3480, stack(0x00000066b7000000,0x00000066b7100000)]
  0x0000022c29895000 JavaThread "File lock request listener" [_thread_in_native, id=4216, stack(0x00000066b7100000,0x00000066b7200000)]
  0x0000022c29895800 JavaThread "Cache worker for file hash cache (C:\Users\abdul\.gradle\caches\8.0.1\fileHashes)" [_thread_blocked, id=4532, stack(0x00000066b7200000,0x00000066b7300000)]
  0x0000022c28ad5000 JavaThread "File watcher server" daemon [_thread_in_native, id=3168, stack(0x00000066b7400000,0x00000066b7500000)]
  0x0000022c28ad1000 JavaThread "File watcher consumer" daemon [_thread_blocked, id=3172, stack(0x00000066b7500000,0x00000066b7600000)]
  0x0000022c28acf800 JavaThread "Cache worker for file content cache (C:\Users\abdul\.gradle\caches\8.0.1\fileContent)" [_thread_blocked, id=3872, stack(0x00000066b7800000,0x00000066b7900000)]
  0x0000022c28ad6800 JavaThread "Cache worker for execution history cache (C:\Users\abdul\.gradle\caches\8.0.1\executionHistory)" [_thread_blocked, id=5484, stack(0x00000066b7300000,0x00000066b7400000)]
  0x0000022c28ad1800 JavaThread "jar transforms" [_thread_blocked, id=1976, stack(0x00000066b7c00000,0x00000066b7d00000)]
  0x0000022c28add000 JavaThread "jar transforms Thread 2" [_thread_blocked, id=2888, stack(0x00000066b7d00000,0x00000066b7e00000)]
  0x0000022c28ada000 JavaThread "jar transforms Thread 3" [_thread_blocked, id=2936, stack(0x00000066b7e00000,0x00000066b7f00000)]
  0x0000022c28adc800 JavaThread "jar transforms Thread 4" [_thread_blocked, id=1996, stack(0x00000066b7f00000,0x00000066b8000000)]
  0x0000022c28ad8800 JavaThread "Cache worker for kotlin-dsl (C:\Users\abdul\.gradle\caches\8.0.1\kotlin-dsl)" [_thread_blocked, id=5348, stack(0x00000066b8000000,0x00000066b8100000)]
  0x0000022c2bbf4000 JavaThread "Memory manager" [_thread_blocked, id=6088, stack(0x00000066b9d00000,0x00000066b9e00000)]
  0x0000022c31533000 JavaThread "pool-3-thread-1" [_thread_blocked, id=2676, stack(0x00000066bb400000,0x00000066bb500000)]
  0x0000022c29896800 JavaThread "pool-6-thread-1" [_thread_blocked, id=2740, stack(0x00000066bb600000,0x00000066bb700000)]
  0x0000022c33cd7000 JavaThread "pool-9-thread-1" [_thread_blocked, id=7140, stack(0x00000066bb500000,0x00000066bb600000)]
  0x0000022c33cd5800 JavaThread "Monitor" [_thread_in_native, id=3588, stack(0x00000066bb900000,0x00000066bba00000)]
  0x0000022c33cdf000 JavaThread "JdwpProxyConnection" [_thread_in_native, id=5640, stack(0x00000066b7a00000,0x00000066b7b00000)]
  0x0000022c33cdc000 JavaThread "Device List Monitor" [_thread_in_native, id=2104, stack(0x00000066bba00000,0x00000066bbb00000)]
  0x0000022c2bbec000 JavaThread "Daemon Thread 2" [_thread_blocked, id=13276, stack(0x00000066b4f00000,0x00000066b5000000)]
  0x0000022c2bbe9000 JavaThread "Handler for socket connection from /127.0.0.1:49840 to /127.0.0.1:51087" [_thread_in_native, id=10684, stack(0x00000066b5000000,0x00000066b5100000)]
  0x0000022c2bbe6800 JavaThread "Cancel handler" [_thread_blocked, id=8972, stack(0x00000066b6a00000,0x00000066b6b00000)]
  0x0000022c2bbe7000 JavaThread "Daemon worker Thread 2" [_thread_in_vm, id=12932, stack(0x00000066b6b00000,0x00000066b6c00000)]
  0x0000022c2bbed000 JavaThread "Asynchronous log dispatcher for DefaultDaemonConnection: socket connection from /127.0.0.1:49840 to /127.0.0.1:51087" [_thread_blocked, id=13012, stack(0x00000066b6d00000,0x00000066b6e00000)]
  0x0000022c2bbef800 JavaThread "Daemon client event forwarder" [_thread_blocked, id=10824, stack(0x00000066b7700000,0x00000066b7800000)]
  0x0000022c2bbf2800 JavaThread "Cache worker for checksums cache (F:\Scorify\android\.gradle\8.0.1\checksums)" [_thread_blocked, id=11192, stack(0x00000066b6e00000,0x00000066b6f00000)]
  0x0000022c2bbf1000 JavaThread "Cache worker for cache directory md-rule (C:\Users\abdul\.gradle\caches\8.0.1\md-rule)" [_thread_blocked, id=11080, stack(0x00000066b7900000,0x00000066b7a00000)]
  0x0000022c2bbf0000 JavaThread "Cache worker for file hash cache (F:\Scorify\android\.gradle\8.0.1\fileHashes)" [_thread_blocked, id=11096, stack(0x00000066b7b00000,0x00000066b7c00000)]
  0x0000022c2bbf1800 JavaThread "Cache worker for cache directory md-supplier (C:\Users\abdul\.gradle\caches\8.0.1\md-supplier)" [_thread_blocked, id=11136, stack(0x00000066b8100000,0x00000066b8200000)]
  0x0000022c2bbe9800 JavaThread "File lock release action executor" [_thread_blocked, id=4240, stack(0x00000066b6900000,0x00000066b6a00000)]
  0x0000022c2bbea800 JavaThread "Cache worker for dependencies-accessors (F:\Scorify\android\.gradle\8.0.1\dependencies-accessors)" [_thread_blocked, id=15560, stack(0x00000066b5100000,0x00000066b5200000)]
  0x0000022c2bbed800 JavaThread "Cache worker for Build Output Cleanup Cache (F:\Scorify\node_modules\@react-native\gradle-plugin\.gradle\buildOutputCleanup)" [_thread_blocked, id=15564, stack(0x00000066b6c00000,0x00000066b6d00000)]
  0x0000022c2bbe8000 JavaThread "Unconstrained build operations" [_thread_blocked, id=15576, stack(0x00000066b8200000,0x00000066b8300000)]
  0x0000022c2bbf3800 JavaThread "Unconstrained build operations Thread 2" [_thread_blocked, id=15580, stack(0x00000066b8300000,0x00000066b8400000)]
  0x0000022c2bbee800 JavaThread "Unconstrained build operations Thread 3" [_thread_blocked, id=15584, stack(0x00000066b8400000,0x00000066b8500000)]
  0x0000022c2bbf5000 JavaThread "Unconstrained build operations Thread 4" [_thread_blocked, id=15588, stack(0x00000066b8500000,0x00000066b8600000)]
  0x0000022c31532000 JavaThread "Unconstrained build operations Thread 5" [_thread_blocked, id=15592, stack(0x00000066b8600000,0x00000066b8700000)]
  0x0000022c31534000 JavaThread "Unconstrained build operations Thread 6" [_thread_blocked, id=15596, stack(0x00000066b8700000,0x00000066b8800000)]
  0x0000022c3152e000 JavaThread "Unconstrained build operations Thread 7" [_thread_blocked, id=15600, stack(0x00000066b8800000,0x00000066b8900000)]
  0x0000022c31534800 JavaThread "Unconstrained build operations Thread 8" [_thread_blocked, id=15604, stack(0x00000066b8900000,0x00000066b8a00000)]
  0x0000022c3152f000 JavaThread "Unconstrained build operations Thread 9" [_thread_blocked, id=15608, stack(0x00000066b8a00000,0x00000066b8b00000)]
  0x0000022c31535800 JavaThread "Unconstrained build operations Thread 10" [_thread_blocked, id=15612, stack(0x00000066b8b00000,0x00000066b8c00000)]
  0x0000022c3152f800 JavaThread "Unconstrained build operations Thread 11" [_thread_blocked, id=15616, stack(0x00000066b8c00000,0x00000066b8d00000)]
  0x0000022c31539800 JavaThread "Unconstrained build operations Thread 12" [_thread_blocked, id=15620, stack(0x00000066b8d00000,0x00000066b8e00000)]
  0x0000022c31537000 JavaThread "Unconstrained build operations Thread 13" [_thread_blocked, id=15624, stack(0x00000066b8e00000,0x00000066b8f00000)]
  0x0000022c31536000 JavaThread "Unconstrained build operations Thread 14" [_thread_blocked, id=15628, stack(0x00000066b8f00000,0x00000066b9000000)]
  0x0000022c3153a800 JavaThread "Unconstrained build operations Thread 15" [_thread_blocked, id=15632, stack(0x00000066b9000000,0x00000066b9100000)]
  0x0000022c3153c000 JavaThread "Unconstrained build operations Thread 16" [_thread_blocked, id=15636, stack(0x00000066b9100000,0x00000066b9200000)]
  0x0000022c31538000 JavaThread "Unconstrained build operations Thread 17" [_thread_blocked, id=15640, stack(0x00000066b9200000,0x00000066b9300000)]
  0x0000022c3153d000 JavaThread "Unconstrained build operations Thread 18" [_thread_blocked, id=15644, stack(0x00000066b9300000,0x00000066b9400000)]
  0x0000022c3153b000 JavaThread "Unconstrained build operations Thread 19" [_thread_blocked, id=15648, stack(0x00000066b9400000,0x00000066b9500000)]
  0x0000022c31538800 JavaThread "Unconstrained build operations Thread 20" [_thread_blocked, id=15652, stack(0x00000066b9500000,0x00000066b9600000)]
  0x0000022c33cd8800 JavaThread "Unconstrained build operations Thread 21" [_thread_blocked, id=15656, stack(0x00000066b9600000,0x00000066b9700000)]
  0x0000022c33cd6000 JavaThread "Unconstrained build operations Thread 22" [_thread_blocked, id=15660, stack(0x00000066b9700000,0x00000066b9800000)]
  0x0000022c33cdd800 JavaThread "Unconstrained build operations Thread 23" [_thread_blocked, id=15664, stack(0x00000066b9800000,0x00000066b9900000)]
  0x0000022c33cdc800 JavaThread "Unconstrained build operations Thread 24" [_thread_blocked, id=15668, stack(0x00000066b9900000,0x00000066b9a00000)]
  0x0000022c33cde800 JavaThread "Unconstrained build operations Thread 25" [_thread_blocked, id=15672, stack(0x00000066b9a00000,0x00000066b9b00000)]
  0x0000022c33cd9800 JavaThread "Unconstrained build operations Thread 26" [_thread_blocked, id=15676, stack(0x00000066b9b00000,0x00000066b9c00000)]
  0x0000022c33cda000 JavaThread "Cache worker for Build Output Cleanup Cache (F:\Scorify\android\.gradle\buildOutputCleanup)" [_thread_blocked, id=15740, stack(0x00000066b9c00000,0x00000066b9d00000)]
  0x0000022c33ce1800 JavaThread "Execution worker" [_thread_blocked, id=15780, stack(0x00000066b9f00000,0x00000066ba000000)]
  0x0000022c33ce2800 JavaThread "Execution worker Thread 2" [_thread_blocked, id=15784, stack(0x00000066ba000000,0x00000066ba100000)]
  0x0000022c33ce3000 JavaThread "Execution worker Thread 3" [_thread_blocked, id=15788, stack(0x00000066ba100000,0x00000066ba200000)]
  0x0000022c33ce4000 JavaThread "Cache worker for execution history cache (F:\Scorify\node_modules\@react-native\gradle-plugin\.gradle\8.0.1\executionHistory)" [_thread_blocked, id=15796, stack(0x00000066ba200000,0x00000066ba300000)]
  0x0000022c28ad6000 JavaThread "Unconstrained build operations Thread 27" [_thread_blocked, id=15840, stack(0x00000066ba300000,0x00000066ba400000)]
  0x0000022c28ad4000 JavaThread "Unconstrained build operations Thread 28" [_thread_blocked, id=15844, stack(0x00000066ba400000,0x00000066ba500000)]
  0x0000022c28ad0000 JavaThread "Unconstrained build operations Thread 29" [_thread_blocked, id=15848, stack(0x00000066ba500000,0x00000066ba600000)]
  0x0000022c28ad2800 JavaThread "Unconstrained build operations Thread 30" [_thread_blocked, id=15852, stack(0x00000066ba600000,0x00000066ba700000)]
  0x0000022c28ad9000 JavaThread "Unconstrained build operations Thread 31" [_thread_blocked, id=15900, stack(0x00000066b6f00000,0x00000066b7000000)]
  0x0000022c28ada800 JavaThread "Unconstrained build operations Thread 32" [_thread_blocked, id=15904, stack(0x00000066ba700000,0x00000066ba800000)]
  0x0000022c33ce0000 JavaThread "Unconstrained build operations Thread 33" [_thread_blocked, id=15908, stack(0x00000066ba800000,0x00000066ba900000)]
  0x0000022c2bbeb000 JavaThread "Unconstrained build operations Thread 34" [_thread_blocked, id=15912, stack(0x00000066ba900000,0x00000066baa00000)]
  0x0000022c2dcde000 JavaThread "Unconstrained build operations Thread 35" [_thread_blocked, id=15916, stack(0x00000066baa00000,0x00000066bab00000)]
  0x0000022c2dce2000 JavaThread "Unconstrained build operations Thread 36" [_thread_blocked, id=15920, stack(0x00000066bab00000,0x00000066bac00000)]
  0x0000022c2dcdc000 JavaThread "Unconstrained build operations Thread 37" [_thread_blocked, id=15924, stack(0x00000066bac00000,0x00000066bad00000)]
  0x0000022c2dcdd000 JavaThread "Unconstrained build operations Thread 38" [_thread_blocked, id=15928, stack(0x00000066bad00000,0x00000066bae00000)]
  0x0000022c2dce2800 JavaThread "Unconstrained build operations Thread 39" [_thread_blocked, id=15932, stack(0x00000066bae00000,0x00000066baf00000)]
  0x0000022c2dce0800 JavaThread "Unconstrained build operations Thread 40" [_thread_blocked, id=15936, stack(0x00000066baf00000,0x00000066bb000000)]

Other Threads:
  0x0000022c27141000 VMThread "VM Thread" [stack: 0x00000066b5800000,0x00000066b5900000] [id=6352]
  0x0000022c27b66000 WatcherThread [stack: 0x00000066b6200000,0x00000066b6300000] [id=1472]
  0x0000022c06c53800 GCTaskThread "GC Thread#0" [stack: 0x00000066b5300000,0x00000066b5400000] [id=5832]
  0x0000022c27cae000 GCTaskThread "GC Thread#1" [stack: 0x00000066b6400000,0x00000066b6500000] [id=424]
  0x0000022c27f56800 GCTaskThread "GC Thread#2" [stack: 0x00000066b6500000,0x00000066b6600000] [id=3004]
  0x0000022c28085000 GCTaskThread "GC Thread#3" [stack: 0x00000066b6600000,0x00000066b6700000] [id=2688]
  0x0000022c06c86800 ConcurrentGCThread "G1 Main Marker" [stack: 0x00000066b5400000,0x00000066b5500000] [id=3344]
  0x0000022c06c87800 ConcurrentGCThread "G1 Conc#0" [stack: 0x00000066b5500000,0x00000066b5600000] [id=3316]
  0x0000022c26fb2800 ConcurrentGCThread "G1 Refine#0" [stack: 0x00000066b5600000,0x00000066b5700000] [id=3312]
  0x0000022c2bbe4000 ConcurrentGCThread "G1 Refine#1" [stack: 0x00000066b7600000,0x00000066b7700000] [id=2264]
  0x0000022c26fb3800 ConcurrentGCThread "G1 Young RemSet Sampling" [stack: 0x00000066b5700000,0x00000066b5800000] [id=7084]

Threads with active compile tasks:
C2 CompilerThread01229638 22553       4       groovy.lang.MetaClassImpl::inheritInterfaceNewMetaMethods (195 bytes)

VM state:not at safepoint (normal execution)

VM Mutex/Monitor currently owned by a thread: None

Heap address: 0x0000000080000000, size: 2048 MB, Compressed Oops mode: 32-bit
Narrow klass base: 0x0000000000000000, Narrow klass shift: 3
Compressed class space size: 528482304 Address: 0x0000000100000000

Heap:
 garbage-first heap   total 262144K, used 214087K [0x0000000080000000, 0x0000000100000000)
  region size 1024K, 14 young (14336K), 4 survivors (4096K)
 Metaspace       used 136421K, capacity 141283K, committed 141520K, reserved 638976K
  class space    used 17315K, capacity 19142K, committed 19276K, reserved 516096K
Heap Regions: E=young(eden), S=young(survivor), O=old, HS=humongous(starts), HC=humongous(continues), CS=collection set, F=free, A=archive, TAMS=top-at-mark-start (previous, next)
|   0|0x0000000080000000, 0x0000000080100000, 0x0000000080100000|100%| O|  |TAMS 0x0000000080100000, 0x0000000080000000| Untracked 
|   1|0x0000000080100000, 0x0000000080200000, 0x0000000080200000|100%| O|  |TAMS 0x0000000080200000, 0x0000000080100000| Untracked 
|   2|0x0000000080200000, 0x0000000080300000, 0x0000000080300000|100%| O|  |TAMS 0x0000000080300000, 0x0000000080200000| Untracked 
|   3|0x0000000080300000, 0x0000000080400000, 0x0000000080400000|100%|HS|  |TAMS 0x0000000080400000, 0x0000000080300000| Complete 
|   4|0x0000000080400000, 0x0000000080500000, 0x0000000080500000|100%|HC|  |TAMS 0x0000000080500000, 0x0000000080400000| Complete 
|   5|0x0000000080500000, 0x0000000080600000, 0x0000000080600000|100%|HC|  |TAMS 0x0000000080600000, 0x0000000080500000| Complete 
|   6|0x0000000080600000, 0x0000000080700000, 0x0000000080700000|100%|HC|  |TAMS 0x0000000080700000, 0x0000000080600000| Complete 
|   7|0x0000000080700000, 0x0000000080800000, 0x0000000080800000|100%| O|  |TAMS 0x0000000080800000, 0x0000000080700000| Untracked 
|   8|0x0000000080800000, 0x0000000080900000, 0x0000000080900000|100%| O|  |TAMS 0x0000000080900000, 0x0000000080800000| Untracked 
|   9|0x0000000080900000, 0x0000000080a00000, 0x0000000080a00000|100%| O|  |TAMS 0x0000000080a00000, 0x0000000080900000| Untracked 
|  10|0x0000000080a00000, 0x0000000080b00000, 0x0000000080b00000|100%| O|  |TAMS 0x0000000080b00000, 0x0000000080a00000| Untracked 
|  11|0x0000000080b00000, 0x0000000080c00000, 0x0000000080c00000|100%| O|  |TAMS 0x0000000080c00000, 0x0000000080b00000| Untracked 
|  12|0x0000000080c00000, 0x0000000080d00000, 0x0000000080d00000|100%| O|  |TAMS 0x0000000080d00000, 0x0000000080c00000| Untracked 
|  13|0x0000000080d00000, 0x0000000080e00000, 0x0000000080e00000|100%| O|  |TAMS 0x0000000080e00000, 0x0000000080d00000| Untracked 
|  14|0x0000000080e00000, 0x0000000080f00000, 0x0000000080f00000|100%| O|  |TAMS 0x0000000080f00000, 0x0000000080e00000| Untracked 
|  15|0x0000000080f00000, 0x0000000081000000, 0x0000000081000000|100%| O|  |TAMS 0x0000000081000000, 0x0000000080f00000| Untracked 
|  16|0x0000000081000000, 0x0000000081100000, 0x0000000081100000|100%| O|  |TAMS 0x0000000081100000, 0x0000000081000000| Untracked 
|  17|0x0000000081100000, 0x0000000081200000, 0x0000000081200000|100%| O|  |TAMS 0x0000000081200000, 0x0000000081100000| Untracked 
|  18|0x0000000081200000, 0x0000000081300000, 0x0000000081300000|100%| O|  |TAMS 0x0000000081300000, 0x0000000081200000| Untracked 
|  19|0x0000000081300000, 0x0000000081400000, 0x0000000081400000|100%| O|  |TAMS 0x0000000081400000, 0x0000000081300000| Untracked 
|  20|0x0000000081400000, 0x0000000081500000, 0x0000000081500000|100%| O|  |TAMS 0x0000000081500000, 0x0000000081400000| Untracked 
|  21|0x0000000081500000, 0x0000000081600000, 0x0000000081600000|100%| O|  |TAMS 0x0000000081600000, 0x0000000081500000| Untracked 
|  22|0x0000000081600000, 0x0000000081700000, 0x0000000081700000|100%| O|  |TAMS 0x0000000081700000, 0x0000000081600000| Untracked 
|  23|0x0000000081700000, 0x0000000081800000, 0x0000000081800000|100%| O|  |TAMS 0x0000000081800000, 0x0000000081700000| Untracked 
|  24|0x0000000081800000, 0x0000000081900000, 0x0000000081900000|100%| O|  |TAMS 0x0000000081900000, 0x0000000081800000| Untracked 
|  25|0x0000000081900000, 0x0000000081a00000, 0x0000000081a00000|100%| O|  |TAMS 0x0000000081a00000, 0x0000000081900000| Untracked 
|  26|0x0000000081a00000, 0x0000000081b00000, 0x0000000081b00000|100%| O|  |TAMS 0x0000000081b00000, 0x0000000081a00000| Untracked 
|  27|0x0000000081b00000, 0x0000000081c00000, 0x0000000081c00000|100%| O|  |TAMS 0x0000000081c00000, 0x0000000081b00000| Untracked 
|  28|0x0000000081c00000, 0x0000000081d00000, 0x0000000081d00000|100%| O|  |TAMS 0x0000000081d00000, 0x0000000081c00000| Untracked 
|  29|0x0000000081d00000, 0x0000000081e00000, 0x0000000081e00000|100%| O|  |TAMS 0x0000000081e00000, 0x0000000081d00000| Untracked 
|  30|0x0000000081e00000, 0x0000000081f00000, 0x0000000081f00000|100%|HS|  |TAMS 0x0000000081f00000, 0x0000000081e00000| Complete 
|  31|0x0000000081f00000, 0x0000000082000000, 0x0000000082000000|100%|HC|  |TAMS 0x0000000082000000, 0x0000000081f00000| Complete 
|  32|0x0000000082000000, 0x0000000082100000, 0x0000000082100000|100%|HS|  |TAMS 0x0000000082100000, 0x0000000082000000| Complete 
|  33|0x0000000082100000, 0x0000000082200000, 0x0000000082200000|100%|HC|  |TAMS 0x0000000082200000, 0x0000000082100000| Complete 
|  34|0x0000000082200000, 0x0000000082300000, 0x0000000082300000|100%|HC|  |TAMS 0x0000000082300000, 0x0000000082200000| Complete 
|  35|0x0000000082300000, 0x0000000082400000, 0x0000000082400000|100%|HC|  |TAMS 0x0000000082400000, 0x0000000082300000| Complete 
|  36|0x0000000082400000, 0x0000000082500000, 0x0000000082500000|100%| O|  |TAMS 0x0000000082500000, 0x0000000082400000| Untracked 
|  37|0x0000000082500000, 0x0000000082600000, 0x0000000082600000|100%| O|  |TAMS 0x0000000082600000, 0x0000000082500000| Untracked 
|  38|0x0000000082600000, 0x0000000082700000, 0x0000000082700000|100%| O|  |TAMS 0x0000000082700000, 0x0000000082600000| Untracked 
|  39|0x0000000082700000, 0x0000000082800000, 0x0000000082800000|100%| O|  |TAMS 0x0000000082700000, 0x0000000082700000| Untracked 
|  40|0x0000000082800000, 0x0000000082900000, 0x0000000082900000|100%| O|  |TAMS 0x0000000082900000, 0x0000000082800000| Untracked 
|  41|0x0000000082900000, 0x0000000082a00000, 0x0000000082a00000|100%| O|  |TAMS 0x0000000082900000, 0x0000000082900000| Untracked 
|  42|0x0000000082a00000, 0x0000000082b00000, 0x0000000082b00000|100%| O|  |TAMS 0x0000000082a00000, 0x0000000082a00000| Untracked 
|  43|0x0000000082b00000, 0x0000000082c00000, 0x0000000082c00000|100%| O|  |TAMS 0x0000000082c00000, 0x0000000082b00000| Untracked 
|  44|0x0000000082c00000, 0x0000000082d00000, 0x0000000082d00000|100%|HS|  |TAMS 0x0000000082d00000, 0x0000000082c00000| Complete 
|  45|0x0000000082d00000, 0x0000000082e00000, 0x0000000082e00000|100%|HS|  |TAMS 0x0000000082e00000, 0x0000000082d00000| Complete 
|  46|0x0000000082e00000, 0x0000000082f00000, 0x0000000082f00000|100%| O|  |TAMS 0x0000000082f00000, 0x0000000082e00000| Untracked 
|  47|0x0000000082f00000, 0x0000000083000000, 0x0000000083000000|100%| O|  |TAMS 0x0000000083000000, 0x0000000082f00000| Untracked 
|  48|0x0000000083000000, 0x0000000083100000, 0x0000000083100000|100%| O|  |TAMS 0x0000000083100000, 0x0000000083000000| Untracked 
|  49|0x0000000083100000, 0x0000000083200000, 0x0000000083200000|100%| O|  |TAMS 0x0000000083200000, 0x0000000083100000| Untracked 
|  50|0x0000000083200000, 0x0000000083300000, 0x0000000083300000|100%| O|  |TAMS 0x0000000083300000, 0x0000000083200000| Untracked 
|  51|0x0000000083300000, 0x0000000083400000, 0x0000000083400000|100%| O|  |TAMS 0x0000000083400000, 0x0000000083300000| Untracked 
|  52|0x0000000083400000, 0x0000000083500000, 0x0000000083500000|100%| O|  |TAMS 0x0000000083500000, 0x0000000083400000| Untracked 
|  53|0x0000000083500000, 0x0000000083600000, 0x0000000083600000|100%| O|  |TAMS 0x0000000083600000, 0x0000000083500000| Untracked 
|  54|0x0000000083600000, 0x0000000083700000, 0x0000000083700000|100%| O|  |TAMS 0x0000000083700000, 0x0000000083600000| Untracked 
|  55|0x0000000083700000, 0x0000000083800000, 0x0000000083800000|100%| O|  |TAMS 0x0000000083800000, 0x0000000083700000| Untracked 
|  56|0x0000000083800000, 0x0000000083900000, 0x0000000083900000|100%| O|  |TAMS 0x0000000083900000, 0x0000000083800000| Untracked 
|  57|0x0000000083900000, 0x0000000083a00000, 0x0000000083a00000|100%| O|  |TAMS 0x0000000083a00000, 0x0000000083900000| Untracked 
|  58|0x0000000083a00000, 0x0000000083b00000, 0x0000000083b00000|100%| O|  |TAMS 0x0000000083b00000, 0x0000000083a00000| Untracked 
|  59|0x0000000083b00000, 0x0000000083c00000, 0x0000000083c00000|100%| O|  |TAMS 0x0000000083c00000, 0x0000000083b00000| Untracked 
|  60|0x0000000083c00000, 0x0000000083d00000, 0x0000000083d00000|100%| O|  |TAMS 0x0000000083d00000, 0x0000000083c00000| Untracked 
|  61|0x0000000083d00000, 0x0000000083e00000, 0x0000000083e00000|100%| O|  |TAMS 0x0000000083e00000, 0x0000000083d00000| Untracked 
|  62|0x0000000083e00000, 0x0000000083f00000, 0x0000000083f00000|100%| O|  |TAMS 0x0000000083f00000, 0x0000000083e00000| Untracked 
|  63|0x0000000083f00000, 0x0000000084000000, 0x0000000084000000|100%| O|  |TAMS 0x0000000084000000, 0x0000000083f00000| Untracked 
|  64|0x0000000084000000, 0x0000000084100000, 0x0000000084100000|100%| O|  |TAMS 0x0000000084100000, 0x0000000084000000| Untracked 
|  65|0x0000000084100000, 0x0000000084200000, 0x0000000084200000|100%| O|  |TAMS 0x0000000084200000, 0x0000000084100000| Untracked 
|  66|0x0000000084200000, 0x0000000084300000, 0x0000000084300000|100%| O|  |TAMS 0x0000000084300000, 0x0000000084200000| Untracked 
|  67|0x0000000084300000, 0x0000000084400000, 0x0000000084400000|100%| O|  |TAMS 0x0000000084400000, 0x0000000084300000| Untracked 
|  68|0x0000000084400000, 0x0000000084500000, 0x0000000084500000|100%| O|  |TAMS 0x0000000084500000, 0x0000000084400000| Untracked 
|  69|0x0000000084500000, 0x0000000084600000, 0x0000000084600000|100%| O|  |TAMS 0x0000000084600000, 0x0000000084500000| Untracked 
|  70|0x0000000084600000, 0x0000000084700000, 0x0000000084700000|100%| O|  |TAMS 0x0000000084600000, 0x0000000084600000| Untracked 
|  71|0x0000000084700000, 0x0000000084800000, 0x0000000084800000|100%| O|  |TAMS 0x0000000084700000, 0x0000000084700000| Untracked 
|  72|0x0000000084800000, 0x0000000084900000, 0x0000000084900000|100%| O|  |TAMS 0x0000000084800000, 0x0000000084800000| Untracked 
|  73|0x0000000084900000, 0x0000000084a00000, 0x0000000084a00000|100%| O|  |TAMS 0x0000000084900000, 0x0000000084900000| Untracked 
|  74|0x0000000084a00000, 0x0000000084b00000, 0x0000000084b00000|100%| O|  |TAMS 0x0000000084a00000, 0x0000000084a00000| Untracked 
|  75|0x0000000084b00000, 0x0000000084c00000, 0x0000000084c00000|100%| O|  |TAMS 0x0000000084c00000, 0x0000000084b00000| Untracked 
|  76|0x0000000084c00000, 0x0000000084d00000, 0x0000000084d00000|100%| O|  |TAMS 0x0000000084d00000, 0x0000000084c00000| Untracked 
|  77|0x0000000084d00000, 0x0000000084e00000, 0x0000000084e00000|100%| O|  |TAMS 0x0000000084e00000, 0x0000000084d00000| Untracked 
|  78|0x0000000084e00000, 0x0000000084f00000, 0x0000000084f00000|100%| O|  |TAMS 0x0000000084f00000, 0x0000000084e00000| Untracked 
|  79|0x0000000084f00000, 0x0000000085000000, 0x0000000085000000|100%| O|  |TAMS 0x0000000085000000, 0x0000000084f00000| Untracked 
|  80|0x0000000085000000, 0x0000000085100000, 0x0000000085100000|100%| O|  |TAMS 0x0000000085100000, 0x0000000085000000| Untracked 
|  81|0x0000000085100000, 0x0000000085200000, 0x0000000085200000|100%| O|  |TAMS 0x0000000085200000, 0x0000000085100000| Untracked 
|  82|0x0000000085200000, 0x0000000085300000, 0x0000000085300000|100%| O|  |TAMS 0x0000000085300000, 0x0000000085200000| Untracked 
|  83|0x0000000085300000, 0x0000000085400000, 0x0000000085400000|100%| O|  |TAMS 0x0000000085400000, 0x0000000085300000| Untracked 
|  84|0x0000000085400000, 0x0000000085500000, 0x0000000085500000|100%| O|  |TAMS 0x0000000085500000, 0x0000000085400000| Untracked 
|  85|0x0000000085500000, 0x0000000085600000, 0x0000000085600000|100%| O|  |TAMS 0x0000000085600000, 0x0000000085500000| Untracked 
|  86|0x0000000085600000, 0x0000000085700000, 0x0000000085700000|100%| O|  |TAMS 0x0000000085700000, 0x0000000085600000| Untracked 
|  87|0x0000000085700000, 0x0000000085800000, 0x0000000085800000|100%| O|  |TAMS 0x0000000085800000, 0x0000000085700000| Untracked 
|  88|0x0000000085800000, 0x0000000085900000, 0x0000000085900000|100%| O|  |TAMS 0x0000000085900000, 0x0000000085800000| Untracked 
|  89|0x0000000085900000, 0x0000000085a00000, 0x0000000085a00000|100%| O|  |TAMS 0x0000000085900000, 0x0000000085900000| Untracked 
|  90|0x0000000085a00000, 0x0000000085b00000, 0x0000000085b00000|100%| O|  |TAMS 0x0000000085b00000, 0x0000000085a00000| Untracked 
|  91|0x0000000085b00000, 0x0000000085c00000, 0x0000000085c00000|100%| O|  |TAMS 0x0000000085c00000, 0x0000000085b00000| Untracked 
|  92|0x0000000085c00000, 0x0000000085d00000, 0x0000000085d00000|100%| O|  |TAMS 0x0000000085d00000, 0x0000000085c00000| Untracked 
|  93|0x0000000085d00000, 0x0000000085e00000, 0x0000000085e00000|100%| O|  |TAMS 0x0000000085d00000, 0x0000000085d00000| Untracked 
|  94|0x0000000085e00000, 0x0000000085f00000, 0x0000000085f00000|100%| O|  |TAMS 0x0000000085e00000, 0x0000000085e00000| Untracked 
|  95|0x0000000085f00000, 0x0000000086000000, 0x0000000086000000|100%| O|  |TAMS 0x0000000086000000, 0x0000000085f00000| Untracked 
|  96|0x0000000086000000, 0x0000000086100000, 0x0000000086100000|100%| O|  |TAMS 0x0000000086100000, 0x0000000086000000| Untracked 
|  97|0x0000000086100000, 0x0000000086200000, 0x0000000086200000|100%| O|  |TAMS 0x0000000086200000, 0x0000000086100000| Untracked 
|  98|0x0000000086200000, 0x0000000086300000, 0x0000000086300000|100%| O|  |TAMS 0x0000000086300000, 0x0000000086200000| Untracked 
|  99|0x0000000086300000, 0x0000000086400000, 0x0000000086400000|100%|HS|  |TAMS 0x0000000086300000, 0x0000000086300000| Complete 
| 100|0x0000000086400000, 0x0000000086500000, 0x0000000086500000|100%| O|  |TAMS 0x0000000086500000, 0x0000000086400000| Untracked 
| 101|0x0000000086500000, 0x0000000086600000, 0x0000000086600000|100%| O|  |TAMS 0x0000000086600000, 0x0000000086500000| Untracked 
| 102|0x0000000086600000, 0x0000000086700000, 0x0000000086700000|100%| O|  |TAMS 0x0000000086600000, 0x0000000086600000| Untracked 
| 103|0x0000000086700000, 0x0000000086800000, 0x0000000086800000|100%| O|  |TAMS 0x0000000086700000, 0x0000000086700000| Untracked 
| 104|0x0000000086800000, 0x0000000086900000, 0x0000000086900000|100%| O|  |TAMS 0x0000000086900000, 0x0000000086800000| Untracked 
| 105|0x0000000086900000, 0x0000000086a00000, 0x0000000086a00000|100%| O|  |TAMS 0x0000000086900000, 0x0000000086900000| Untracked 
| 106|0x0000000086a00000, 0x0000000086b00000, 0x0000000086b00000|100%| O|  |TAMS 0x0000000086a00000, 0x0000000086a00000| Untracked 
| 107|0x0000000086b00000, 0x0000000086c00000, 0x0000000086c00000|100%| O|  |TAMS 0x0000000086c00000, 0x0000000086b00000| Untracked 
| 108|0x0000000086c00000, 0x0000000086d00000, 0x0000000086d00000|100%| O|  |TAMS 0x0000000086c00000, 0x0000000086c00000| Untracked 
| 109|0x0000000086d00000, 0x0000000086e00000, 0x0000000086e00000|100%| O|  |TAMS 0x0000000086d00000, 0x0000000086d00000| Untracked 
| 110|0x0000000086e00000, 0x0000000086f00000, 0x0000000086f00000|100%| O|  |TAMS 0x0000000086e00000, 0x0000000086e00000| Untracked 
| 111|0x0000000086f00000, 0x0000000087000000, 0x0000000087000000|100%| O|  |TAMS 0x0000000086f00000, 0x0000000086f00000| Untracked 
| 112|0x0000000087000000, 0x0000000087100000, 0x0000000087100000|100%| O|  |TAMS 0x0000000087000000, 0x0000000087000000| Untracked 
| 113|0x0000000087100000, 0x0000000087200000, 0x0000000087200000|100%| O|  |TAMS 0x0000000087200000, 0x0000000087100000| Untracked 
| 114|0x0000000087200000, 0x0000000087300000, 0x0000000087300000|100%| O|  |TAMS 0x0000000087200000, 0x0000000087200000| Untracked 
| 115|0x0000000087300000, 0x0000000087400000, 0x0000000087400000|100%| O|  |TAMS 0x0000000087300000, 0x0000000087300000| Untracked 
| 116|0x0000000087400000, 0x0000000087500000, 0x0000000087500000|100%| O|  |TAMS 0x0000000087400000, 0x0000000087400000| Untracked 
| 117|0x0000000087500000, 0x0000000087600000, 0x0000000087600000|100%| O|  |TAMS 0x0000000087500000, 0x0000000087500000| Untracked 
| 118|0x0000000087600000, 0x0000000087700000, 0x0000000087700000|100%| O|  |TAMS 0x0000000087600000, 0x0000000087600000| Untracked 
| 119|0x0000000087700000, 0x0000000087800000, 0x0000000087800000|100%| O|  |TAMS 0x0000000087700000, 0x0000000087700000| Untracked 
| 120|0x0000000087800000, 0x0000000087900000, 0x0000000087900000|100%| O|  |TAMS 0x0000000087800000, 0x0000000087800000| Untracked 
| 121|0x0000000087900000, 0x0000000087a00000, 0x0000000087a00000|100%| O|  |TAMS 0x0000000087900000, 0x0000000087900000| Untracked 
| 122|0x0000000087a00000, 0x0000000087b00000, 0x0000000087b00000|100%| O|  |TAMS 0x0000000087a00000, 0x0000000087a00000| Untracked 
| 123|0x0000000087b00000, 0x0000000087c00000, 0x0000000087c00000|100%| O|  |TAMS 0x0000000087b00000, 0x0000000087b00000| Untracked 
| 124|0x0000000087c00000, 0x0000000087d00000, 0x0000000087d00000|100%| O|  |TAMS 0x0000000087c00000, 0x0000000087c00000| Untracked 
| 125|0x0000000087d00000, 0x0000000087e00000, 0x0000000087e00000|100%| O|  |TAMS 0x0000000087d00000, 0x0000000087d00000| Untracked 
| 126|0x0000000087e00000, 0x0000000087f00000, 0x0000000087f00000|100%| O|  |TAMS 0x0000000087f00000, 0x0000000087e00000| Untracked 
| 127|0x0000000087f00000, 0x0000000088000000, 0x0000000088000000|100%|HS|  |TAMS 0x0000000087f00000, 0x0000000087f00000| Complete 
| 128|0x0000000088000000, 0x0000000088100000, 0x0000000088100000|100%|HS|  |TAMS 0x0000000088000000, 0x0000000088000000| Complete 
| 129|0x0000000088100000, 0x0000000088200000, 0x0000000088200000|100%| O|  |TAMS 0x0000000088200000, 0x0000000088100000| Untracked 
| 130|0x0000000088200000, 0x0000000088300000, 0x0000000088300000|100%| O|  |TAMS 0x0000000088300000, 0x0000000088200000| Untracked 
| 131|0x0000000088300000, 0x0000000088400000, 0x0000000088400000|100%| O|  |TAMS 0x0000000088400000, 0x0000000088300000| Untracked 
| 132|0x0000000088400000, 0x0000000088500000, 0x0000000088500000|100%| O|  |TAMS 0x0000000088500000, 0x0000000088400000| Untracked 
| 133|0x0000000088500000, 0x0000000088600000, 0x0000000088600000|100%| O|  |TAMS 0x0000000088600000, 0x0000000088500000| Untracked 
| 134|0x0000000088600000, 0x0000000088700000, 0x0000000088700000|100%| O|  |TAMS 0x0000000088700000, 0x0000000088600000| Untracked 
| 135|0x0000000088700000, 0x0000000088800000, 0x0000000088800000|100%| O|  |TAMS 0x0000000088700000, 0x0000000088700000| Untracked 
| 136|0x0000000088800000, 0x0000000088900000, 0x0000000088900000|100%| O|  |TAMS 0x0000000088800000, 0x0000000088800000| Untracked 
| 137|0x0000000088900000, 0x0000000088a00000, 0x0000000088a00000|100%| O|  |TAMS 0x0000000088a00000, 0x0000000088900000| Untracked 
| 138|0x0000000088a00000, 0x0000000088b00000, 0x0000000088b00000|100%| O|  |TAMS 0x0000000088b00000, 0x0000000088a00000| Untracked 
| 139|0x0000000088b00000, 0x0000000088c00000, 0x0000000088c00000|100%| O|  |TAMS 0x0000000088b00000, 0x0000000088b00000| Untracked 
| 140|0x0000000088c00000, 0x0000000088d00000, 0x0000000088d00000|100%| O|  |TAMS 0x0000000088d00000, 0x0000000088c00000| Untracked 
| 141|0x0000000088d00000, 0x0000000088e00000, 0x0000000088e00000|100%| O|  |TAMS 0x0000000088e00000, 0x0000000088d00000| Untracked 
| 142|0x0000000088e00000, 0x0000000088f00000, 0x0000000088f00000|100%| O|  |TAMS 0x0000000088f00000, 0x0000000088e00000| Untracked 
| 143|0x0000000088f00000, 0x0000000089000000, 0x0000000089000000|100%| O|  |TAMS 0x0000000089000000, 0x0000000088f00000| Untracked 
| 144|0x0000000089000000, 0x0000000089100000, 0x0000000089100000|100%| O|  |TAMS 0x0000000089100000, 0x0000000089000000| Untracked 
| 145|0x0000000089100000, 0x0000000089200000, 0x0000000089200000|100%| O|  |TAMS 0x0000000089200000, 0x0000000089100000| Untracked 
| 146|0x0000000089200000, 0x0000000089300000, 0x0000000089300000|100%| O|  |TAMS 0x0000000089300000, 0x0000000089200000| Untracked 
| 147|0x0000000089300000, 0x0000000089400000, 0x0000000089400000|100%| O|  |TAMS 0x0000000089400000, 0x0000000089300000| Untracked 
| 148|0x0000000089400000, 0x0000000089500000, 0x0000000089500000|100%| O|  |TAMS 0x0000000089500000, 0x0000000089400000| Untracked 
| 149|0x0000000089500000, 0x0000000089600000, 0x0000000089600000|100%| O|  |TAMS 0x0000000089600000, 0x0000000089500000| Untracked 
| 150|0x0000000089600000, 0x0000000089700000, 0x0000000089700000|100%| O|  |TAMS 0x0000000089700000, 0x0000000089600000| Untracked 
| 151|0x0000000089700000, 0x0000000089800000, 0x0000000089800000|100%| O|  |TAMS 0x0000000089800000, 0x0000000089700000| Untracked 
| 152|0x0000000089800000, 0x0000000089900000, 0x0000000089900000|100%| O|  |TAMS 0x0000000089900000, 0x0000000089800000| Untracked 
| 153|0x0000000089900000, 0x0000000089a00000, 0x0000000089a00000|100%| O|  |TAMS 0x0000000089a00000, 0x0000000089900000| Untracked 
| 154|0x0000000089a00000, 0x0000000089b00000, 0x0000000089b00000|100%| O|  |TAMS 0x0000000089b00000, 0x0000000089a00000| Untracked 
| 155|0x0000000089b00000, 0x0000000089c00000, 0x0000000089c00000|100%| O|  |TAMS 0x0000000089c00000, 0x0000000089b00000| Untracked 
| 156|0x0000000089c00000, 0x0000000089d00000, 0x0000000089d00000|100%| O|  |TAMS 0x0000000089d00000, 0x0000000089c00000| Untracked 
| 157|0x0000000089d00000, 0x0000000089e00000, 0x0000000089e00000|100%| O|  |TAMS 0x0000000089d00000, 0x0000000089d00000| Untracked 
| 158|0x0000000089e00000, 0x0000000089f00000, 0x0000000089f00000|100%| O|  |TAMS 0x0000000089f00000, 0x0000000089e00000| Untracked 
| 159|0x0000000089f00000, 0x000000008a000000, 0x000000008a000000|100%| O|  |TAMS 0x000000008a000000, 0x0000000089f00000| Untracked 
| 160|0x000000008a000000, 0x000000008a100000, 0x000000008a100000|100%| O|  |TAMS 0x000000008a100000, 0x000000008a000000| Untracked 
| 161|0x000000008a100000, 0x000000008a200000, 0x000000008a200000|100%| O|  |TAMS 0x000000008a200000, 0x000000008a100000| Untracked 
| 162|0x000000008a200000, 0x000000008a300000, 0x000000008a300000|100%| O|  |TAMS 0x000000008a300000, 0x000000008a200000| Untracked 
| 163|0x000000008a300000, 0x000000008a400000, 0x000000008a400000|100%| O|  |TAMS 0x000000008a400000, 0x000000008a300000| Untracked 
| 164|0x000000008a400000, 0x000000008a500000, 0x000000008a500000|100%| O|  |TAMS 0x000000008a500000, 0x000000008a400000| Untracked 
| 165|0x000000008a500000, 0x000000008a600000, 0x000000008a600000|100%| O|  |TAMS 0x000000008a600000, 0x000000008a500000| Untracked 
| 166|0x000000008a600000, 0x000000008a700000, 0x000000008a700000|100%|HS|  |TAMS 0x000000008a700000, 0x000000008a600000| Complete 
| 167|0x000000008a700000, 0x000000008a800000, 0x000000008a800000|100%|HS|  |TAMS 0x000000008a800000, 0x000000008a700000| Complete 
| 168|0x000000008a800000, 0x000000008a900000, 0x000000008a900000|100%|HS|  |TAMS 0x000000008a900000, 0x000000008a800000| Complete 
| 169|0x000000008a900000, 0x000000008aa00000, 0x000000008aa00000|100%|HS|  |TAMS 0x000000008aa00000, 0x000000008a900000| Complete 
| 170|0x000000008aa00000, 0x000000008ab00000, 0x000000008ab00000|100%|HC|  |TAMS 0x000000008ab00000, 0x000000008aa00000| Complete 
| 171|0x000000008ab00000, 0x000000008ac00000, 0x000000008ac00000|100%|HC|  |TAMS 0x000000008ac00000, 0x000000008ab00000| Complete 
| 172|0x000000008ac00000, 0x000000008ad00000, 0x000000008ad00000|100%|HS|  |TAMS 0x000000008ad00000, 0x000000008ac00000| Complete 
| 173|0x000000008ad00000, 0x000000008ae00000, 0x000000008ae00000|100%|HC|  |TAMS 0x000000008ae00000, 0x000000008ad00000| Complete 
| 174|0x000000008ae00000, 0x000000008af00000, 0x000000008af00000|100%| O|  |TAMS 0x000000008af00000, 0x000000008ae00000| Untracked 
| 175|0x000000008af00000, 0x000000008b000000, 0x000000008b000000|100%| O|  |TAMS 0x000000008b000000, 0x000000008af00000| Untracked 
| 176|0x000000008b000000, 0x000000008b100000, 0x000000008b100000|100%| O|  |TAMS 0x000000008b100000, 0x000000008b000000| Untracked 
| 177|0x000000008b100000, 0x000000008b200000, 0x000000008b200000|100%| O|  |TAMS 0x000000008b100000, 0x000000008b100000| Untracked 
| 178|0x000000008b200000, 0x000000008b300000, 0x000000008b300000|100%| O|  |TAMS 0x000000008b300000, 0x000000008b200000| Untracked 
| 179|0x000000008b300000, 0x000000008b400000, 0x000000008b400000|100%| O|  |TAMS 0x000000008b400000, 0x000000008b300000| Untracked 
| 180|0x000000008b400000, 0x000000008b500000, 0x000000008b500000|100%| O|  |TAMS 0x000000008b500000, 0x000000008b400000| Untracked 
| 181|0x000000008b500000, 0x000000008b600000, 0x000000008b600000|100%| O|  |TAMS 0x000000008b600000, 0x000000008b500000| Untracked 
| 182|0x000000008b600000, 0x000000008b700000, 0x000000008b700000|100%| O|  |TAMS 0x000000008b700000, 0x000000008b600000| Untracked 
| 183|0x000000008b700000, 0x000000008b800000, 0x000000008b800000|100%| O|  |TAMS 0x000000008b800000, 0x000000008b700000| Untracked 
| 184|0x000000008b800000, 0x000000008b900000, 0x000000008b900000|100%| O|  |TAMS 0x000000008b86b800, 0x000000008b800000| Untracked 
| 185|0x000000008b900000, 0x000000008ba00000, 0x000000008ba00000|100%| O|  |TAMS 0x000000008b900000, 0x000000008b900000| Untracked 
| 186|0x000000008ba00000, 0x000000008bb00000, 0x000000008bb00000|100%| O|  |TAMS 0x000000008ba00000, 0x000000008ba00000| Untracked 
| 187|0x000000008bb00000, 0x000000008bc00000, 0x000000008bc00000|100%| O|  |TAMS 0x000000008bb00000, 0x000000008bb00000| Untracked 
| 188|0x000000008bc00000, 0x000000008bd00000, 0x000000008bd00000|100%| O|  |TAMS 0x000000008bc00000, 0x000000008bc00000| Untracked 
| 189|0x000000008bd00000, 0x000000008be00000, 0x000000008be00000|100%| O|  |TAMS 0x000000008bd00000, 0x000000008bd00000| Untracked 
| 190|0x000000008be00000, 0x000000008bf00000, 0x000000008bf00000|100%| O|  |TAMS 0x000000008be00000, 0x000000008be00000| Untracked 
| 191|0x000000008bf00000, 0x000000008c000000, 0x000000008c000000|100%| O|  |TAMS 0x000000008bf00000, 0x000000008bf00000| Untracked 
| 192|0x000000008c000000, 0x000000008c100000, 0x000000008c100000|100%| O|  |TAMS 0x000000008c000000, 0x000000008c000000| Untracked 
| 193|0x000000008c100000, 0x000000008c200000, 0x000000008c200000|100%| O|  |TAMS 0x000000008c100000, 0x000000008c100000| Untracked 
| 194|0x000000008c200000, 0x000000008c300000, 0x000000008c300000|100%| O|  |TAMS 0x000000008c200000, 0x000000008c200000| Untracked 
| 195|0x000000008c300000, 0x000000008c400000, 0x000000008c400000|100%| O|  |TAMS 0x000000008c300000, 0x000000008c300000| Untracked 
| 196|0x000000008c400000, 0x000000008c411c00, 0x000000008c500000|  6%| O|  |TAMS 0x000000008c400000, 0x000000008c400000| Untracked 
| 197|0x000000008c500000, 0x000000008c500000, 0x000000008c600000|  0%| F|  |TAMS 0x000000008c500000, 0x000000008c500000| Untracked 
| 198|0x000000008c600000, 0x000000008c600000, 0x000000008c700000|  0%| F|  |TAMS 0x000000008c600000, 0x000000008c600000| Untracked 
| 199|0x000000008c700000, 0x000000008c700000, 0x000000008c800000|  0%| F|  |TAMS 0x000000008c700000, 0x000000008c700000| Untracked 
| 200|0x000000008c800000, 0x000000008c800000, 0x000000008c900000|  0%| F|  |TAMS 0x000000008c800000, 0x000000008c800000| Untracked 
| 201|0x000000008c900000, 0x000000008c900000, 0x000000008ca00000|  0%| F|  |TAMS 0x000000008c900000, 0x000000008c900000| Untracked 
| 202|0x000000008ca00000, 0x000000008ca00000, 0x000000008cb00000|  0%| F|  |TAMS 0x000000008ca00000, 0x000000008ca00000| Untracked 
| 203|0x000000008cb00000, 0x000000008cb00000, 0x000000008cc00000|  0%| F|  |TAMS 0x000000008cb00000, 0x000000008cb00000| Untracked 
| 204|0x000000008cc00000, 0x000000008cc00000, 0x000000008cd00000|  0%| F|  |TAMS 0x000000008cc00000, 0x000000008cc00000| Untracked 
| 205|0x000000008cd00000, 0x000000008cd00000, 0x000000008ce00000|  0%| F|  |TAMS 0x000000008cd00000, 0x000000008cd00000| Untracked 
| 206|0x000000008ce00000, 0x000000008ce00000, 0x000000008cf00000|  0%| F|  |TAMS 0x000000008ce00000, 0x000000008ce00000| Untracked 
| 207|0x000000008cf00000, 0x000000008cf00000, 0x000000008d000000|  0%| F|  |TAMS 0x000000008cf00000, 0x000000008cf00000| Untracked 
| 208|0x000000008d000000, 0x000000008d000000, 0x000000008d100000|  0%| F|  |TAMS 0x000000008d000000, 0x000000008d000000| Untracked 
| 209|0x000000008d100000, 0x000000008d100000, 0x000000008d200000|  0%| F|  |TAMS 0x000000008d100000, 0x000000008d100000| Untracked 
| 210|0x000000008d200000, 0x000000008d200000, 0x000000008d300000|  0%| F|  |TAMS 0x000000008d200000, 0x000000008d200000| Untracked 
| 211|0x000000008d300000, 0x000000008d300000, 0x000000008d400000|  0%| F|  |TAMS 0x000000008d300000, 0x000000008d300000| Untracked 
| 212|0x000000008d400000, 0x000000008d400000, 0x000000008d500000|  0%| F|  |TAMS 0x000000008d400000, 0x000000008d400000| Untracked 
| 213|0x000000008d500000, 0x000000008d500000, 0x000000008d600000|  0%| F|  |TAMS 0x000000008d500000, 0x000000008d500000| Untracked 
| 214|0x000000008d600000, 0x000000008d600000, 0x000000008d700000|  0%| F|  |TAMS 0x000000008d600000, 0x000000008d600000| Untracked 
| 215|0x000000008d700000, 0x000000008d700000, 0x000000008d800000|  0%| F|  |TAMS 0x000000008d700000, 0x000000008d700000| Untracked 
| 216|0x000000008d800000, 0x000000008d800000, 0x000000008d900000|  0%| F|  |TAMS 0x000000008d800000, 0x000000008d800000| Untracked 
| 217|0x000000008d900000, 0x000000008d900000, 0x000000008da00000|  0%| F|  |TAMS 0x000000008d900000, 0x000000008d900000| Untracked 
| 218|0x000000008da00000, 0x000000008da00000, 0x000000008db00000|  0%| F|  |TAMS 0x000000008da00000, 0x000000008da00000| Untracked 
| 219|0x000000008db00000, 0x000000008db00000, 0x000000008dc00000|  0%| F|  |TAMS 0x000000008db00000, 0x000000008db00000| Untracked 
| 220|0x000000008dc00000, 0x000000008dd00000, 0x000000008dd00000|100%| S|CS|TAMS 0x000000008dc00000, 0x000000008dc00000| Complete 
| 221|0x000000008dd00000, 0x000000008dd00000, 0x000000008de00000|  0%| F|  |TAMS 0x000000008dd00000, 0x000000008dd00000| Untracked 
| 222|0x000000008de00000, 0x000000008de00000, 0x000000008df00000|  0%| F|  |TAMS 0x000000008de00000, 0x000000008de00000| Untracked 
| 223|0x000000008df00000, 0x000000008df00000, 0x000000008e000000|  0%| F|  |TAMS 0x000000008df00000, 0x000000008df00000| Untracked 
| 224|0x000000008e000000, 0x000000008e100000, 0x000000008e100000|100%| S|CS|TAMS 0x000000008e000000, 0x000000008e000000| Complete 
| 225|0x000000008e100000, 0x000000008e200000, 0x000000008e200000|100%| S|CS|TAMS 0x000000008e100000, 0x000000008e100000| Complete 
| 226|0x000000008e200000, 0x000000008e300000, 0x000000008e300000|100%| S|CS|TAMS 0x000000008e200000, 0x000000008e200000| Complete 
| 227|0x000000008e300000, 0x000000008e300000, 0x000000008e400000|  0%| F|  |TAMS 0x000000008e300000, 0x000000008e300000| Untracked 
| 228|0x000000008e400000, 0x000000008e400000, 0x000000008e500000|  0%| F|  |TAMS 0x000000008e400000, 0x000000008e400000| Untracked 
| 229|0x000000008e500000, 0x000000008e500000, 0x000000008e600000|  0%| F|  |TAMS 0x000000008e500000, 0x000000008e500000| Untracked 
| 230|0x000000008e600000, 0x000000008e600000, 0x000000008e700000|  0%| F|  |TAMS 0x000000008e600000, 0x000000008e600000| Untracked 
| 231|0x000000008e700000, 0x000000008e700000, 0x000000008e800000|  0%| F|  |TAMS 0x000000008e700000, 0x000000008e700000| Untracked 
| 232|0x000000008e800000, 0x000000008e800000, 0x000000008e900000|  0%| F|  |TAMS 0x000000008e800000, 0x000000008e800000| Untracked 
| 233|0x000000008e900000, 0x000000008e900000, 0x000000008ea00000|  0%| F|  |TAMS 0x000000008e900000, 0x000000008e900000| Untracked 
| 234|0x000000008ea00000, 0x000000008ea00000, 0x000000008eb00000|  0%| F|  |TAMS 0x000000008ea00000, 0x000000008ea00000| Untracked 
| 235|0x000000008eb00000, 0x000000008eb00000, 0x000000008ec00000|  0%| F|  |TAMS 0x000000008eb00000, 0x000000008eb00000| Untracked 
| 236|0x000000008ec00000, 0x000000008ec00000, 0x000000008ed00000|  0%| F|  |TAMS 0x000000008ec00000, 0x000000008ec00000| Untracked 
| 237|0x000000008ed00000, 0x000000008ed00000, 0x000000008ee00000|  0%| F|  |TAMS 0x000000008ed00000, 0x000000008ed00000| Untracked 
| 238|0x000000008ee00000, 0x000000008ee00000, 0x000000008ef00000|  0%| F|  |TAMS 0x000000008ee00000, 0x000000008ee00000| Untracked 
| 239|0x000000008ef00000, 0x000000008ef00000, 0x000000008f000000|  0%| F|  |TAMS 0x000000008ef00000, 0x000000008ef00000| Untracked 
| 240|0x000000008f000000, 0x000000008f000000, 0x000000008f100000|  0%| F|  |TAMS 0x000000008f000000, 0x000000008f000000| Untracked 
| 241|0x000000008f100000, 0x000000008f100000, 0x000000008f200000|  0%| F|  |TAMS 0x000000008f100000, 0x000000008f100000| Untracked 
| 242|0x000000008f200000, 0x000000008f200000, 0x000000008f300000|  0%| F|  |TAMS 0x000000008f200000, 0x000000008f200000| Untracked 
| 243|0x000000008f300000, 0x000000008f300000, 0x000000008f400000|  0%| F|  |TAMS 0x000000008f300000, 0x000000008f300000| Untracked 
| 244|0x000000008f400000, 0x000000008f400000, 0x000000008f500000|  0%| F|  |TAMS 0x000000008f400000, 0x000000008f400000| Untracked 
| 245|0x000000008f500000, 0x000000008f500000, 0x000000008f600000|  0%| F|  |TAMS 0x000000008f500000, 0x000000008f500000| Untracked 
| 246|0x000000008f600000, 0x000000008f673910, 0x000000008f700000| 45%| E|  |TAMS 0x000000008f600000, 0x000000008f600000| Complete 
| 247|0x000000008f700000, 0x000000008f800000, 0x000000008f800000|100%| E|CS|TAMS 0x000000008f700000, 0x000000008f700000| Complete 
| 248|0x000000008f800000, 0x000000008f900000, 0x000000008f900000|100%| E|CS|TAMS 0x000000008f800000, 0x000000008f800000| Complete 
| 249|0x000000008f900000, 0x000000008fa00000, 0x000000008fa00000|100%| E|CS|TAMS 0x000000008f900000, 0x000000008f900000| Complete 
| 250|0x000000008fa00000, 0x000000008fb00000, 0x000000008fb00000|100%| E|CS|TAMS 0x000000008fa00000, 0x000000008fa00000| Complete 
| 251|0x000000008fb00000, 0x000000008fc00000, 0x000000008fc00000|100%| E|CS|TAMS 0x000000008fb00000, 0x000000008fb00000| Complete 
| 252|0x000000008fc00000, 0x000000008fd00000, 0x000000008fd00000|100%| E|CS|TAMS 0x000000008fc00000, 0x000000008fc00000| Complete 
| 253|0x000000008fd00000, 0x000000008fe00000, 0x000000008fe00000|100%| E|CS|TAMS 0x000000008fd00000, 0x000000008fd00000| Complete 
| 254|0x000000008fe00000, 0x000000008ff00000, 0x000000008ff00000|100%| E|CS|TAMS 0x000000008fe00000, 0x000000008fe00000| Complete 
| 255|0x000000008ff00000, 0x0000000090000000, 0x0000000090000000|100%| E|CS|TAMS 0x000000008ff00000, 0x000000008ff00000| Complete 

Card table byte_map: [0x0000022c202b0000,0x0000022c206b0000] _byte_map_base: 0x0000022c1feb0000

Marking Bits (Prev, Next): (CMBitMap*) 0x0000022c06c7d990, (CMBitMap*) 0x0000022c06c7d958
 Prev Bits: [0x0000022c22ab0000, 0x0000022c24ab0000)
 Next Bits: [0x0000022c20ab0000, 0x0000022c22ab0000)

Polling page: 0x0000022c06a40000

Metaspace:

Usage:
  Non-class:    119.28 MB capacity,   116.31 MB ( 98%) used,     2.50 MB (  2%) free+waste,   474.13 KB ( <1%) overhead. 
      Class:     18.69 MB capacity,    16.91 MB ( 90%) used,     1.58 MB (  8%) free+waste,   210.88 KB (  1%) overhead. 
       Both:    137.97 MB capacity,   133.22 MB ( 97%) used,     4.08 MB (  3%) free+waste,   685.00 KB ( <1%) overhead. 

Virtual space:
  Non-class space:      120.00 MB reserved,     119.38 MB (>99%) committed 
      Class space:      504.00 MB reserved,      18.82 MB (  4%) committed 
             Both:      624.00 MB reserved,     138.20 MB ( 22%) committed 

Chunk freelists:
   Non-Class:  384 bytes
       Class:  3.25 KB
        Both:  3.63 KB

CodeHeap 'non-profiled nmethods': size=120064Kb used=13960Kb max_used=13960Kb free=106103Kb
 bounds [0x0000022c18350000, 0x0000022c19100000, 0x0000022c1f890000]
CodeHeap 'profiled nmethods': size=120000Kb used=43447Kb max_used=43447Kb free=76552Kb
 bounds [0x0000022c10e20000, 0x0000022c138c0000, 0x0000022c18350000]
CodeHeap 'non-nmethods': size=5696Kb used=2385Kb max_used=2448Kb free=3310Kb
 bounds [0x0000022c10890000, 0x0000022c10b00000, 0x0000022c10e20000]
 total_blobs=19929 nmethods=18914 adapters=924
 compilation: enabled
              stopped_count=0, restarted_count=0
 full_count=0

Compilation events (10 events):
Event: 1229.361 Thread 0x0000022c279b9800 22562       3       com.google.common.base.CharMatcher$Ascii::matches (12 bytes)
Event: 1229.361 Thread 0x0000022c279b9800 nmethod 22562 0x0000022c138bab90 code [0x0000022c138bad40, 0x0000022c138baef8]
Event: 1229.363 Thread 0x0000022c279b9800 22563       1       org.gradle.jvm.toolchain.internal.DefaultToolchainSpec::getLanguageVersion (5 bytes)
Event: 1229.363 Thread 0x0000022c279b9800 nmethod 22563 0x0000022c190e4590 code [0x0000022c190e4720, 0x0000022c190e4838]
Event: 1229.365 Thread 0x0000022c279b9800 22564       3       org.gradle.api.internal.model.DefaultObjectFactory::domainObjectContainer (12 bytes)
Event: 1229.366 Thread 0x0000022c279b9800 nmethod 22564 0x0000022c138baf90 code [0x0000022c138bb140, 0x0000022c138bb330]
Event: 1229.369 Thread 0x0000022c279b9800 22565       1       com.android.builder.core.ComponentTypeImpl::getSuffix (5 bytes)
Event: 1229.369 Thread 0x0000022c279b9800 nmethod 22565 0x0000022c190e4890 code [0x0000022c190e4a20, 0x0000022c190e4b38]
Event: 1229.414 Thread 0x0000022c279b2000 nmethod 22550 0x0000022c190e4b90 code [0x0000022c190e5560, 0x0000022c190f06b8]
Event: 1229.414 Thread 0x0000022c279b2000 22553       4       groovy.lang.MetaClassImpl::inheritInterfaceNewMetaMethods (195 bytes)

GC Heap History (10 events):
Event: 1218.198 GC heap before
{Heap before GC invocations=89 (full 0):
 garbage-first heap   total 262144K, used 231676K [0x0000000080000000, 0x0000000100000000)
  region size 1024K, 32 young (32768K), 1 survivors (1024K)
 Metaspace       used 135152K, capacity 139921K, committed 140240K, reserved 638976K
  class space    used 17170K, capacity 18926K, committed 19020K, reserved 516096K
}
Event: 1218.200 GC heap after
{Heap after GC invocations=90 (full 0):
 garbage-first heap   total 262144K, used 200186K [0x0000000080000000, 0x0000000100000000)
  region size 1024K, 1 young (1024K), 1 survivors (1024K)
 Metaspace       used 135152K, capacity 139921K, committed 140240K, reserved 638976K
  class space    used 17170K, capacity 18926K, committed 19020K, reserved 516096K
}
Event: 1218.395 GC heap before
{Heap before GC invocations=90 (full 0):
 garbage-first heap   total 262144K, used 231930K [0x0000000080000000, 0x0000000100000000)
  region size 1024K, 32 young (32768K), 1 survivors (1024K)
 Metaspace       used 135152K, capacity 139921K, committed 140240K, reserved 638976K
  class space    used 17170K, capacity 18926K, committed 19020K, reserved 516096K
}
Event: 1218.398 GC heap after
{Heap after GC invocations=91 (full 0):
 garbage-first heap   total 262144K, used 200363K [0x0000000080000000, 0x0000000100000000)
  region size 1024K, 2 young (2048K), 2 survivors (2048K)
 Metaspace       used 135152K, capacity 139921K, committed 140240K, reserved 638976K
  class space    used 17170K, capacity 18926K, committed 19020K, reserved 516096K
}
Event: 1219.294 GC heap before
{Heap before GC invocations=91 (full 0):
 garbage-first heap   total 262144K, used 231083K [0x0000000080000000, 0x0000000100000000)
  region size 1024K, 32 young (32768K), 2 survivors (2048K)
 Metaspace       used 135206K, capacity 139925K, committed 140240K, reserved 638976K
  class space    used 17171K, capacity 18927K, committed 19020K, reserved 516096K
}
Event: 1219.297 GC heap after
{Heap after GC invocations=92 (full 0):
 garbage-first heap   total 262144K, used 201191K [0x0000000080000000, 0x0000000100000000)
  region size 1024K, 2 young (2048K), 2 survivors (2048K)
 Metaspace       used 135206K, capacity 139925K, committed 140240K, reserved 638976K
  class space    used 17171K, capacity 18927K, committed 19020K, reserved 516096K
}
Event: 1220.600 GC heap before
{Heap before GC invocations=92 (full 0):
 garbage-first heap   total 262144K, used 231911K [0x0000000080000000, 0x0000000100000000)
  region size 1024K, 32 young (32768K), 2 survivors (2048K)
 Metaspace       used 135250K, capacity 139989K, committed 140240K, reserved 638976K
  class space    used 17171K, capacity 18927K, committed 19020K, reserved 516096K
}
Event: 1220.604 GC heap after
{Heap after GC invocations=93 (full 0):
 garbage-first heap   total 262144K, used 201631K [0x0000000080000000, 0x0000000100000000)
  region size 1024K, 3 young (3072K), 3 survivors (3072K)
 Metaspace       used 135250K, capacity 139989K, committed 140240K, reserved 638976K
  class space    used 17171K, capacity 18927K, committed 19020K, reserved 516096K
}
Event: 1228.126 GC heap before
{Heap before GC invocations=93 (full 0):
 garbage-first heap   total 262144K, used 230303K [0x0000000080000000, 0x0000000100000000)
  region size 1024K, 32 young (32768K), 3 survivors (3072K)
 Metaspace       used 136284K, capacity 141107K, committed 141392K, reserved 638976K
  class space    used 17294K, capacity 19059K, committed 19148K, reserved 516096K
}
Event: 1228.134 GC heap after
{Heap after GC invocations=94 (full 0):
 garbage-first heap   total 262144K, used 204871K [0x0000000080000000, 0x0000000100000000)
  region size 1024K, 4 young (4096K), 4 survivors (4096K)
 Metaspace       used 136284K, capacity 141107K, committed 141392K, reserved 638976K
  class space    used 17294K, capacity 19059K, committed 19148K, reserved 516096K
}

Deoptimization events (10 events):
Event: 1221.751 Thread 0x0000022c2bbe7000 Uncommon trap: reason=class_check action=maybe_recompile pc=0x0000022c19009b80 method=java.lang.reflect.Array.newInstance(Ljava/lang/Class;I)Ljava/lang/Object; @ 2 c2
Event: 1221.751 Thread 0x0000022c2bbe7000 Uncommon trap: reason=unstable_if action=reinterpret pc=0x0000022c19062860 method=groovyjarjarasm.asm.Frame.merge(Lgroovyjarjarasm/asm/SymbolTable;Lgroovyjarjarasm/asm/Frame;I)Z @ 284 c2
Event: 1221.751 Thread 0x0000022c2bbe7000 Uncommon trap: reason=unstable_if action=reinterpret pc=0x0000022c18eae568 method=groovyjarjarasm.asm.Frame.getInitializedType(Lgroovyjarjarasm/asm/SymbolTable;I)I @ 81 c2
Event: 1227.078 Thread 0x0000022c2bbe7000 Uncommon trap: reason=bimorphic_or_optimized_type_check action=maybe_recompile pc=0x0000022c1901daa8 method=java.util.TimSort.mergeLo(IIII)V @ 189 c2
Event: 1228.657 Thread 0x0000022c28ad1800 Uncommon trap: reason=unstable_if action=reinterpret pc=0x0000022c190d7e0c method=org.objectweb.asm.ClassReader.readCode(Lorg/objectweb/asm/MethodVisitor;Lorg/objectweb/asm/Context;I)V @ 1437 c2
Event: 1228.663 Thread 0x0000022c28ad1800 Uncommon trap: reason=unstable_if action=reinterpret pc=0x0000022c185f821c method=org.objectweb.asm.Handler.getExceptionTableLength(Lorg/objectweb/asm/Handler;)I @ 5 c2
Event: 1228.663 Thread 0x0000022c28ad1800 Uncommon trap: reason=unstable_if action=reinterpret pc=0x0000022c18568140 method=org.objectweb.asm.Handler.getExceptionTableLength(Lorg/objectweb/asm/Handler;)I @ 5 c2
Event: 1228.672 Thread 0x0000022c28ad1800 Uncommon trap: reason=unstable_if action=reinterpret pc=0x0000022c18dde408 method=java.io.BufferedOutputStream.write([BII)V @ 6 c2
Event: 1229.337 Thread 0x0000022c2bbe7000 Uncommon trap: reason=class_check action=maybe_recompile pc=0x0000022c18c3c678 method=org.gradle.api.internal.file.FileOrUriNotationConverter.convert(Ljava/lang/Object;Lorg/gradle/internal/typeconversion/NotationConvertResult;)V @ 149 c2
Event: 1229.338 Thread 0x0000022c2bbe7000 Uncommon trap: reason=class_check action=maybe_recompile pc=0x0000022c18c3c678 method=org.gradle.api.internal.file.FileOrUriNotationConverter.convert(Ljava/lang/Object;Lorg/gradle/internal/typeconversion/NotationConvertResult;)V @ 149 c2

Classes redefined (0 events):
No events

Internal exceptions (10 events):
Event: 1228.870 Thread 0x0000022c2bbe7000 Exception <a 'java/lang/ClassNotFoundException'{0x000000008fb4e460}: build_8pk2u12xzqillqde4mb9fgou8BeanInfo> (0x000000008fb4e460) thrown at [./open/src/hotspot/share/classfile/systemDictionary.cpp, line 228]
Event: 1228.870 Thread 0x0000022c2bbe7000 Exception <a 'java/lang/ClassNotFoundException'{0x000000008fb5a460}: build_8pk2u12xzqillqde4mb9fgou8Customizer> (0x000000008fb5a460) thrown at [./open/src/hotspot/share/classfile/systemDictionary.cpp, line 228]
Event: 1228.881 Thread 0x0000022c2bbe7000 Exception <a 'java/lang/ClassNotFoundException'{0x000000008f913fd0}: org/gradle/api/internal/plugins/DefaultPluginContainerBeanInfo> (0x000000008f913fd0) thrown at [./open/src/hotspot/share/classfile/systemDictionary.cpp, line 228]
Event: 1228.883 Thread 0x0000022c2bbe7000 Exception <a 'java/lang/ClassNotFoundException'{0x000000008f952ca8}: org/gradle/api/internal/plugins/DefaultPluginCollectionBeanInfo> (0x000000008f952ca8) thrown at [./open/src/hotspot/share/classfile/systemDictionary.cpp, line 228]
Event: 1228.884 Thread 0x0000022c2bbe7000 Exception <a 'java/lang/ClassNotFoundException'{0x000000008f98e3b8}: org/gradle/api/internal/DefaultDomainObjectSetBeanInfo> (0x000000008f98e3b8) thrown at [./open/src/hotspot/share/classfile/systemDictionary.cpp, line 228]
Event: 1228.886 Thread 0x0000022c2bbe7000 Exception <a 'java/lang/ClassNotFoundException'{0x000000008f9c9d18}: org/gradle/api/internal/DefaultDomainObjectSetCustomizer> (0x000000008f9c9d18) thrown at [./open/src/hotspot/share/classfile/systemDictionary.cpp, line 228]
Event: 1228.888 Thread 0x0000022c2bbe7000 Exception <a 'java/lang/ClassNotFoundException'{0x000000008f815c10}: org/gradle/api/internal/plugins/DefaultPluginCollectionCustomizer> (0x000000008f815c10) thrown at [./open/src/hotspot/share/classfile/systemDictionary.cpp, line 228]
Event: 1229.335 Thread 0x0000022c2bbe7000 Exception <a 'java/lang/ClassNotFoundException'{0x000000008f87bce8}: org/gradle/api/internal/plugins/DefaultPluginContainerCustomizer> (0x000000008f87bce8) thrown at [./open/src/hotspot/share/classfile/systemDictionary.cpp, line 228]
Event: 1229.358 Thread 0x0000022c2bbe7000 Exception <a 'java/lang/ClassNotFoundException'{0x000000008f793e40}: java/nio/file/PathsBeanInfo> (0x000000008f793e40) thrown at [./open/src/hotspot/share/classfile/systemDictionary.cpp, line 228]
Event: 1229.358 Thread 0x0000022c2bbe7000 Exception <a 'java/lang/ClassNotFoundException'{0x000000008f7a6b90}: java/nio/file/PathsCustomizer> (0x000000008f7a6b90) thrown at [./open/src/hotspot/share/classfile/systemDictionary.cpp, line 228]

Events (10 events):
Event: 1229.356 loading class groovy/runtime/metaclass/java/nio/file/PathsMetaClass
Event: 1229.356 loading class groovy/runtime/metaclass/java/nio/file/PathsMetaClass done
Event: 1229.357 loading class java/nio/file/PathsBeanInfo
Event: 1229.357 loading class java/nio/file/PathsBeanInfo done
Event: 1229.358 loading class java/nio/file/PathsBeanInfo
Event: 1229.358 loading class java/nio/file/PathsBeanInfo done
Event: 1229.358 loading class java/nio/file/PathsCustomizer
Event: 1229.358 loading class java/nio/file/PathsCustomizer done
Event: 1229.358 loading class java/nio/file/PathsCustomizer
Event: 1229.358 loading class java/nio/file/PathsCustomizer done


Dynamic libraries:
0x00007ff7b1510000 - 0x00007ff7b151f000 	F:\Laptop Files\Bot\jdk-11.0.9\jdk-11.0.9\bin\java.exe
0x00007ffdc8e30000 - 0x00007ffdc9028000 	C:\WINDOWS\SYSTEM32\ntdll.dll
0x00007ffdc7c50000 - 0x00007ffdc7d0f000 	C:\WINDOWS\System32\KERNEL32.DLL
0x00007ffdc6950000 - 0x00007ffdc6c46000 	C:\WINDOWS\System32\KERNELBASE.dll
0x00007ffdc6790000 - 0x00007ffdc6890000 	C:\WINDOWS\System32\ucrtbase.dll
0x00007ffdb3920000 - 0x00007ffdb3935000 	F:\Laptop Files\Bot\jdk-11.0.9\jdk-11.0.9\bin\VCRUNTIME140.dll
0x00007ffdb3740000 - 0x00007ffdb3758000 	F:\Laptop Files\Bot\jdk-11.0.9\jdk-11.0.9\bin\jli.dll
0x00007ffdc8250000 - 0x00007ffdc82ff000 	C:\WINDOWS\System32\ADVAPI32.dll
0x00007ffdc8960000 - 0x00007ffdc89fe000 	C:\WINDOWS\System32\msvcrt.dll
0x00007ffdc8d50000 - 0x00007ffdc8dec000 	C:\WINDOWS\System32\sechost.dll
0x00007ffdc7af0000 - 0x00007ffdc7c16000 	C:\WINDOWS\System32\RPCRT4.dll
0x00007ffdc8bb0000 - 0x00007ffdc8d4d000 	C:\WINDOWS\System32\USER32.dll
0x00007ffdc6dc0000 - 0x00007ffdc6de2000 	C:\WINDOWS\System32\win32u.dll
0x00007ffdc7e50000 - 0x00007ffdc7e7c000 	C:\WINDOWS\System32\GDI32.dll
0x00007ffdc6510000 - 0x00007ffdc6625000 	C:\WINDOWS\System32\gdi32full.dll
0x00007ffdb8d30000 - 0x00007ffdb8fca000 	C:\WINDOWS\WinSxS\amd64_microsoft.windows.common-controls_6595b64144ccf1df_6.0.19041.1110_none_60b5254171f9507e\COMCTL32.dll
0x00007ffdc6df0000 - 0x00007ffdc6e8d000 	C:\WINDOWS\System32\msvcp_win.dll
0x00007ffdc0d80000 - 0x00007ffdc0d8a000 	C:\WINDOWS\SYSTEM32\VERSION.dll
0x00007ffdc7ac0000 - 0x00007ffdc7af0000 	C:\WINDOWS\System32\IMM32.DLL
0x00007ffdacbd0000 - 0x00007ffdacc6b000 	F:\Laptop Files\Bot\jdk-11.0.9\jdk-11.0.9\bin\msvcp140.dll
0x00007ffda1ac0000 - 0x00007ffda25b7000 	F:\Laptop Files\Bot\jdk-11.0.9\jdk-11.0.9\bin\server\jvm.dll
0x00007ffdc7fb0000 - 0x00007ffdc7fb8000 	C:\WINDOWS\System32\PSAPI.DLL
0x00007ffdb7ac0000 - 0x00007ffdb7ac9000 	C:\WINDOWS\SYSTEM32\WSOCK32.dll
0x00007ffdbf5c0000 - 0x00007ffdbf5e7000 	C:\WINDOWS\SYSTEM32\WINMM.dll
0x00007ffdc81e0000 - 0x00007ffdc824b000 	C:\WINDOWS\System32\WS2_32.dll
0x00007ffdc43e0000 - 0x00007ffdc43f2000 	C:\WINDOWS\SYSTEM32\kernel.appcore.dll
0x00007ffdb7600000 - 0x00007ffdb7610000 	F:\Laptop Files\Bot\jdk-11.0.9\jdk-11.0.9\bin\verify.dll
0x00007ffda9970000 - 0x00007ffda9b54000 	C:\WINDOWS\SYSTEM32\DBGHELP.DLL
0x00007ffdaa040000 - 0x00007ffdaa074000 	C:\WINDOWS\SYSTEM32\dbgcore.DLL
0x00007ffdc6d30000 - 0x00007ffdc6db2000 	C:\WINDOWS\System32\bcryptPrimitives.dll
0x00007ffdb1da0000 - 0x00007ffdb1dc8000 	F:\Laptop Files\Bot\jdk-11.0.9\jdk-11.0.9\bin\java.dll
0x00007ffdb6ff0000 - 0x00007ffdb6ffa000 	F:\Laptop Files\Bot\jdk-11.0.9\jdk-11.0.9\bin\jimage.dll
0x00007ffdb1b20000 - 0x00007ffdb1b36000 	F:\Laptop Files\Bot\jdk-11.0.9\jdk-11.0.9\bin\zip.dll
0x00007ffdc7370000 - 0x00007ffdc7ab4000 	C:\WINDOWS\System32\SHELL32.dll
0x00007ffdc45e0000 - 0x00007ffdc4d74000 	C:\WINDOWS\SYSTEM32\windows.storage.dll
0x00007ffdc7010000 - 0x00007ffdc7364000 	C:\WINDOWS\System32\combase.dll
0x00007ffdc5e80000 - 0x00007ffdc5eae000 	C:\WINDOWS\SYSTEM32\Wldp.dll
0x00007ffdc6f60000 - 0x00007ffdc700d000 	C:\WINDOWS\System32\SHCORE.dll
0x00007ffdc7d70000 - 0x00007ffdc7dc5000 	C:\WINDOWS\System32\shlwapi.dll
0x00007ffdc6440000 - 0x00007ffdc6465000 	C:\WINDOWS\SYSTEM32\profapi.dll
0x00007ffdaf9d0000 - 0x00007ffdaf9e9000 	F:\Laptop Files\Bot\jdk-11.0.9\jdk-11.0.9\bin\net.dll
0x00007ffdbc970000 - 0x00007ffdbca7a000 	C:\WINDOWS\SYSTEM32\WINHTTP.dll
0x00007ffdc5be0000 - 0x00007ffdc5c4a000 	C:\WINDOWS\system32\mswsock.dll
0x00007ffdaf7d0000 - 0x00007ffdaf7e2000 	F:\Laptop Files\Bot\jdk-11.0.9\jdk-11.0.9\bin\nio.dll
0x00007ffdaeb00000 - 0x00007ffdaeb27000 	C:\Users\abdul\.gradle\native\68d5fa5c4cc2d200863cafc0d521ce42e7d3e7ee720ec0a83991735586a16f82\windows-amd64\native-platform.dll
0x00007ffda3ac0000 - 0x00007ffda3c04000 	C:\Users\abdul\.gradle\native\e376f236ea51e6404a007f0833ffe2c6e607c4080706a723a18a27aeea778392\windows-amd64\native-platform-file-events.dll
0x00007ffdb6b40000 - 0x00007ffdb6b49000 	F:\Laptop Files\Bot\jdk-11.0.9\jdk-11.0.9\bin\management.dll
0x00007ffdaf9b0000 - 0x00007ffdaf9bb000 	F:\Laptop Files\Bot\jdk-11.0.9\jdk-11.0.9\bin\management_ext.dll
0x00007ffdc5de0000 - 0x00007ffdc5df8000 	C:\WINDOWS\SYSTEM32\CRYPTSP.dll
0x00007ffdc5500000 - 0x00007ffdc5534000 	C:\WINDOWS\system32\rsaenh.dll
0x00007ffdc6c50000 - 0x00007ffdc6c77000 	C:\WINDOWS\System32\bcrypt.dll
0x00007ffdc6400000 - 0x00007ffdc642e000 	C:\WINDOWS\SYSTEM32\USERENV.dll
0x00007ffdc5dd0000 - 0x00007ffdc5ddc000 	C:\WINDOWS\SYSTEM32\CRYPTBASE.dll
0x00007ffdc58d0000 - 0x00007ffdc590c000 	C:\WINDOWS\SYSTEM32\IPHLPAPI.DLL
0x00007ffdc7c20000 - 0x00007ffdc7c28000 	C:\WINDOWS\System32\NSI.dll
0x00007ffdbd390000 - 0x00007ffdbd3a7000 	C:\WINDOWS\SYSTEM32\dhcpcsvc6.DLL
0x00007ffdbd370000 - 0x00007ffdbd38d000 	C:\WINDOWS\SYSTEM32\dhcpcsvc.DLL
0x00007ffdc5910000 - 0x00007ffdc59da000 	C:\WINDOWS\SYSTEM32\DNSAPI.dll
0x00007ffdbbf60000 - 0x00007ffdbbf6a000 	C:\Windows\System32\rasadhlp.dll
0x00007ffdbd3c0000 - 0x00007ffdbd442000 	C:\WINDOWS\System32\fwpuclnt.dll
0x00007ffdb7df0000 - 0x00007ffdb7e15000 	F:\Laptop Files\Bot\jdk-11.0.9\jdk-11.0.9\bin\sunec.dll
0x00007ffdbcaf0000 - 0x00007ffdbcafd000 	F:\Laptop Files\Bot\jdk-11.0.9\jdk-11.0.9\bin\sunmscapi.dll
0x00007ffdc6630000 - 0x00007ffdc678e000 	C:\WINDOWS\System32\CRYPT32.dll
0x00007ffdc5ef0000 - 0x00007ffdc5f18000 	C:\WINDOWS\SYSTEM32\ncrypt.dll
0x00007ffdc5eb0000 - 0x00007ffdc5eeb000 	C:\WINDOWS\SYSTEM32\NTASN1.dll

dbghelp: loaded successfully - version: 4.0.5 - missing functions: none
symbol engine: initialized successfully - sym options: 0x614 - pdb path: .;F:\Laptop Files\Bot\jdk-11.0.9\jdk-11.0.9\bin;C:\WINDOWS\SYSTEM32;C:\WINDOWS\WinSxS\amd64_microsoft.windows.common-controls_6595b64144ccf1df_6.0.19041.1110_none_60b5254171f9507e;F:\Laptop Files\Bot\jdk-11.0.9\jdk-11.0.9\bin\server;C:\Users\abdul\.gradle\native\68d5fa5c4cc2d200863cafc0d521ce42e7d3e7ee720ec0a83991735586a16f82\windows-amd64;C:\Users\abdul\.gradle\native\e376f236ea51e6404a007f0833ffe2c6e607c4080706a723a18a27aeea778392\windows-amd64

VM Arguments:
jvm_args: -XX:MaxMetaspaceSize=512m --add-opens=java.base/java.util=ALL-UNNAMED --add-opens=java.base/java.lang=ALL-UNNAMED --add-opens=java.base/java.lang.invoke=ALL-UNNAMED --add-opens=java.prefs/java.util.prefs=ALL-UNNAMED --add-opens=java.base/java.nio.charset=ALL-UNNAMED --add-opens=java.base/java.net=ALL-UNNAMED --add-opens=java.base/java.util.concurrent.atomic=ALL-UNNAMED -Xmx2048m -Dfile.encoding=windows-1252 -Duser.country=US -Duser.language=en -Duser.variant 
java_command: org.gradle.launcher.daemon.bootstrap.GradleDaemon 8.0.1
java_class_path (initial): C:\Users\abdul\.gradle\wrapper\dists\gradle-8.0.1-all\aro4hu1c3oeioove7l0i4i14o\gradle-8.0.1\lib\gradle-launcher-8.0.1.jar
Launcher Type: SUN_STANDARD

[Global flags]
     intx CICompilerCount                          = 3                                         {product} {ergonomic}
   size_t CompressedClassSpaceSize                 = 528482304                                 {product} {ergonomic}
     uint ConcGCThreads                            = 1                                         {product} {ergonomic}
     uint G1ConcRefinementThreads                  = 4                                         {product} {ergonomic}
   size_t G1HeapRegionSize                         = 1048576                                   {product} {ergonomic}
    uintx GCDrainStackTargetSize                   = 64                                        {product} {ergonomic}
   size_t InitialHeapSize                          = 268435456                                 {product} {ergonomic}
   size_t MarkStackSize                            = 4194304                                   {product} {ergonomic}
   size_t MaxHeapSize                              = 2147483648                                {product} {command line}
   size_t MaxMetaspaceSize                         = 536870912                                 {product} {command line}
   size_t MaxNewSize                               = 1287651328                                {product} {ergonomic}
   size_t MinHeapDeltaBytes                        = 1048576                                   {product} {ergonomic}
    uintx NonNMethodCodeHeapSize                   = 5830732                                {pd product} {ergonomic}
    uintx NonProfiledCodeHeapSize                  = 122913754                              {pd product} {ergonomic}
    uintx ProfiledCodeHeapSize                     = 122913754                              {pd product} {ergonomic}
    uintx ReservedCodeCacheSize                    = 251658240                              {pd product} {ergonomic}
     bool SegmentedCodeCache                       = true                                      {product} {ergonomic}
     bool UseCompressedClassPointers               = true                                 {lp64_product} {ergonomic}
     bool UseCompressedOops                        = true                                 {lp64_product} {ergonomic}
     bool UseG1GC                                  = true                                      {product} {ergonomic}
     bool UseLargePagesIndividualAllocation        = false                                  {pd product} {ergonomic}

Logging:
Log output configuration:
 #0: stdout all=warning uptime,level,tags
 #1: stderr all=off uptime,level,tags

Environment Variables:
JAVA_HOME=F:\Laptop Files\Bot\jdk-11.0.9\jdk-11.0.9
CLASSPATH=F:\Scorify\android\\gradle\wrapper\gradle-wrapper.jar
PATH=F:\Scorify\node_modules\.bin;F:\Scorify\node_modules\.bin;F:\node_modules\.bin;C:\Program Files\nodejs\node_modules\npm\node_modules\@npmcli\run-script\lib\node-gyp-bin;C:\Users\abdul\bin;C:\Program Files\Git\mingw64\bin;C:\Program Files\Git\usr\local\bin;C:\Program Files\Git\usr\bin;C:\Program Files\Git\usr\bin;C:\Program Files\Git\mingw64\bin;C:\Program Files\Git\usr\bin;C:\Users\abdul\bin;C:\Program Files (x86)\Common Files\Oracle\Java\javapath;C:\WINDOWS\system32;C:\WINDOWS;C:\WINDOWS\System32\Wbem;C:\WINDOWS\System32\WindowsPowerShell\v1.0;C:\WINDOWS\System32\OpenSSH;C:\Program Files\Google\Chrome\Application;C:\Program Files\Microsoft SQL Server\150\Tools\Binn;C:\Program Files\nodejs;F:\Laptop Files\Bot\Android\Sdk\platform-tools;F:\Laptop Files\Bot\jdk-11.0.9\jdk-11.0.9\bin;C:\Program Files (x86)\AMD\ATI.ACE\Core-Static;C:\Program Files\Git\cmd;F:\Laptop Files\Bot\Android\Sdk\tools;C:\Users\abdul\AppData\Local\Programs\Python\Python39\Scripts;C:\Users\abdul\AppData\Local\Programs\Python\Python39;C:\Users\abdul\AppData\Local\Programs\Python\Python310\Scripts;C:\Users\abdul\AppData\Local\Programs\Python\Python310;C:\Users\abdul\AppData\Local\Microsoft\WindowsApps;C:\Users\abdul\AppData\Local\Programs\Microsoft VS Code\bin;C:\Program Files\JetBrains\PyCharm 2022.2.3\bin;C:\Program Files\JetBrains\PyCharm Community Edition 2022.2.3\bin;C:\Program Files\Google\Chrome\Application;C:\Users\abdul\AppData\Roaming\npm;F:\Laptop Files\Bot\Android\Sdk\platform-tools;C:\Program Files\Git\usr\bin\vendor_perl;C:\Program Files\Git\usr\bin\core_perl
USERNAME=Hamza&Haroon
SHELL=C:\Program Files\Git\usr\bin\bash.exe
DISPLAY=needs-to-be-defined
OS=Windows_NT
PROCESSOR_IDENTIFIER=Intel64 Family 6 Model 42 Stepping 7, GenuineIntel



---------------  S Y S T E M  ---------------

OS: Windows 10 , 64 bit Build 19041 (10.0.19041.3155)

CPU:total 4 (initial active 4) (2 cores per cpu, 2 threads per core) family 6 model 42 stepping 7, cmov, cx8, fxsr, mmx, sse, sse2, sse3, ssse3, sse4.1, sse4.2, popcnt, avx, clmul, ht, tsc, tscinvbit

Memory: 4k page, system-wide physical 16340M (854M free)
TotalPageFile size 20192M (AvailPageFile size 3M)
current process WorkingSet (physical memory assigned to process): 558M, peak: 567M
current process commit charge ("private bytes"): 654M, peak: 665M

vm_info: Java HotSpot(TM) 64-Bit Server VM (11.0.9+7-LTS) for windows-amd64 JRE (11.0.9+7-LTS), built on Sep 15 2020 16:47:03 by "mach5one" with MS VC++ 15.9 (VS2017)

END.
