#
# There is insufficient memory for the Java Runtime Environment to continue.
# Native memory allocation (malloc) failed to allocate 1815056 bytes for Chunk::new
# Possible reasons:
#   The system is out of physical RAM or swap space
#   The process is running with CompressedOops enabled, and the Java Heap may be blocking the growth of the native heap
# Possible solutions:
#   Reduce memory load on the system
#   Increase physical memory or swap space
#   Check if swap backing store is full
#   Decrease Java heap size (-Xmx/-Xms)
#   Decrease number of Java threads
#   Decrease Java thread stack sizes (-Xss)
#   Set larger code cache with -XX:ReservedCodeCacheSize=
#   JVM is running with Unscaled Compressed Oops mode in which the Java heap is
#     placed in the first 4GB address space. The Java Heap base address is the
#     maximum limit for the native heap growth. Please use -XX:HeapBaseMinAddress
#     to set the Java Heap base and to place the Java Heap above 4GB virtual address.
# This output file may be truncated or incomplete.
#
#  Out of Memory Error (./open/src/hotspot/share/memory/arena.cpp:197), pid=13640, tid=13196
#
# JRE version: Java(TM) SE Runtime Environment 18.9 (11.0.9+7) (build 11.0.9+7-LTS)
# Java VM: Java HotSpot(TM) 64-Bit Server VM 18.9 (11.0.9+7-LTS, mixed mode, tiered, compressed oops, g1 gc, windows-amd64)
# No core dump will be written. Minidumps are not enabled by default on client versions of Windows
#

---------------  S U M M A R Y ------------

Command Line: -XX:MaxMetaspaceSize=512m --add-opens=java.base/java.util=ALL-UNNAMED --add-opens=java.base/java.lang=ALL-UNNAMED --add-opens=java.base/java.lang.invoke=ALL-UNNAMED --add-opens=java.prefs/java.util.prefs=ALL-UNNAMED --add-opens=java.base/java.nio.charset=ALL-UNNAMED --add-opens=java.base/java.net=ALL-UNNAMED --add-opens=java.base/java.util.concurrent.atomic=ALL-UNNAMED -Xmx2048m -Dfile.encoding=windows-1252 -Duser.country=US -Duser.language=en -Duser.variant org.gradle.launcher.daemon.bootstrap.GradleDaemon 8.0.1

Host: Intel(R) Core(TM) i3-2120 CPU @ 3.30GHz, 4 cores, 15G,  Windows 10 , 64 bit Build 19041 (10.0.19041.3155)
Time: Sun Oct 29 14:35:26 2023 Pakistan Standard Time elapsed time: 206.592016 seconds (0d 0h 3m 26s)

---------------  T H R E A D  ---------------

Current thread (0x00000253598ec800):  JavaThread "C2 CompilerThread0" daemon [_thread_in_native, id=13196, stack(0x0000008af7e00000,0x0000008af7f00000)]


Current CompileTask:
C2: 206592 8601   !   4       com.google.common.reflect.TypeVisitor::visit (244 bytes)

Stack: [0x0000008af7e00000,0x0000008af7f00000]
Native frames: (J=compiled Java code, j=interpreted, Vv=VM code, C=native code)
V  [jvm.dll+0x611a3a]
V  [jvm.dll+0x748aaf]
V  [jvm.dll+0x74a135]
V  [jvm.dll+0x74a7b3]
V  [jvm.dll+0x2439f8]
V  [jvm.dll+0xba2bc]
V  [jvm.dll+0xba9bc]
V  [jvm.dll+0x3454a2]
V  [jvm.dll+0x313343]
V  [jvm.dll+0x31268a]
V  [jvm.dll+0x1fd495]
V  [jvm.dll+0x1fc64f]
V  [jvm.dll+0x17f08c]
V  [jvm.dll+0x20bc54]
V  [jvm.dll+0x209d2b]
V  [jvm.dll+0x7103d9]
V  [jvm.dll+0x709114]
V  [jvm.dll+0x610cb6]
C  [ucrtbase.dll+0x21bb2]
C  [KERNEL32.DLL+0x17614]
C  [ntdll.dll+0x526b1]


---------------  P R O C E S S  ---------------

Threads class SMR info:
_java_thread_list=0x0000025360646d40, length=85, elements={
0x000002533b33e800, 0x000002535a0f2800, 0x000002535a0f3000, 0x00000253598e9000,
0x00000253598eb800, 0x00000253598ec800, 0x00000253598ed800, 0x000002535a1bb800,
0x000002535a2c0800, 0x000002535a2e1800, 0x000002535c0fa800, 0x000002535b5c1000,
0x000002535a48f000, 0x000002535b62f800, 0x000002535bb74800, 0x000002535aab9000,
0x000002535bb4b800, 0x000002535bb4c800, 0x000002535a639800, 0x000002535a63d000,
0x000002535a63a800, 0x000002535a639000, 0x000002535a63b000, 0x000002535a63f800,
0x000002535a63c000, 0x000002535a63d800, 0x000002535e7aa800, 0x000002535e7ae000,
0x000002535e7ad000, 0x000002535e7a8800, 0x000002535e7a9000, 0x000002535e7af800,
0x000002535e7ab800, 0x000002535e7b1800, 0x000002535e7b0800, 0x000002535e7b2000,
0x000002535e7ac800, 0x000002535e7b3000, 0x000002535e7b3800, 0x000002535e7b4800,
0x000002535e7b5800, 0x000002535e7b7000, 0x000002535e7b6000, 0x000002535a63e800,
0x000002535bd25000, 0x000002535bd22000, 0x000002535bd26800, 0x000002535bd21000,
0x000002535bd27800, 0x000002535bd26000, 0x000002535bd28800, 0x000002535bd22800,
0x000002535bd29000, 0x000002535bd23800, 0x000002535bd2a000, 0x000002535bd24000,
0x000002535bd2d000, 0x000002535bd2e000, 0x000002535bd2f000, 0x000002535bd2b800,
0x000002535bd2c800, 0x000002535bd2f800, 0x000002535bd2a800, 0x000002535b6c8000,
0x000002535b6c5800, 0x000002535b6c9800, 0x000002535b6ca800, 0x000002535b6c6800,
0x000002535b6cd000, 0x000002535b6cb800, 0x000002535b6cc000, 0x000002535b6c7000,
0x000002535b6c9000, 0x000002535b6d3800, 0x000002535b6d0000, 0x000002535b6d1000,
0x000002535b6d2000, 0x000002535b6d2800, 0x000002535b6cd800, 0x000002535b6d4800,
0x000002535b6ce800, 0x000002535b6cf800, 0x0000025360558800, 0x0000025360559800,
0x0000025360554800
}

Java Threads: ( => current thread )
  0x000002533b33e800 JavaThread "main" [_thread_blocked, id=13964, stack(0x0000008af7300000,0x0000008af7400000)]
  0x000002535a0f2800 JavaThread "Reference Handler" daemon [_thread_blocked, id=12952, stack(0x0000008af7a00000,0x0000008af7b00000)]
  0x000002535a0f3000 JavaThread "Finalizer" daemon [_thread_blocked, id=13084, stack(0x0000008af7b00000,0x0000008af7c00000)]
  0x00000253598e9000 JavaThread "Signal Dispatcher" daemon [_thread_blocked, id=13132, stack(0x0000008af7c00000,0x0000008af7d00000)]
  0x00000253598eb800 JavaThread "Attach Listener" daemon [_thread_blocked, id=13816, stack(0x0000008af7d00000,0x0000008af7e00000)]
=>0x00000253598ec800 JavaThread "C2 CompilerThread0" daemon [_thread_in_native, id=13196, stack(0x0000008af7e00000,0x0000008af7f00000)]
  0x00000253598ed800 JavaThread "C1 CompilerThread0" daemon [_thread_blocked, id=14368, stack(0x0000008af7f00000,0x0000008af8000000)]
  0x000002535a1bb800 JavaThread "Sweeper thread" daemon [_thread_blocked, id=14380, stack(0x0000008af8000000,0x0000008af8100000)]
  0x000002535a2c0800 JavaThread "Common-Cleaner" daemon [_thread_blocked, id=14444, stack(0x0000008af8100000,0x0000008af8200000)]
  0x000002535a2e1800 JavaThread "Service Thread" daemon [_thread_blocked, id=14448, stack(0x0000008af8200000,0x0000008af8300000)]
  0x000002535c0fa800 JavaThread "Daemon health stats" [_thread_blocked, id=15140, stack(0x0000008af8700000,0x0000008af8800000)]
  0x000002535b5c1000 JavaThread "Incoming local TCP Connector on port 51164" [_thread_in_native, id=10352, stack(0x0000008af8800000,0x0000008af8900000)]
  0x000002535a48f000 JavaThread "Daemon periodic checks" [_thread_blocked, id=13672, stack(0x0000008af8900000,0x0000008af8a00000)]
  0x000002535b62f800 JavaThread "Daemon" [_thread_blocked, id=13780, stack(0x0000008af8a00000,0x0000008af8b00000)]
  0x000002535bb74800 JavaThread "Handler for socket connection from /127.0.0.1:51164 to /127.0.0.1:51169" [_thread_in_native, id=13860, stack(0x0000008af8b00000,0x0000008af8c00000)]
  0x000002535aab9000 JavaThread "Cancel handler" [_thread_blocked, id=14828, stack(0x0000008af8c00000,0x0000008af8d00000)]
  0x000002535bb4b800 JavaThread "Daemon worker" [_thread_in_vm, id=14796, stack(0x0000008af8d00000,0x0000008af8e00000)]
  0x000002535bb4c800 JavaThread "Asynchronous log dispatcher for DefaultDaemonConnection: socket connection from /127.0.0.1:51164 to /127.0.0.1:51169" [_thread_blocked, id=5716, stack(0x0000008af8e00000,0x0000008af8f00000)]
  0x000002535a639800 JavaThread "Daemon client event forwarder" [_thread_blocked, id=11144, stack(0x0000008af9000000,0x0000008af9100000)]
  0x000002535a63d000 JavaThread "Cache worker for journal cache (C:\Users\abdul\.gradle\caches\journal-1)" [_thread_blocked, id=3820, stack(0x0000008af9100000,0x0000008af9200000)]
  0x000002535a63a800 JavaThread "File lock request listener" [_thread_in_native, id=13416, stack(0x0000008af9200000,0x0000008af9300000)]
  0x000002535a639000 JavaThread "Cache worker for file hash cache (C:\Users\abdul\.gradle\caches\8.0.1\fileHashes)" [_thread_blocked, id=13344, stack(0x0000008af9400000,0x0000008af9500000)]
  0x000002535a63b000 JavaThread "File watcher server" daemon [_thread_in_native, id=11072, stack(0x0000008af9500000,0x0000008af9600000)]
  0x000002535a63f800 JavaThread "File watcher consumer" daemon [_thread_blocked, id=6528, stack(0x0000008af9600000,0x0000008af9700000)]
  0x000002535a63c000 JavaThread "Cache worker for checksums cache (F:\Scorify\android\.gradle\8.0.1\checksums)" [_thread_blocked, id=11360, stack(0x0000008af9700000,0x0000008af9800000)]
  0x000002535a63d800 JavaThread "Cache worker for cache directory md-rule (C:\Users\abdul\.gradle\caches\8.0.1\md-rule)" [_thread_blocked, id=14932, stack(0x0000008af9800000,0x0000008af9900000)]
  0x000002535e7aa800 JavaThread "Cache worker for file content cache (C:\Users\abdul\.gradle\caches\8.0.1\fileContent)" [_thread_blocked, id=9664, stack(0x0000008af9900000,0x0000008af9a00000)]
  0x000002535e7ae000 JavaThread "Cache worker for file hash cache (F:\Scorify\android\.gradle\8.0.1\fileHashes)" [_thread_blocked, id=12068, stack(0x0000008af9a00000,0x0000008af9b00000)]
  0x000002535e7ad000 JavaThread "Cache worker for cache directory md-supplier (C:\Users\abdul\.gradle\caches\8.0.1\md-supplier)" [_thread_blocked, id=12148, stack(0x0000008af9b00000,0x0000008af9c00000)]
  0x000002535e7a8800 JavaThread "File lock release action executor Thread 2" [_thread_blocked, id=11400, stack(0x0000008af9c00000,0x0000008af9d00000)]
  0x000002535e7a9000 JavaThread "Cache worker for execution history cache (C:\Users\abdul\.gradle\caches\8.0.1\executionHistory)" [_thread_blocked, id=11524, stack(0x0000008af9d00000,0x0000008af9e00000)]
  0x000002535e7af800 JavaThread "jar transforms" [_thread_blocked, id=15480, stack(0x0000008af7100000,0x0000008af7200000)]
  0x000002535e7ab800 JavaThread "jar transforms Thread 2" [_thread_blocked, id=15684, stack(0x0000008af7200000,0x0000008af7300000)]
  0x000002535e7b1800 JavaThread "jar transforms Thread 3" [_thread_blocked, id=15748, stack(0x0000008afa000000,0x0000008afa100000)]
  0x000002535e7b0800 JavaThread "jar transforms Thread 4" [_thread_blocked, id=15892, stack(0x0000008afa100000,0x0000008afa200000)]
  0x000002535e7b2000 JavaThread "Cache worker for kotlin-dsl (C:\Users\abdul\.gradle\caches\8.0.1\kotlin-dsl)" [_thread_blocked, id=15680, stack(0x0000008afa200000,0x0000008afa300000)]
  0x000002535e7ac800 JavaThread "Cache worker for dependencies-accessors (F:\Scorify\android\.gradle\8.0.1\dependencies-accessors)" [_thread_blocked, id=11748, stack(0x0000008af8f00000,0x0000008af9000000)]
  0x000002535e7b3000 JavaThread "Cache worker for Build Output Cleanup Cache (F:\Scorify\node_modules\@react-native\gradle-plugin\.gradle\buildOutputCleanup)" [_thread_blocked, id=9988, stack(0x0000008af9300000,0x0000008af9400000)]
  0x000002535e7b3800 JavaThread "Unconstrained build operations" [_thread_blocked, id=15472, stack(0x0000008afa300000,0x0000008afa400000)]
  0x000002535e7b4800 JavaThread "Unconstrained build operations Thread 2" [_thread_blocked, id=15016, stack(0x0000008afa400000,0x0000008afa500000)]
  0x000002535e7b5800 JavaThread "Unconstrained build operations Thread 3" [_thread_blocked, id=13904, stack(0x0000008afa500000,0x0000008afa600000)]
  0x000002535e7b7000 JavaThread "Unconstrained build operations Thread 4" [_thread_blocked, id=15520, stack(0x0000008afa600000,0x0000008afa700000)]
  0x000002535e7b6000 JavaThread "Unconstrained build operations Thread 5" [_thread_blocked, id=15468, stack(0x0000008afa700000,0x0000008afa800000)]
  0x000002535a63e800 JavaThread "Unconstrained build operations Thread 6" [_thread_blocked, id=15536, stack(0x0000008afa800000,0x0000008afa900000)]
  0x000002535bd25000 JavaThread "Unconstrained build operations Thread 7" [_thread_blocked, id=13916, stack(0x0000008afa900000,0x0000008afaa00000)]
  0x000002535bd22000 JavaThread "Unconstrained build operations Thread 8" [_thread_blocked, id=14860, stack(0x0000008afaa00000,0x0000008afab00000)]
  0x000002535bd26800 JavaThread "Unconstrained build operations Thread 9" [_thread_blocked, id=9856, stack(0x0000008afab00000,0x0000008afac00000)]
  0x000002535bd21000 JavaThread "Unconstrained build operations Thread 10" [_thread_blocked, id=13920, stack(0x0000008afac00000,0x0000008afad00000)]
  0x000002535bd27800 JavaThread "Unconstrained build operations Thread 11" [_thread_blocked, id=15436, stack(0x0000008afad00000,0x0000008afae00000)]
  0x000002535bd26000 JavaThread "Unconstrained build operations Thread 12" [_thread_blocked, id=15396, stack(0x0000008afae00000,0x0000008afaf00000)]
  0x000002535bd28800 JavaThread "Unconstrained build operations Thread 13" [_thread_blocked, id=13412, stack(0x0000008afaf00000,0x0000008afb000000)]
  0x000002535bd22800 JavaThread "Unconstrained build operations Thread 14" [_thread_blocked, id=15484, stack(0x0000008afb000000,0x0000008afb100000)]
  0x000002535bd29000 JavaThread "Unconstrained build operations Thread 15" [_thread_blocked, id=3348, stack(0x0000008afb100000,0x0000008afb200000)]
  0x000002535bd23800 JavaThread "Unconstrained build operations Thread 16" [_thread_blocked, id=16104, stack(0x0000008afb200000,0x0000008afb300000)]
  0x000002535bd2a000 JavaThread "Unconstrained build operations Thread 17" [_thread_blocked, id=15440, stack(0x0000008afb300000,0x0000008afb400000)]
  0x000002535bd24000 JavaThread "Unconstrained build operations Thread 18" [_thread_blocked, id=10812, stack(0x0000008afb400000,0x0000008afb500000)]
  0x000002535bd2d000 JavaThread "Unconstrained build operations Thread 19" [_thread_blocked, id=13228, stack(0x0000008afb500000,0x0000008afb600000)]
  0x000002535bd2e000 JavaThread "Unconstrained build operations Thread 20" [_thread_blocked, id=15160, stack(0x0000008afb600000,0x0000008afb700000)]
  0x000002535bd2f000 JavaThread "Unconstrained build operations Thread 21" [_thread_blocked, id=15776, stack(0x0000008afb700000,0x0000008afb800000)]
  0x000002535bd2b800 JavaThread "Unconstrained build operations Thread 22" [_thread_blocked, id=11556, stack(0x0000008afb800000,0x0000008afb900000)]
  0x000002535bd2c800 JavaThread "Unconstrained build operations Thread 23" [_thread_blocked, id=11840, stack(0x0000008afb900000,0x0000008afba00000)]
  0x000002535bd2f800 JavaThread "Unconstrained build operations Thread 24" [_thread_blocked, id=14240, stack(0x0000008afba00000,0x0000008afbb00000)]
  0x000002535bd2a800 JavaThread "Unconstrained build operations Thread 25" [_thread_blocked, id=6796, stack(0x0000008afbb00000,0x0000008afbc00000)]
  0x000002535b6c8000 JavaThread "Unconstrained build operations Thread 26" [_thread_blocked, id=8108, stack(0x0000008afbc00000,0x0000008afbd00000)]
  0x000002535b6c5800 JavaThread "Memory manager" [_thread_blocked, id=15508, stack(0x0000008afbe00000,0x0000008afbf00000)]
  0x000002535b6c9800 JavaThread "Cache worker for Build Output Cleanup Cache (F:\Scorify\android\.gradle\buildOutputCleanup)" [_thread_blocked, id=17252, stack(0x0000008af9e00000,0x0000008af9f00000)]
  0x000002535b6ca800 JavaThread "included builds" [_thread_blocked, id=13192, stack(0x0000008afbd00000,0x0000008afbe00000)]
  0x000002535b6c6800 JavaThread "Execution worker" [_thread_blocked, id=4764, stack(0x0000008afbf00000,0x0000008afc000000)]
  0x000002535b6cd000 JavaThread "Execution worker Thread 2" [_thread_blocked, id=16200, stack(0x0000008afc000000,0x0000008afc100000)]
  0x000002535b6cb800 JavaThread "Execution worker Thread 3" [_thread_blocked, id=17224, stack(0x0000008afc100000,0x0000008afc200000)]
  0x000002535b6cc000 JavaThread "Cache worker for execution history cache (F:\Scorify\node_modules\@react-native\gradle-plugin\.gradle\8.0.1\executionHistory)" [_thread_blocked, id=504, stack(0x0000008afc200000,0x0000008afc300000)]
  0x000002535b6c7000 JavaThread "Unconstrained build operations Thread 27" [_thread_blocked, id=15204, stack(0x0000008afc300000,0x0000008afc400000)]
  0x000002535b6c9000 JavaThread "Unconstrained build operations Thread 28" [_thread_blocked, id=3484, stack(0x0000008afc400000,0x0000008afc500000)]
  0x000002535b6d3800 JavaThread "Unconstrained build operations Thread 29" [_thread_blocked, id=13968, stack(0x0000008afc500000,0x0000008afc600000)]
  0x000002535b6d0000 JavaThread "Unconstrained build operations Thread 30" [_thread_blocked, id=9808, stack(0x0000008afc600000,0x0000008afc700000)]
  0x000002535b6d1000 JavaThread "Unconstrained build operations Thread 31" [_thread_blocked, id=17476, stack(0x0000008afc700000,0x0000008afc800000)]
  0x000002535b6d2000 JavaThread "Unconstrained build operations Thread 32" [_thread_blocked, id=17480, stack(0x0000008afc800000,0x0000008afc900000)]
  0x000002535b6d2800 JavaThread "Unconstrained build operations Thread 33" [_thread_blocked, id=17484, stack(0x0000008afc900000,0x0000008afca00000)]
  0x000002535b6cd800 JavaThread "Unconstrained build operations Thread 34" [_thread_blocked, id=17488, stack(0x0000008afca00000,0x0000008afcb00000)]
  0x000002535b6d4800 JavaThread "Unconstrained build operations Thread 35" [_thread_blocked, id=17492, stack(0x0000008afcb00000,0x0000008afcc00000)]
  0x000002535b6ce800 JavaThread "Unconstrained build operations Thread 36" [_thread_blocked, id=17496, stack(0x0000008afcc00000,0x0000008afcd00000)]
  0x000002535b6cf800 JavaThread "Unconstrained build operations Thread 37" [_thread_blocked, id=17500, stack(0x0000008afcd00000,0x0000008afce00000)]
  0x0000025360558800 JavaThread "Unconstrained build operations Thread 38" [_thread_blocked, id=17504, stack(0x0000008afce00000,0x0000008afcf00000)]
  0x0000025360559800 JavaThread "Unconstrained build operations Thread 39" [_thread_blocked, id=17508, stack(0x0000008afcf00000,0x0000008afd000000)]
  0x0000025360554800 JavaThread "Unconstrained build operations Thread 40" [_thread_blocked, id=17512, stack(0x0000008afd000000,0x0000008afd100000)]

Other Threads:
  0x00000253598de800 VMThread "VM Thread" [stack: 0x0000008af7900000,0x0000008af7a00000] [id=14236]
  0x000002535a2fd800 WatcherThread [stack: 0x0000008af8300000,0x0000008af8400000] [id=14504]
  0x000002533b354800 GCTaskThread "GC Thread#0" [stack: 0x0000008af7400000,0x0000008af7500000] [id=14148]
  0x000002535a385000 GCTaskThread "GC Thread#1" [stack: 0x0000008af8400000,0x0000008af8500000] [id=14716]
  0x000002535a7f2000 GCTaskThread "GC Thread#2" [stack: 0x0000008af8500000,0x0000008af8600000] [id=14720]
  0x000002535a7f3000 GCTaskThread "GC Thread#3" [stack: 0x0000008af8600000,0x0000008af8700000] [id=14724]
  0x000002533b384000 ConcurrentGCThread "G1 Main Marker" [stack: 0x0000008af7500000,0x0000008af7600000] [id=14152]
  0x000002533b385000 ConcurrentGCThread "G1 Conc#0" [stack: 0x0000008af7600000,0x0000008af7700000] [id=14156]
  0x000002535974e800 ConcurrentGCThread "G1 Refine#0" [stack: 0x0000008af7700000,0x0000008af7800000] [id=14168]
  0x000002535974f000 ConcurrentGCThread "G1 Young RemSet Sampling" [stack: 0x0000008af7800000,0x0000008af7900000] [id=14172]

Threads with active compile tasks:
C2 CompilerThread0 206615 8601   !   4       com.google.common.reflect.TypeVisitor::visit (244 bytes)

VM state:not at safepoint (normal execution)

VM Mutex/Monitor currently owned by a thread: None

Heap address: 0x0000000080000000, size: 2048 MB, Compressed Oops mode: 32-bit
Narrow klass base: 0x0000000000000000, Narrow klass shift: 3
Compressed class space size: 528482304 Address: 0x0000000100000000

Heap:
 garbage-first heap   total 262144K, used 191105K [0x0000000080000000, 0x0000000100000000)
  region size 1024K, 150 young (153600K), 12 survivors (12288K)
 Metaspace       used 77571K, capacity 79826K, committed 80104K, reserved 585728K
  class space    used 10082K, capacity 11014K, committed 11136K, reserved 516096K
Heap Regions: E=young(eden), S=young(survivor), O=old, HS=humongous(starts), HC=humongous(continues), CS=collection set, F=free, A=archive, TAMS=top-at-mark-start (previous, next)
|   0|0x0000000080000000, 0x0000000080100000, 0x0000000080100000|100%| O|  |TAMS 0x0000000080100000, 0x0000000080000000| Untracked 
|   1|0x0000000080100000, 0x0000000080200000, 0x0000000080200000|100%| O|  |TAMS 0x0000000080200000, 0x0000000080100000| Untracked 
|   2|0x0000000080200000, 0x0000000080300000, 0x0000000080300000|100%| O|  |TAMS 0x0000000080300000, 0x0000000080200000| Untracked 
|   3|0x0000000080300000, 0x0000000080400000, 0x0000000080400000|100%|HS|  |TAMS 0x0000000080400000, 0x0000000080300000| Complete 
|   4|0x0000000080400000, 0x0000000080500000, 0x0000000080500000|100%|HC|  |TAMS 0x0000000080500000, 0x0000000080400000| Complete 
|   5|0x0000000080500000, 0x0000000080600000, 0x0000000080600000|100%|HC|  |TAMS 0x0000000080600000, 0x0000000080500000| Complete 
|   6|0x0000000080600000, 0x0000000080700000, 0x0000000080700000|100%|HC|  |TAMS 0x0000000080700000, 0x0000000080600000| Complete 
|   7|0x0000000080700000, 0x0000000080800000, 0x0000000080800000|100%| O|  |TAMS 0x0000000080800000, 0x0000000080700000| Untracked 
|   8|0x0000000080800000, 0x0000000080900000, 0x0000000080900000|100%| O|  |TAMS 0x0000000080900000, 0x0000000080800000| Untracked 
|   9|0x0000000080900000, 0x0000000080a00000, 0x0000000080a00000|100%| O|  |TAMS 0x0000000080a00000, 0x0000000080900000| Untracked 
|  10|0x0000000080a00000, 0x0000000080b00000, 0x0000000080b00000|100%| O|  |TAMS 0x0000000080b00000, 0x0000000080a00000| Untracked 
|  11|0x0000000080b00000, 0x0000000080c00000, 0x0000000080c00000|100%| O|  |TAMS 0x0000000080c00000, 0x0000000080b00000| Untracked 
|  12|0x0000000080c00000, 0x0000000080d00000, 0x0000000080d00000|100%| O|  |TAMS 0x0000000080d00000, 0x0000000080c00000| Untracked 
|  13|0x0000000080d00000, 0x0000000080e00000, 0x0000000080e00000|100%| O|  |TAMS 0x0000000080e00000, 0x0000000080d00000| Untracked 
|  14|0x0000000080e00000, 0x0000000080f00000, 0x0000000080f00000|100%| O|  |TAMS 0x0000000080f00000, 0x0000000080e00000| Untracked 
|  15|0x0000000080f00000, 0x0000000081000000, 0x0000000081000000|100%| O|  |TAMS 0x0000000081000000, 0x0000000080f00000| Untracked 
|  16|0x0000000081000000, 0x0000000081100000, 0x0000000081100000|100%| O|  |TAMS 0x0000000081100000, 0x0000000081000000| Untracked 
|  17|0x0000000081100000, 0x0000000081200000, 0x0000000081200000|100%| O|  |TAMS 0x0000000081136400, 0x0000000081100000| Untracked 
|  18|0x0000000081200000, 0x0000000081300000, 0x0000000081300000|100%|HS|  |TAMS 0x0000000081200000, 0x0000000081200000| Complete 
|  19|0x0000000081300000, 0x0000000081400000, 0x0000000081400000|100%|HC|  |TAMS 0x0000000081300000, 0x0000000081300000| Complete 
|  20|0x0000000081400000, 0x0000000081500000, 0x0000000081500000|100%|HS|  |TAMS 0x0000000081400000, 0x0000000081400000| Complete 
|  21|0x0000000081500000, 0x0000000081600000, 0x0000000081600000|100%|HC|  |TAMS 0x0000000081500000, 0x0000000081500000| Complete 
|  22|0x0000000081600000, 0x0000000081700000, 0x0000000081700000|100%|HC|  |TAMS 0x0000000081600000, 0x0000000081600000| Complete 
|  23|0x0000000081700000, 0x0000000081800000, 0x0000000081800000|100%|HC|  |TAMS 0x0000000081700000, 0x0000000081700000| Complete 
|  24|0x0000000081800000, 0x0000000081900000, 0x0000000081900000|100%| O|  |TAMS 0x0000000081800000, 0x0000000081800000| Untracked 
|  25|0x0000000081900000, 0x0000000081a00000, 0x0000000081a00000|100%| O|  |TAMS 0x0000000081900000, 0x0000000081900000| Untracked 
|  26|0x0000000081a00000, 0x0000000081b00000, 0x0000000081b00000|100%| O|  |TAMS 0x0000000081a00000, 0x0000000081a00000| Untracked 
|  27|0x0000000081b00000, 0x0000000081c00000, 0x0000000081c00000|100%| O|  |TAMS 0x0000000081b00000, 0x0000000081b00000| Untracked 
|  28|0x0000000081c00000, 0x0000000081d00000, 0x0000000081d00000|100%| O|  |TAMS 0x0000000081c00000, 0x0000000081c00000| Untracked 
|  29|0x0000000081d00000, 0x0000000081e00000, 0x0000000081e00000|100%| O|  |TAMS 0x0000000081d00000, 0x0000000081d00000| Untracked 
|  30|0x0000000081e00000, 0x0000000081f00000, 0x0000000081f00000|100%| O|  |TAMS 0x0000000081e00000, 0x0000000081e00000| Untracked 
|  31|0x0000000081f00000, 0x0000000082000000, 0x0000000082000000|100%| O|  |TAMS 0x0000000081f00000, 0x0000000081f00000| Untracked 
|  32|0x0000000082000000, 0x0000000082100000, 0x0000000082100000|100%| O|  |TAMS 0x0000000082000000, 0x0000000082000000| Untracked 
|  33|0x0000000082100000, 0x0000000082200000, 0x0000000082200000|100%| O|  |TAMS 0x0000000082100000, 0x0000000082100000| Untracked 
|  34|0x0000000082200000, 0x0000000082300000, 0x0000000082300000|100%| O|  |TAMS 0x0000000082200000, 0x0000000082200000| Untracked 
|  35|0x0000000082300000, 0x0000000082400000, 0x0000000082400000|100%| O|  |TAMS 0x0000000082300000, 0x0000000082300000| Untracked 
|  36|0x0000000082400000, 0x00000000824a0408, 0x0000000082500000| 62%| O|  |TAMS 0x0000000082400000, 0x0000000082400000| Untracked 
|  37|0x0000000082500000, 0x0000000082600000, 0x0000000082600000|100%|HS|  |TAMS 0x0000000082500000, 0x0000000082500000| Complete 
|  38|0x0000000082600000, 0x0000000082700000, 0x0000000082700000|100%|HS|  |TAMS 0x0000000082600000, 0x0000000082600000| Complete 
|  39|0x0000000082700000, 0x0000000082700000, 0x0000000082800000|  0%| F|  |TAMS 0x0000000082700000, 0x0000000082700000| Untracked 
|  40|0x0000000082800000, 0x0000000082800000, 0x0000000082900000|  0%| F|  |TAMS 0x0000000082800000, 0x0000000082800000| Untracked 
|  41|0x0000000082900000, 0x0000000082900000, 0x0000000082a00000|  0%| F|  |TAMS 0x0000000082900000, 0x0000000082900000| Untracked 
|  42|0x0000000082a00000, 0x0000000082a00000, 0x0000000082b00000|  0%| F|  |TAMS 0x0000000082a00000, 0x0000000082a00000| Untracked 
|  43|0x0000000082b00000, 0x0000000082b00000, 0x0000000082c00000|  0%| F|  |TAMS 0x0000000082b00000, 0x0000000082b00000| Untracked 
|  44|0x0000000082c00000, 0x0000000082c00000, 0x0000000082d00000|  0%| F|  |TAMS 0x0000000082c00000, 0x0000000082c00000| Untracked 
|  45|0x0000000082d00000, 0x0000000082d00000, 0x0000000082e00000|  0%| F|  |TAMS 0x0000000082d00000, 0x0000000082d00000| Untracked 
|  46|0x0000000082e00000, 0x0000000082e00000, 0x0000000082f00000|  0%| F|  |TAMS 0x0000000082e00000, 0x0000000082e00000| Untracked 
|  47|0x0000000082f00000, 0x0000000082f00000, 0x0000000083000000|  0%| F|  |TAMS 0x0000000082f00000, 0x0000000082f00000| Untracked 
|  48|0x0000000083000000, 0x0000000083000000, 0x0000000083100000|  0%| F|  |TAMS 0x0000000083000000, 0x0000000083000000| Untracked 
|  49|0x0000000083100000, 0x0000000083100000, 0x0000000083200000|  0%| F|  |TAMS 0x0000000083100000, 0x0000000083100000| Untracked 
|  50|0x0000000083200000, 0x0000000083200000, 0x0000000083300000|  0%| F|  |TAMS 0x0000000083200000, 0x0000000083200000| Untracked 
|  51|0x0000000083300000, 0x0000000083300000, 0x0000000083400000|  0%| F|  |TAMS 0x0000000083300000, 0x0000000083300000| Untracked 
|  52|0x0000000083400000, 0x0000000083400000, 0x0000000083500000|  0%| F|  |TAMS 0x0000000083400000, 0x0000000083400000| Untracked 
|  53|0x0000000083500000, 0x0000000083500000, 0x0000000083600000|  0%| F|  |TAMS 0x0000000083500000, 0x0000000083500000| Untracked 
|  54|0x0000000083600000, 0x0000000083600000, 0x0000000083700000|  0%| F|  |TAMS 0x0000000083600000, 0x0000000083600000| Untracked 
|  55|0x0000000083700000, 0x0000000083700000, 0x0000000083800000|  0%| F|  |TAMS 0x0000000083700000, 0x0000000083700000| Untracked 
|  56|0x0000000083800000, 0x0000000083800000, 0x0000000083900000|  0%| F|  |TAMS 0x0000000083800000, 0x0000000083800000| Untracked 
|  57|0x0000000083900000, 0x0000000083900000, 0x0000000083a00000|  0%| F|  |TAMS 0x0000000083900000, 0x0000000083900000| Untracked 
|  58|0x0000000083a00000, 0x0000000083a00000, 0x0000000083b00000|  0%| F|  |TAMS 0x0000000083a00000, 0x0000000083a00000| Untracked 
|  59|0x0000000083b00000, 0x0000000083b00000, 0x0000000083c00000|  0%| F|  |TAMS 0x0000000083b00000, 0x0000000083b00000| Untracked 
|  60|0x0000000083c00000, 0x0000000083c00000, 0x0000000083d00000|  0%| F|  |TAMS 0x0000000083c00000, 0x0000000083c00000| Untracked 
|  61|0x0000000083d00000, 0x0000000083d00000, 0x0000000083e00000|  0%| F|  |TAMS 0x0000000083d00000, 0x0000000083d00000| Untracked 
|  62|0x0000000083e00000, 0x0000000083e00000, 0x0000000083f00000|  0%| F|  |TAMS 0x0000000083e00000, 0x0000000083e00000| Untracked 
|  63|0x0000000083f00000, 0x0000000083f00000, 0x0000000084000000|  0%| F|  |TAMS 0x0000000083f00000, 0x0000000083f00000| Untracked 
|  64|0x0000000084000000, 0x0000000084000000, 0x0000000084100000|  0%| F|  |TAMS 0x0000000084000000, 0x0000000084000000| Untracked 
|  65|0x0000000084100000, 0x0000000084100000, 0x0000000084200000|  0%| F|  |TAMS 0x0000000084100000, 0x0000000084100000| Untracked 
|  66|0x0000000084200000, 0x0000000084200000, 0x0000000084300000|  0%| F|  |TAMS 0x0000000084200000, 0x0000000084200000| Untracked 
|  67|0x0000000084300000, 0x0000000084300000, 0x0000000084400000|  0%| F|  |TAMS 0x0000000084300000, 0x0000000084300000| Untracked 
|  68|0x0000000084400000, 0x0000000084400000, 0x0000000084500000|  0%| F|  |TAMS 0x0000000084400000, 0x0000000084400000| Untracked 
|  69|0x0000000084500000, 0x0000000084500000, 0x0000000084600000|  0%| F|  |TAMS 0x0000000084500000, 0x0000000084500000| Untracked 
|  70|0x0000000084600000, 0x0000000084600000, 0x0000000084700000|  0%| F|  |TAMS 0x0000000084600000, 0x0000000084600000| Untracked 
|  71|0x0000000084700000, 0x0000000084700000, 0x0000000084800000|  0%| F|  |TAMS 0x0000000084700000, 0x0000000084700000| Untracked 
|  72|0x0000000084800000, 0x0000000084800000, 0x0000000084900000|  0%| F|  |TAMS 0x0000000084800000, 0x0000000084800000| Untracked 
|  73|0x0000000084900000, 0x0000000084900000, 0x0000000084a00000|  0%| F|  |TAMS 0x0000000084900000, 0x0000000084900000| Untracked 
|  74|0x0000000084a00000, 0x0000000084a00000, 0x0000000084b00000|  0%| F|  |TAMS 0x0000000084a00000, 0x0000000084a00000| Untracked 
|  75|0x0000000084b00000, 0x0000000084b00000, 0x0000000084c00000|  0%| F|  |TAMS 0x0000000084b00000, 0x0000000084b00000| Untracked 
|  76|0x0000000084c00000, 0x0000000084c00000, 0x0000000084d00000|  0%| F|  |TAMS 0x0000000084c00000, 0x0000000084c00000| Untracked 
|  77|0x0000000084d00000, 0x0000000084d00000, 0x0000000084e00000|  0%| F|  |TAMS 0x0000000084d00000, 0x0000000084d00000| Untracked 
|  78|0x0000000084e00000, 0x0000000084e00000, 0x0000000084f00000|  0%| F|  |TAMS 0x0000000084e00000, 0x0000000084e00000| Untracked 
|  79|0x0000000084f00000, 0x0000000084f00000, 0x0000000085000000|  0%| F|  |TAMS 0x0000000084f00000, 0x0000000084f00000| Untracked 
|  80|0x0000000085000000, 0x0000000085000000, 0x0000000085100000|  0%| F|  |TAMS 0x0000000085000000, 0x0000000085000000| Untracked 
|  81|0x0000000085100000, 0x0000000085100000, 0x0000000085200000|  0%| F|  |TAMS 0x0000000085100000, 0x0000000085100000| Untracked 
|  82|0x0000000085200000, 0x0000000085200000, 0x0000000085300000|  0%| F|  |TAMS 0x0000000085200000, 0x0000000085200000| Untracked 
|  83|0x0000000085300000, 0x0000000085300000, 0x0000000085400000|  0%| F|  |TAMS 0x0000000085300000, 0x0000000085300000| Untracked 
|  84|0x0000000085400000, 0x0000000085400000, 0x0000000085500000|  0%| F|  |TAMS 0x0000000085400000, 0x0000000085400000| Untracked 
|  85|0x0000000085500000, 0x0000000085500000, 0x0000000085600000|  0%| F|  |TAMS 0x0000000085500000, 0x0000000085500000| Untracked 
|  86|0x0000000085600000, 0x0000000085600000, 0x0000000085700000|  0%| F|  |TAMS 0x0000000085600000, 0x0000000085600000| Untracked 
|  87|0x0000000085700000, 0x0000000085700000, 0x0000000085800000|  0%| F|  |TAMS 0x0000000085700000, 0x0000000085700000| Untracked 
|  88|0x0000000085800000, 0x0000000085800000, 0x0000000085900000|  0%| F|  |TAMS 0x0000000085800000, 0x0000000085800000| Untracked 
|  89|0x0000000085900000, 0x0000000085900000, 0x0000000085a00000|  0%| F|  |TAMS 0x0000000085900000, 0x0000000085900000| Untracked 
|  90|0x0000000085a00000, 0x0000000085a00000, 0x0000000085b00000|  0%| F|  |TAMS 0x0000000085a00000, 0x0000000085a00000| Untracked 
|  91|0x0000000085b00000, 0x0000000085c00000, 0x0000000085c00000|100%| S|CS|TAMS 0x0000000085b00000, 0x0000000085b00000| Complete 
|  92|0x0000000085c00000, 0x0000000085d00000, 0x0000000085d00000|100%| S|CS|TAMS 0x0000000085c00000, 0x0000000085c00000| Complete 
|  93|0x0000000085d00000, 0x0000000085e00000, 0x0000000085e00000|100%| S|CS|TAMS 0x0000000085d00000, 0x0000000085d00000| Complete 
|  94|0x0000000085e00000, 0x0000000085f00000, 0x0000000085f00000|100%| S|CS|TAMS 0x0000000085e00000, 0x0000000085e00000| Complete 
|  95|0x0000000085f00000, 0x0000000086000000, 0x0000000086000000|100%| S|CS|TAMS 0x0000000085f00000, 0x0000000085f00000| Complete 
|  96|0x0000000086000000, 0x0000000086100000, 0x0000000086100000|100%| S|CS|TAMS 0x0000000086000000, 0x0000000086000000| Complete 
|  97|0x0000000086100000, 0x0000000086200000, 0x0000000086200000|100%| S|CS|TAMS 0x0000000086100000, 0x0000000086100000| Complete 
|  98|0x0000000086200000, 0x0000000086300000, 0x0000000086300000|100%| S|CS|TAMS 0x0000000086200000, 0x0000000086200000| Complete 
|  99|0x0000000086300000, 0x0000000086400000, 0x0000000086400000|100%| S|CS|TAMS 0x0000000086300000, 0x0000000086300000| Complete 
| 100|0x0000000086400000, 0x0000000086500000, 0x0000000086500000|100%| S|CS|TAMS 0x0000000086400000, 0x0000000086400000| Complete 
| 101|0x0000000086500000, 0x0000000086600000, 0x0000000086600000|100%| S|CS|TAMS 0x0000000086500000, 0x0000000086500000| Complete 
| 102|0x0000000086600000, 0x0000000086700000, 0x0000000086700000|100%| S|CS|TAMS 0x0000000086600000, 0x0000000086600000| Complete 
| 103|0x0000000086700000, 0x0000000086700000, 0x0000000086800000|  0%| F|  |TAMS 0x0000000086700000, 0x0000000086700000| Untracked 
| 104|0x0000000086800000, 0x0000000086800000, 0x0000000086900000|  0%| F|  |TAMS 0x0000000086800000, 0x0000000086800000| Untracked 
| 105|0x0000000086900000, 0x0000000086900000, 0x0000000086a00000|  0%| F|  |TAMS 0x0000000086900000, 0x0000000086900000| Untracked 
| 106|0x0000000086a00000, 0x0000000086a00000, 0x0000000086b00000|  0%| F|  |TAMS 0x0000000086a00000, 0x0000000086a00000| Untracked 
| 107|0x0000000086b00000, 0x0000000086b00000, 0x0000000086c00000|  0%| F|  |TAMS 0x0000000086b00000, 0x0000000086b00000| Untracked 
| 108|0x0000000086c00000, 0x0000000086c00000, 0x0000000086d00000|  0%| F|  |TAMS 0x0000000086c00000, 0x0000000086c00000| Untracked 
| 109|0x0000000086d00000, 0x0000000086d00000, 0x0000000086e00000|  0%| F|  |TAMS 0x0000000086d00000, 0x0000000086d00000| Untracked 
| 110|0x0000000086e00000, 0x0000000086e00000, 0x0000000086f00000|  0%| F|  |TAMS 0x0000000086e00000, 0x0000000086e00000| Untracked 
| 111|0x0000000086f00000, 0x0000000086f00000, 0x0000000087000000|  0%| F|  |TAMS 0x0000000086f00000, 0x0000000086f00000| Untracked 
| 112|0x0000000087000000, 0x0000000087000000, 0x0000000087100000|  0%| F|  |TAMS 0x0000000087000000, 0x0000000087000000| Untracked 
| 113|0x0000000087100000, 0x0000000087100000, 0x0000000087200000|  0%| F|  |TAMS 0x0000000087100000, 0x0000000087100000| Untracked 
| 114|0x0000000087200000, 0x0000000087200000, 0x0000000087300000|  0%| F|  |TAMS 0x0000000087200000, 0x0000000087200000| Untracked 
| 115|0x0000000087300000, 0x0000000087300000, 0x0000000087400000|  0%| F|  |TAMS 0x0000000087300000, 0x0000000087300000| Untracked 
| 116|0x0000000087400000, 0x0000000087400000, 0x0000000087500000|  0%| F|  |TAMS 0x0000000087400000, 0x0000000087400000| Untracked 
| 117|0x0000000087500000, 0x0000000087500000, 0x0000000087600000|  0%| F|  |TAMS 0x0000000087500000, 0x0000000087500000| Untracked 
| 118|0x0000000087600000, 0x00000000876c1328, 0x0000000087700000| 75%| E|  |TAMS 0x0000000087600000, 0x0000000087600000| Complete 
| 119|0x0000000087700000, 0x0000000087800000, 0x0000000087800000|100%| E|CS|TAMS 0x0000000087700000, 0x0000000087700000| Complete 
| 120|0x0000000087800000, 0x0000000087900000, 0x0000000087900000|100%| E|CS|TAMS 0x0000000087800000, 0x0000000087800000| Complete 
| 121|0x0000000087900000, 0x0000000087a00000, 0x0000000087a00000|100%| E|CS|TAMS 0x0000000087900000, 0x0000000087900000| Complete 
| 122|0x0000000087a00000, 0x0000000087b00000, 0x0000000087b00000|100%| E|CS|TAMS 0x0000000087a00000, 0x0000000087a00000| Complete 
| 123|0x0000000087b00000, 0x0000000087c00000, 0x0000000087c00000|100%| E|CS|TAMS 0x0000000087b00000, 0x0000000087b00000| Complete 
| 124|0x0000000087c00000, 0x0000000087d00000, 0x0000000087d00000|100%| E|CS|TAMS 0x0000000087c00000, 0x0000000087c00000| Complete 
| 125|0x0000000087d00000, 0x0000000087e00000, 0x0000000087e00000|100%| E|CS|TAMS 0x0000000087d00000, 0x0000000087d00000| Complete 
| 126|0x0000000087e00000, 0x0000000087f00000, 0x0000000087f00000|100%| E|CS|TAMS 0x0000000087e00000, 0x0000000087e00000| Complete 
| 127|0x0000000087f00000, 0x0000000088000000, 0x0000000088000000|100%| E|CS|TAMS 0x0000000087f00000, 0x0000000087f00000| Complete 
| 128|0x0000000088000000, 0x0000000088100000, 0x0000000088100000|100%| E|CS|TAMS 0x0000000088000000, 0x0000000088000000| Complete 
| 129|0x0000000088100000, 0x0000000088200000, 0x0000000088200000|100%| E|CS|TAMS 0x0000000088100000, 0x0000000088100000| Complete 
| 130|0x0000000088200000, 0x0000000088300000, 0x0000000088300000|100%| E|CS|TAMS 0x0000000088200000, 0x0000000088200000| Complete 
| 131|0x0000000088300000, 0x0000000088400000, 0x0000000088400000|100%| E|CS|TAMS 0x0000000088300000, 0x0000000088300000| Complete 
| 132|0x0000000088400000, 0x0000000088500000, 0x0000000088500000|100%| E|CS|TAMS 0x0000000088400000, 0x0000000088400000| Complete 
| 133|0x0000000088500000, 0x0000000088600000, 0x0000000088600000|100%| E|CS|TAMS 0x0000000088500000, 0x0000000088500000| Complete 
| 134|0x0000000088600000, 0x0000000088700000, 0x0000000088700000|100%| E|CS|TAMS 0x0000000088600000, 0x0000000088600000| Complete 
| 135|0x0000000088700000, 0x0000000088800000, 0x0000000088800000|100%| E|CS|TAMS 0x0000000088700000, 0x0000000088700000| Complete 
| 136|0x0000000088800000, 0x0000000088900000, 0x0000000088900000|100%| E|CS|TAMS 0x0000000088800000, 0x0000000088800000| Complete 
| 137|0x0000000088900000, 0x0000000088a00000, 0x0000000088a00000|100%| E|CS|TAMS 0x0000000088900000, 0x0000000088900000| Complete 
| 138|0x0000000088a00000, 0x0000000088b00000, 0x0000000088b00000|100%| E|CS|TAMS 0x0000000088a00000, 0x0000000088a00000| Complete 
| 139|0x0000000088b00000, 0x0000000088c00000, 0x0000000088c00000|100%| E|CS|TAMS 0x0000000088b00000, 0x0000000088b00000| Complete 
| 140|0x0000000088c00000, 0x0000000088d00000, 0x0000000088d00000|100%| E|CS|TAMS 0x0000000088c00000, 0x0000000088c00000| Complete 
| 141|0x0000000088d00000, 0x0000000088e00000, 0x0000000088e00000|100%| E|CS|TAMS 0x0000000088d00000, 0x0000000088d00000| Complete 
| 142|0x0000000088e00000, 0x0000000088f00000, 0x0000000088f00000|100%| E|CS|TAMS 0x0000000088e00000, 0x0000000088e00000| Complete 
| 143|0x0000000088f00000, 0x0000000089000000, 0x0000000089000000|100%| E|CS|TAMS 0x0000000088f00000, 0x0000000088f00000| Complete 
| 144|0x0000000089000000, 0x0000000089100000, 0x0000000089100000|100%| E|CS|TAMS 0x0000000089000000, 0x0000000089000000| Complete 
| 145|0x0000000089100000, 0x0000000089200000, 0x0000000089200000|100%| E|CS|TAMS 0x0000000089100000, 0x0000000089100000| Complete 
| 146|0x0000000089200000, 0x0000000089300000, 0x0000000089300000|100%| E|CS|TAMS 0x0000000089200000, 0x0000000089200000| Complete 
| 147|0x0000000089300000, 0x0000000089400000, 0x0000000089400000|100%| E|CS|TAMS 0x0000000089300000, 0x0000000089300000| Complete 
| 148|0x0000000089400000, 0x0000000089500000, 0x0000000089500000|100%| E|CS|TAMS 0x0000000089400000, 0x0000000089400000| Complete 
| 149|0x0000000089500000, 0x0000000089600000, 0x0000000089600000|100%| E|CS|TAMS 0x0000000089500000, 0x0000000089500000| Complete 
| 150|0x0000000089600000, 0x0000000089700000, 0x0000000089700000|100%| E|CS|TAMS 0x0000000089600000, 0x0000000089600000| Complete 
| 151|0x0000000089700000, 0x0000000089800000, 0x0000000089800000|100%| E|  |TAMS 0x0000000089700000, 0x0000000089700000| Complete 
| 152|0x0000000089800000, 0x0000000089900000, 0x0000000089900000|100%| E|CS|TAMS 0x0000000089800000, 0x0000000089800000| Complete 
| 153|0x0000000089900000, 0x0000000089a00000, 0x0000000089a00000|100%| E|CS|TAMS 0x0000000089900000, 0x0000000089900000| Complete 
| 154|0x0000000089a00000, 0x0000000089b00000, 0x0000000089b00000|100%| E|CS|TAMS 0x0000000089a00000, 0x0000000089a00000| Complete 
| 155|0x0000000089b00000, 0x0000000089c00000, 0x0000000089c00000|100%| E|CS|TAMS 0x0000000089b00000, 0x0000000089b00000| Complete 
| 156|0x0000000089c00000, 0x0000000089d00000, 0x0000000089d00000|100%| E|CS|TAMS 0x0000000089c00000, 0x0000000089c00000| Complete 
| 157|0x0000000089d00000, 0x0000000089e00000, 0x0000000089e00000|100%| E|CS|TAMS 0x0000000089d00000, 0x0000000089d00000| Complete 
| 158|0x0000000089e00000, 0x0000000089f00000, 0x0000000089f00000|100%| E|CS|TAMS 0x0000000089e00000, 0x0000000089e00000| Complete 
| 159|0x0000000089f00000, 0x000000008a000000, 0x000000008a000000|100%| E|CS|TAMS 0x0000000089f00000, 0x0000000089f00000| Complete 
| 160|0x000000008a000000, 0x000000008a100000, 0x000000008a100000|100%| E|CS|TAMS 0x000000008a000000, 0x000000008a000000| Complete 
| 161|0x000000008a100000, 0x000000008a200000, 0x000000008a200000|100%| E|CS|TAMS 0x000000008a100000, 0x000000008a100000| Complete 
| 162|0x000000008a200000, 0x000000008a300000, 0x000000008a300000|100%| E|CS|TAMS 0x000000008a200000, 0x000000008a200000| Complete 
| 163|0x000000008a300000, 0x000000008a400000, 0x000000008a400000|100%| E|CS|TAMS 0x000000008a300000, 0x000000008a300000| Complete 
| 164|0x000000008a400000, 0x000000008a500000, 0x000000008a500000|100%| E|CS|TAMS 0x000000008a400000, 0x000000008a400000| Complete 
| 165|0x000000008a500000, 0x000000008a600000, 0x000000008a600000|100%| E|CS|TAMS 0x000000008a500000, 0x000000008a500000| Complete 
| 166|0x000000008a600000, 0x000000008a700000, 0x000000008a700000|100%| E|CS|TAMS 0x000000008a600000, 0x000000008a600000| Complete 
| 167|0x000000008a700000, 0x000000008a800000, 0x000000008a800000|100%| E|CS|TAMS 0x000000008a700000, 0x000000008a700000| Complete 
| 168|0x000000008a800000, 0x000000008a900000, 0x000000008a900000|100%| E|CS|TAMS 0x000000008a800000, 0x000000008a800000| Complete 
| 169|0x000000008a900000, 0x000000008aa00000, 0x000000008aa00000|100%| E|CS|TAMS 0x000000008a900000, 0x000000008a900000| Complete 
| 170|0x000000008aa00000, 0x000000008ab00000, 0x000000008ab00000|100%| E|CS|TAMS 0x000000008aa00000, 0x000000008aa00000| Complete 
| 171|0x000000008ab00000, 0x000000008ac00000, 0x000000008ac00000|100%| E|CS|TAMS 0x000000008ab00000, 0x000000008ab00000| Complete 
| 172|0x000000008ac00000, 0x000000008ad00000, 0x000000008ad00000|100%| E|CS|TAMS 0x000000008ac00000, 0x000000008ac00000| Complete 
| 173|0x000000008ad00000, 0x000000008ae00000, 0x000000008ae00000|100%| E|CS|TAMS 0x000000008ad00000, 0x000000008ad00000| Complete 
| 174|0x000000008ae00000, 0x000000008af00000, 0x000000008af00000|100%| E|CS|TAMS 0x000000008ae00000, 0x000000008ae00000| Complete 
| 175|0x000000008af00000, 0x000000008b000000, 0x000000008b000000|100%| E|CS|TAMS 0x000000008af00000, 0x000000008af00000| Complete 
| 176|0x000000008b000000, 0x000000008b100000, 0x000000008b100000|100%| E|CS|TAMS 0x000000008b000000, 0x000000008b000000| Complete 
| 177|0x000000008b100000, 0x000000008b200000, 0x000000008b200000|100%| E|CS|TAMS 0x000000008b100000, 0x000000008b100000| Complete 
| 178|0x000000008b200000, 0x000000008b300000, 0x000000008b300000|100%| E|CS|TAMS 0x000000008b200000, 0x000000008b200000| Complete 
| 179|0x000000008b300000, 0x000000008b400000, 0x000000008b400000|100%| E|CS|TAMS 0x000000008b300000, 0x000000008b300000| Complete 
| 180|0x000000008b400000, 0x000000008b500000, 0x000000008b500000|100%| E|CS|TAMS 0x000000008b400000, 0x000000008b400000| Complete 
| 181|0x000000008b500000, 0x000000008b600000, 0x000000008b600000|100%| E|CS|TAMS 0x000000008b500000, 0x000000008b500000| Complete 
| 182|0x000000008b600000, 0x000000008b700000, 0x000000008b700000|100%| E|CS|TAMS 0x000000008b600000, 0x000000008b600000| Complete 
| 183|0x000000008b700000, 0x000000008b800000, 0x000000008b800000|100%| E|CS|TAMS 0x000000008b700000, 0x000000008b700000| Complete 
| 184|0x000000008b800000, 0x000000008b900000, 0x000000008b900000|100%| E|CS|TAMS 0x000000008b800000, 0x000000008b800000| Complete 
| 185|0x000000008b900000, 0x000000008ba00000, 0x000000008ba00000|100%| E|CS|TAMS 0x000000008b900000, 0x000000008b900000| Complete 
| 186|0x000000008ba00000, 0x000000008bb00000, 0x000000008bb00000|100%| E|CS|TAMS 0x000000008ba00000, 0x000000008ba00000| Complete 
| 187|0x000000008bb00000, 0x000000008bc00000, 0x000000008bc00000|100%| E|CS|TAMS 0x000000008bb00000, 0x000000008bb00000| Complete 
| 188|0x000000008bc00000, 0x000000008bd00000, 0x000000008bd00000|100%| E|CS|TAMS 0x000000008bc00000, 0x000000008bc00000| Complete 
| 189|0x000000008bd00000, 0x000000008be00000, 0x000000008be00000|100%| E|CS|TAMS 0x000000008bd00000, 0x000000008bd00000| Complete 
| 190|0x000000008be00000, 0x000000008bf00000, 0x000000008bf00000|100%| E|CS|TAMS 0x000000008be00000, 0x000000008be00000| Complete 
| 191|0x000000008bf00000, 0x000000008c000000, 0x000000008c000000|100%| E|CS|TAMS 0x000000008bf00000, 0x000000008bf00000| Complete 
| 192|0x000000008c000000, 0x000000008c100000, 0x000000008c100000|100%| E|CS|TAMS 0x000000008c000000, 0x000000008c000000| Complete 
| 193|0x000000008c100000, 0x000000008c200000, 0x000000008c200000|100%| E|CS|TAMS 0x000000008c100000, 0x000000008c100000| Complete 
| 194|0x000000008c200000, 0x000000008c300000, 0x000000008c300000|100%| E|CS|TAMS 0x000000008c200000, 0x000000008c200000| Complete 
| 195|0x000000008c300000, 0x000000008c400000, 0x000000008c400000|100%| E|CS|TAMS 0x000000008c300000, 0x000000008c300000| Complete 
| 196|0x000000008c400000, 0x000000008c500000, 0x000000008c500000|100%| E|CS|TAMS 0x000000008c400000, 0x000000008c400000| Complete 
| 197|0x000000008c500000, 0x000000008c600000, 0x000000008c600000|100%| E|CS|TAMS 0x000000008c500000, 0x000000008c500000| Complete 
| 198|0x000000008c600000, 0x000000008c700000, 0x000000008c700000|100%| E|CS|TAMS 0x000000008c600000, 0x000000008c600000| Complete 
| 199|0x000000008c700000, 0x000000008c800000, 0x000000008c800000|100%| E|CS|TAMS 0x000000008c700000, 0x000000008c700000| Complete 
| 200|0x000000008c800000, 0x000000008c900000, 0x000000008c900000|100%| E|CS|TAMS 0x000000008c800000, 0x000000008c800000| Complete 
| 201|0x000000008c900000, 0x000000008ca00000, 0x000000008ca00000|100%| E|CS|TAMS 0x000000008c900000, 0x000000008c900000| Complete 
| 202|0x000000008ca00000, 0x000000008cb00000, 0x000000008cb00000|100%| E|CS|TAMS 0x000000008ca00000, 0x000000008ca00000| Complete 
| 203|0x000000008cb00000, 0x000000008cc00000, 0x000000008cc00000|100%| E|CS|TAMS 0x000000008cb00000, 0x000000008cb00000| Complete 
| 204|0x000000008cc00000, 0x000000008cd00000, 0x000000008cd00000|100%| E|CS|TAMS 0x000000008cc00000, 0x000000008cc00000| Complete 
| 205|0x000000008cd00000, 0x000000008ce00000, 0x000000008ce00000|100%| E|CS|TAMS 0x000000008cd00000, 0x000000008cd00000| Complete 
| 206|0x000000008ce00000, 0x000000008cf00000, 0x000000008cf00000|100%| E|CS|TAMS 0x000000008ce00000, 0x000000008ce00000| Complete 
| 207|0x000000008cf00000, 0x000000008d000000, 0x000000008d000000|100%| E|CS|TAMS 0x000000008cf00000, 0x000000008cf00000| Complete 
| 208|0x000000008d000000, 0x000000008d100000, 0x000000008d100000|100%| E|CS|TAMS 0x000000008d000000, 0x000000008d000000| Complete 
| 209|0x000000008d100000, 0x000000008d200000, 0x000000008d200000|100%| E|CS|TAMS 0x000000008d100000, 0x000000008d100000| Complete 
| 210|0x000000008d200000, 0x000000008d300000, 0x000000008d300000|100%| E|CS|TAMS 0x000000008d200000, 0x000000008d200000| Complete 
| 211|0x000000008d300000, 0x000000008d400000, 0x000000008d400000|100%| E|CS|TAMS 0x000000008d300000, 0x000000008d300000| Complete 
| 212|0x000000008d400000, 0x000000008d500000, 0x000000008d500000|100%| E|CS|TAMS 0x000000008d400000, 0x000000008d400000| Complete 
| 213|0x000000008d500000, 0x000000008d600000, 0x000000008d600000|100%| E|CS|TAMS 0x000000008d500000, 0x000000008d500000| Complete 
| 214|0x000000008d600000, 0x000000008d700000, 0x000000008d700000|100%| E|CS|TAMS 0x000000008d600000, 0x000000008d600000| Complete 
| 215|0x000000008d700000, 0x000000008d800000, 0x000000008d800000|100%| E|CS|TAMS 0x000000008d700000, 0x000000008d700000| Complete 
| 216|0x000000008d800000, 0x000000008d900000, 0x000000008d900000|100%| E|CS|TAMS 0x000000008d800000, 0x000000008d800000| Complete 
| 217|0x000000008d900000, 0x000000008da00000, 0x000000008da00000|100%| E|CS|TAMS 0x000000008d900000, 0x000000008d900000| Complete 
| 218|0x000000008da00000, 0x000000008db00000, 0x000000008db00000|100%| E|CS|TAMS 0x000000008da00000, 0x000000008da00000| Complete 
| 219|0x000000008db00000, 0x000000008dc00000, 0x000000008dc00000|100%| E|CS|TAMS 0x000000008db00000, 0x000000008db00000| Complete 
| 220|0x000000008dc00000, 0x000000008dd00000, 0x000000008dd00000|100%| E|CS|TAMS 0x000000008dc00000, 0x000000008dc00000| Complete 
| 221|0x000000008dd00000, 0x000000008de00000, 0x000000008de00000|100%| E|CS|TAMS 0x000000008dd00000, 0x000000008dd00000| Complete 
| 222|0x000000008de00000, 0x000000008df00000, 0x000000008df00000|100%| E|CS|TAMS 0x000000008de00000, 0x000000008de00000| Complete 
| 223|0x000000008df00000, 0x000000008e000000, 0x000000008e000000|100%| E|CS|TAMS 0x000000008df00000, 0x000000008df00000| Complete 
| 224|0x000000008e000000, 0x000000008e100000, 0x000000008e100000|100%| E|CS|TAMS 0x000000008e000000, 0x000000008e000000| Complete 
| 225|0x000000008e100000, 0x000000008e200000, 0x000000008e200000|100%| E|CS|TAMS 0x000000008e100000, 0x000000008e100000| Complete 
| 226|0x000000008e200000, 0x000000008e300000, 0x000000008e300000|100%| E|CS|TAMS 0x000000008e200000, 0x000000008e200000| Complete 
| 227|0x000000008e300000, 0x000000008e400000, 0x000000008e400000|100%| E|CS|TAMS 0x000000008e300000, 0x000000008e300000| Complete 
| 228|0x000000008e400000, 0x000000008e500000, 0x000000008e500000|100%| E|CS|TAMS 0x000000008e400000, 0x000000008e400000| Complete 
| 229|0x000000008e500000, 0x000000008e600000, 0x000000008e600000|100%| E|CS|TAMS 0x000000008e500000, 0x000000008e500000| Complete 
| 230|0x000000008e600000, 0x000000008e700000, 0x000000008e700000|100%| E|CS|TAMS 0x000000008e600000, 0x000000008e600000| Complete 
| 231|0x000000008e700000, 0x000000008e800000, 0x000000008e800000|100%| E|CS|TAMS 0x000000008e700000, 0x000000008e700000| Complete 
| 232|0x000000008e800000, 0x000000008e900000, 0x000000008e900000|100%| E|CS|TAMS 0x000000008e800000, 0x000000008e800000| Complete 
| 233|0x000000008e900000, 0x000000008ea00000, 0x000000008ea00000|100%| E|CS|TAMS 0x000000008e900000, 0x000000008e900000| Complete 
| 234|0x000000008ea00000, 0x000000008eb00000, 0x000000008eb00000|100%| E|CS|TAMS 0x000000008ea00000, 0x000000008ea00000| Complete 
| 235|0x000000008eb00000, 0x000000008ec00000, 0x000000008ec00000|100%| E|CS|TAMS 0x000000008eb00000, 0x000000008eb00000| Complete 
| 236|0x000000008ec00000, 0x000000008ed00000, 0x000000008ed00000|100%| E|CS|TAMS 0x000000008ec00000, 0x000000008ec00000| Complete 
| 237|0x000000008ed00000, 0x000000008ee00000, 0x000000008ee00000|100%| E|CS|TAMS 0x000000008ed00000, 0x000000008ed00000| Complete 
| 238|0x000000008ee00000, 0x000000008ef00000, 0x000000008ef00000|100%| E|CS|TAMS 0x000000008ee00000, 0x000000008ee00000| Complete 
| 239|0x000000008ef00000, 0x000000008f000000, 0x000000008f000000|100%| E|CS|TAMS 0x000000008ef00000, 0x000000008ef00000| Complete 
| 240|0x000000008f000000, 0x000000008f100000, 0x000000008f100000|100%| E|CS|TAMS 0x000000008f000000, 0x000000008f000000| Complete 
| 241|0x000000008f100000, 0x000000008f200000, 0x000000008f200000|100%| E|CS|TAMS 0x000000008f100000, 0x000000008f100000| Complete 
| 242|0x000000008f200000, 0x000000008f300000, 0x000000008f300000|100%| E|CS|TAMS 0x000000008f200000, 0x000000008f200000| Complete 
| 243|0x000000008f300000, 0x000000008f400000, 0x000000008f400000|100%| E|CS|TAMS 0x000000008f300000, 0x000000008f300000| Complete 
| 244|0x000000008f400000, 0x000000008f500000, 0x000000008f500000|100%| E|CS|TAMS 0x000000008f400000, 0x000000008f400000| Complete 
| 245|0x000000008f500000, 0x000000008f600000, 0x000000008f600000|100%| E|CS|TAMS 0x000000008f500000, 0x000000008f500000| Complete 
| 246|0x000000008f600000, 0x000000008f700000, 0x000000008f700000|100%| E|CS|TAMS 0x000000008f600000, 0x000000008f600000| Complete 
| 247|0x000000008f700000, 0x000000008f800000, 0x000000008f800000|100%| E|CS|TAMS 0x000000008f700000, 0x000000008f700000| Complete 
| 248|0x000000008f800000, 0x000000008f900000, 0x000000008f900000|100%| E|CS|TAMS 0x000000008f800000, 0x000000008f800000| Complete 
| 249|0x000000008f900000, 0x000000008fa00000, 0x000000008fa00000|100%| E|CS|TAMS 0x000000008f900000, 0x000000008f900000| Complete 
| 250|0x000000008fa00000, 0x000000008fb00000, 0x000000008fb00000|100%| E|CS|TAMS 0x000000008fa00000, 0x000000008fa00000| Complete 
| 251|0x000000008fb00000, 0x000000008fc00000, 0x000000008fc00000|100%| E|CS|TAMS 0x000000008fb00000, 0x000000008fb00000| Complete 
| 252|0x000000008fc00000, 0x000000008fd00000, 0x000000008fd00000|100%| E|CS|TAMS 0x000000008fc00000, 0x000000008fc00000| Complete 
| 253|0x000000008fd00000, 0x000000008fe00000, 0x000000008fe00000|100%| E|CS|TAMS 0x000000008fd00000, 0x000000008fd00000| Complete 
| 254|0x000000008fe00000, 0x000000008ff00000, 0x000000008ff00000|100%| E|CS|TAMS 0x000000008fe00000, 0x000000008fe00000| Complete 
| 255|0x000000008ff00000, 0x0000000090000000, 0x0000000090000000|100%| E|CS|TAMS 0x000000008ff00000, 0x000000008ff00000| Complete 

Card table byte_map: [0x0000025352bc0000,0x0000025352fc0000] _byte_map_base: 0x00000253527c0000

Marking Bits (Prev, Next): (CMBitMap*) 0x000002533b37b040, (CMBitMap*) 0x000002533b37b008
 Prev Bits: [0x00000253553c0000, 0x00000253573c0000)
 Next Bits: [0x00000253533c0000, 0x00000253553c0000)

Polling page: 0x000002533ab20000

Metaspace:

Usage:
  Non-class:     67.20 MB capacity,    65.91 MB ( 98%) used,     1.05 MB (  2%) free+waste,   251.13 KB ( <1%) overhead. 
      Class:     10.76 MB capacity,     9.85 MB ( 92%) used,   811.54 KB (  7%) free+waste,   119.75 KB (  1%) overhead. 
       Both:     77.96 MB capacity,    75.75 MB ( 97%) used,     1.84 MB (  2%) free+waste,   370.88 KB ( <1%) overhead. 

Virtual space:
  Non-class space:       68.00 MB reserved,      67.35 MB (>99%) committed 
      Class space:      504.00 MB reserved,      10.88 MB (  2%) committed 
             Both:      572.00 MB reserved,      78.23 MB ( 14%) committed 

Chunk freelists:
   Non-Class:  3.50 KB
       Class:  3.25 KB
        Both:  6.75 KB

CodeHeap 'non-profiled nmethods': size=120064Kb used=4492Kb max_used=4492Kb free=115571Kb
 bounds [0x000002534b280000, 0x000002534b6f0000, 0x00000253527c0000]
CodeHeap 'profiled nmethods': size=120000Kb used=17045Kb max_used=17045Kb free=102954Kb
 bounds [0x0000025343d50000, 0x0000025344e10000, 0x000002534b280000]
CodeHeap 'non-nmethods': size=5696Kb used=2288Kb max_used=2319Kb free=3407Kb
 bounds [0x00000253437c0000, 0x0000025343a30000, 0x0000025343d50000]
 total_blobs=8785 nmethods=7901 adapters=795
 compilation: enabled
              stopped_count=0, restarted_count=0
 full_count=0

Compilation events (10 events):
Event: 206.028 Thread 0x00000253598ed800 8599       3       java.util.concurrent.atomic.AtomicReference::<init> (10 bytes)
Event: 206.028 Thread 0x00000253598ed800 nmethod 8599 0x0000025344dff590 code [0x0000025344dff740, 0x0000025344dff958]
Event: 206.029 Thread 0x00000253598ed800 8600       3       org.gradle.api.internal.provider.AbstractProviderWithValue::<init> (5 bytes)
Event: 206.029 Thread 0x00000253598ed800 nmethod 8600 0x0000025344dffa10 code [0x0000025344dffbc0, 0x0000025344dffdd8]
Event: 206.172 Thread 0x00000253598ec800 nmethod 8589 0x000002534b6db190 code [0x000002534b6db560, 0x000002534b6df480]
Event: 206.173 Thread 0x00000253598ec800 8590       4       org.objectweb.asm.MethodWriter::<init> (232 bytes)
Event: 206.359 Thread 0x00000253598ed800 8602       3       org.gradle.api.internal.provider.AbstractMinimalProvider::getOrNull (13 bytes)
Event: 206.359 Thread 0x00000253598ed800 nmethod 8602 0x0000025344dffe90 code [0x0000025344e00060, 0x0000025344e00340]
Event: 206.384 Thread 0x00000253598ec800 nmethod 8590 0x000002534b6e1610 code [0x000002534b6e1820, 0x000002534b6e28b0]
Event: 206.384 Thread 0x00000253598ec800 8601   !   4       com.google.common.reflect.TypeVisitor::visit (244 bytes)

GC Heap History (10 events):
Event: 40.099 GC heap before
{Heap before GC invocations=6 (full 0):
 garbage-first heap   total 262144K, used 76880K [0x0000000080000000, 0x0000000100000000)
  region size 1024K, 63 young (64512K), 6 survivors (6144K)
 Metaspace       used 26344K, capacity 26950K, committed 27184K, reserved 540672K
  class space    used 3409K, capacity 3655K, committed 3712K, reserved 516096K
}
Event: 40.108 GC heap after
{Heap after GC invocations=7 (full 0):
 garbage-first heap   total 262144K, used 20886K [0x0000000080000000, 0x0000000100000000)
  region size 1024K, 4 young (4096K), 4 survivors (4096K)
 Metaspace       used 26344K, capacity 26950K, committed 27184K, reserved 540672K
  class space    used 3409K, capacity 3655K, committed 3712K, reserved 516096K
}
Event: 54.667 GC heap before
{Heap before GC invocations=7 (full 0):
 garbage-first heap   total 262144K, used 92566K [0x0000000080000000, 0x0000000100000000)
  region size 1024K, 75 young (76800K), 4 survivors (4096K)
 Metaspace       used 34869K, capacity 35719K, committed 35888K, reserved 548864K
  class space    used 4511K, capacity 4879K, committed 4992K, reserved 516096K
}
Event: 54.678 GC heap after
{Heap after GC invocations=8 (full 0):
 garbage-first heap   total 262144K, used 24252K [0x0000000080000000, 0x0000000100000000)
  region size 1024K, 7 young (7168K), 7 survivors (7168K)
 Metaspace       used 34869K, capacity 35719K, committed 35888K, reserved 548864K
  class space    used 4511K, capacity 4879K, committed 4992K, reserved 516096K
}
Event: 110.735 GC heap before
{Heap before GC invocations=9 (full 0):
 garbage-first heap   total 262144K, used 176828K [0x0000000080000000, 0x0000000100000000)
  region size 1024K, 153 young (156672K), 7 survivors (7168K)
 Metaspace       used 46830K, capacity 48080K, committed 48232K, reserved 559104K
  class space    used 6011K, capacity 6533K, committed 6656K, reserved 516096K
}
Event: 110.757 GC heap after
{Heap after GC invocations=10 (full 0):
 garbage-first heap   total 262144K, used 33255K [0x0000000080000000, 0x0000000100000000)
  region size 1024K, 16 young (16384K), 16 survivors (16384K)
 Metaspace       used 46830K, capacity 48080K, committed 48232K, reserved 559104K
  class space    used 6011K, capacity 6533K, committed 6656K, reserved 516096K
}
Event: 133.656 GC heap before
{Heap before GC invocations=11 (full 0):
 garbage-first heap   total 262144K, used 179687K [0x0000000080000000, 0x0000000100000000)
  region size 1024K, 153 young (156672K), 16 survivors (16384K)
 Metaspace       used 58054K, capacity 59777K, committed 60008K, reserved 569344K
  class space    used 7612K, capacity 8322K, committed 8448K, reserved 516096K
}
Event: 133.686 GC heap after
{Heap after GC invocations=12 (full 0):
 garbage-first heap   total 262144K, used 44540K [0x0000000080000000, 0x0000000100000000)
  region size 1024K, 15 young (15360K), 15 survivors (15360K)
 Metaspace       used 58054K, capacity 59777K, committed 60008K, reserved 569344K
  class space    used 7612K, capacity 8322K, committed 8448K, reserved 516096K
}
Event: 167.545 GC heap before
{Heap before GC invocations=12 (full 0):
 garbage-first heap   total 262144K, used 185852K [0x0000000080000000, 0x0000000100000000)
  region size 1024K, 153 young (156672K), 15 survivors (15360K)
 Metaspace       used 67630K, capacity 69587K, committed 69736K, reserved 577536K
  class space    used 8878K, capacity 9704K, committed 9728K, reserved 516096K
}
Event: 167.573 GC heap after
{Heap after GC invocations=13 (full 0):
 garbage-first heap   total 262144K, used 49793K [0x0000000080000000, 0x0000000100000000)
  region size 1024K, 12 young (12288K), 12 survivors (12288K)
 Metaspace       used 67630K, capacity 69587K, committed 69736K, reserved 577536K
  class space    used 8878K, capacity 9704K, committed 9728K, reserved 516096K
}

Deoptimization events (10 events):
Event: 202.977 Thread 0x000002535bb4b800 Uncommon trap: reason=unstable_if action=reinterpret pc=0x000002534b42a084 method=java.lang.String.substring(II)Ljava/lang/String; @ 31 c2
Event: 202.978 Thread 0x000002535bb4b800 Uncommon trap: reason=unstable_if action=reinterpret pc=0x000002534b2d0594 method=java.lang.String.substring(II)Ljava/lang/String; @ 31 c2
Event: 202.980 Thread 0x000002535bb4b800 Uncommon trap: reason=unstable_if action=reinterpret pc=0x000002534b335120 method=java.lang.CharacterDataLatin1.isWhitespace(I)Z @ 14 c2
Event: 202.981 Thread 0x000002535bb4b800 Uncommon trap: reason=unstable_if action=reinterpret pc=0x000002534b667ca0 method=java.lang.CharacterDataLatin1.isWhitespace(I)Z @ 14 c2
Event: 202.985 Thread 0x000002535bb4b800 Uncommon trap: reason=unstable_if action=reinterpret pc=0x000002534b437554 method=java.lang.String.substring(I)Ljava/lang/String; @ 43 c2
Event: 202.985 Thread 0x000002535bb4b800 Uncommon trap: reason=unstable_if action=reinterpret pc=0x000002534b2b6a44 method=java.lang.AbstractStringBuilder.putStringAt(ILjava/lang/String;)V @ 8 c2
Event: 204.115 Thread 0x000002535bb4b800 Uncommon trap: reason=class_check action=maybe_recompile pc=0x000002534b64a9ec method=com.google.common.collect.ComparatorOrdering.compare(Ljava/lang/Object;Ljava/lang/Object;)I @ 6 c2
Event: 204.466 Thread 0x000002535bb4b800 Uncommon trap: reason=class_check action=maybe_recompile pc=0x000002534b46bdb0 method=org.gradle.internal.instantiation.generator.AbstractClassGenerator$InjectionAnnotationValidator.validateMethod(Ljava/lang/reflect/Method;Lorg/gradle/internal/reflect/Pro
Event: 204.466 Thread 0x000002535bb4b800 Uncommon trap: reason=class_check action=maybe_recompile pc=0x000002534b548a98 method=com.google.common.reflect.TypeVisitor.visit([Ljava/lang/reflect/Type;)V @ 99 c2
Event: 206.027 Thread 0x000002535bb4b800 Uncommon trap: reason=intrinsic_or_type_checked_inlining action=make_not_entrant pc=0x000002534b6cf9cc method=java.util.Arrays.copyOfRange([Ljava/lang/Object;IILjava/lang/Class;)[Ljava/lang/Object; @ 83 c2

Classes redefined (0 events):
No events

Internal exceptions (10 events):
Event: 202.200 Thread 0x000002535bb4b800 Exception <a 'java/security/PrivilegedActionException'{0x0000000088f83920}> (0x0000000088f83920) thrown at [./open/src/hotspot/share/prims/jvm.cpp, line 1296]
Event: 202.200 Thread 0x000002535bb4b800 Exception <a 'java/security/PrivilegedActionException'{0x0000000088f84e88}> (0x0000000088f84e88) thrown at [./open/src/hotspot/share/prims/jvm.cpp, line 1296]
Event: 202.200 Thread 0x000002535bb4b800 Exception <a 'java/security/PrivilegedActionException'{0x0000000088f88008}> (0x0000000088f88008) thrown at [./open/src/hotspot/share/prims/jvm.cpp, line 1296]
Event: 202.200 Thread 0x000002535bb4b800 Exception <a 'java/security/PrivilegedActionException'{0x0000000088f89570}> (0x0000000088f89570) thrown at [./open/src/hotspot/share/prims/jvm.cpp, line 1296]
Event: 202.201 Thread 0x000002535bb4b800 Exception <a 'java/security/PrivilegedActionException'{0x0000000088f8c740}> (0x0000000088f8c740) thrown at [./open/src/hotspot/share/prims/jvm.cpp, line 1296]
Event: 202.201 Thread 0x000002535bb4b800 Exception <a 'java/security/PrivilegedActionException'{0x0000000088f8dca8}> (0x0000000088f8dca8) thrown at [./open/src/hotspot/share/prims/jvm.cpp, line 1296]
Event: 202.201 Thread 0x000002535bb4b800 Exception <a 'java/security/PrivilegedActionException'{0x0000000088f90ed8}> (0x0000000088f90ed8) thrown at [./open/src/hotspot/share/prims/jvm.cpp, line 1296]
Event: 202.201 Thread 0x000002535bb4b800 Exception <a 'java/security/PrivilegedActionException'{0x0000000088f92440}> (0x0000000088f92440) thrown at [./open/src/hotspot/share/prims/jvm.cpp, line 1296]
Event: 204.104 Thread 0x000002535bb4b800 Exception <a 'java/lang/NoSuchMethodError'{0x0000000088208168}: java.lang.invoke.DirectMethodHandle$Holder.invokeStatic(Ljava/lang/Object;Ljava/lang/Object;Ljava/lang/Object;Ljava/lang/Object;Ljava/lang/Object;Ljava/lang/Object;Ljava/lang/Object;Ljava/lan
Event: 204.105 Thread 0x000002535bb4b800 Exception <a 'java/lang/NoSuchMethodError'{0x0000000088215b48}: java.lang.invoke.DirectMethodHandle$Holder.invokeStatic(Ljava/lang/Object;Ljava/lang/Object;Ljava/lang/Object;Ljava/lang/Object;Ljava/lang/Object;Ljava/lang/Object;Ljava/lang/Object;Ljava/lan

Events (10 events):
Event: 206.385 Thread 0x000002535bb4b800 DEOPT PACKING pc=0x0000025344db1d9a sp=0x0000008af8de8340
Event: 206.385 Thread 0x000002535bb4b800 DEOPT UNPACKING pc=0x00000253437e8cce sp=0x0000008af8de7918 mode 0
Event: 206.387 loading class com/google/common/util/concurrent/AbstractFuture$AtomicHelper
Event: 206.387 loading class com/google/common/util/concurrent/AbstractFuture$AtomicHelper done
Event: 206.387 loading class com/google/common/util/concurrent/AbstractFuture$UnsafeAtomicHelper
Event: 206.387 loading class com/google/common/util/concurrent/AbstractFuture$UnsafeAtomicHelper done
Event: 206.388 loading class com/google/common/util/concurrent/AbstractFuture$SafeAtomicHelper
Event: 206.388 loading class com/google/common/util/concurrent/AbstractFuture$SafeAtomicHelper done
Event: 206.388 loading class com/google/common/util/concurrent/AbstractFuture$SynchronizedHelper
Event: 206.388 loading class com/google/common/util/concurrent/AbstractFuture$SynchronizedHelper done


Dynamic libraries:
0x00007ff7b1510000 - 0x00007ff7b151f000 	F:\Laptop Files\Bot\jdk-11.0.9\jdk-11.0.9\bin\java.exe
0x00007ffdc8e30000 - 0x00007ffdc9028000 	C:\WINDOWS\SYSTEM32\ntdll.dll
0x00007ffdc7c50000 - 0x00007ffdc7d0f000 	C:\WINDOWS\System32\KERNEL32.DLL
0x00007ffdc6950000 - 0x00007ffdc6c46000 	C:\WINDOWS\System32\KERNELBASE.dll
0x00007ffdc6790000 - 0x00007ffdc6890000 	C:\WINDOWS\System32\ucrtbase.dll
0x00007ffdb3740000 - 0x00007ffdb3758000 	F:\Laptop Files\Bot\jdk-11.0.9\jdk-11.0.9\bin\jli.dll
0x00007ffdc8250000 - 0x00007ffdc82ff000 	C:\WINDOWS\System32\ADVAPI32.dll
0x00007ffdc8960000 - 0x00007ffdc89fe000 	C:\WINDOWS\System32\msvcrt.dll
0x00007ffdc8d50000 - 0x00007ffdc8dec000 	C:\WINDOWS\System32\sechost.dll
0x00007ffdc7af0000 - 0x00007ffdc7c16000 	C:\WINDOWS\System32\RPCRT4.dll
0x00007ffdc8bb0000 - 0x00007ffdc8d4d000 	C:\WINDOWS\System32\USER32.dll
0x00007ffdc6dc0000 - 0x00007ffdc6de2000 	C:\WINDOWS\System32\win32u.dll
0x00007ffdc7e50000 - 0x00007ffdc7e7c000 	C:\WINDOWS\System32\GDI32.dll
0x00007ffdc6510000 - 0x00007ffdc6625000 	C:\WINDOWS\System32\gdi32full.dll
0x00007ffdc6df0000 - 0x00007ffdc6e8d000 	C:\WINDOWS\System32\msvcp_win.dll
0x00007ffdb3920000 - 0x00007ffdb3935000 	F:\Laptop Files\Bot\jdk-11.0.9\jdk-11.0.9\bin\VCRUNTIME140.dll
0x00007ffdb8d30000 - 0x00007ffdb8fca000 	C:\WINDOWS\WinSxS\amd64_microsoft.windows.common-controls_6595b64144ccf1df_6.0.19041.1110_none_60b5254171f9507e\COMCTL32.dll
0x00007ffdc0d80000 - 0x00007ffdc0d8a000 	C:\WINDOWS\SYSTEM32\VERSION.dll
0x00007ffdc7ac0000 - 0x00007ffdc7af0000 	C:\WINDOWS\System32\IMM32.DLL
0x00007ffdacbd0000 - 0x00007ffdacc6b000 	F:\Laptop Files\Bot\jdk-11.0.9\jdk-11.0.9\bin\msvcp140.dll
0x00007ffda1ac0000 - 0x00007ffda25b7000 	F:\Laptop Files\Bot\jdk-11.0.9\jdk-11.0.9\bin\server\jvm.dll
0x00007ffdc7fb0000 - 0x00007ffdc7fb8000 	C:\WINDOWS\System32\PSAPI.DLL
0x00007ffdb7ac0000 - 0x00007ffdb7ac9000 	C:\WINDOWS\SYSTEM32\WSOCK32.dll
0x00007ffdc81e0000 - 0x00007ffdc824b000 	C:\WINDOWS\System32\WS2_32.dll
0x00007ffdbf5c0000 - 0x00007ffdbf5e7000 	C:\WINDOWS\SYSTEM32\WINMM.dll
0x00007ffdc43e0000 - 0x00007ffdc43f2000 	C:\WINDOWS\SYSTEM32\kernel.appcore.dll
0x00007ffdb7600000 - 0x00007ffdb7610000 	F:\Laptop Files\Bot\jdk-11.0.9\jdk-11.0.9\bin\verify.dll
0x00007ffda9970000 - 0x00007ffda9b54000 	C:\WINDOWS\SYSTEM32\DBGHELP.DLL
0x00007ffdaa040000 - 0x00007ffdaa074000 	C:\WINDOWS\SYSTEM32\dbgcore.DLL
0x00007ffdc6d30000 - 0x00007ffdc6db2000 	C:\WINDOWS\System32\bcryptPrimitives.dll
0x00007ffdb1da0000 - 0x00007ffdb1dc8000 	F:\Laptop Files\Bot\jdk-11.0.9\jdk-11.0.9\bin\java.dll
0x00007ffdb6ff0000 - 0x00007ffdb6ffa000 	F:\Laptop Files\Bot\jdk-11.0.9\jdk-11.0.9\bin\jimage.dll
0x00007ffdb1b20000 - 0x00007ffdb1b36000 	F:\Laptop Files\Bot\jdk-11.0.9\jdk-11.0.9\bin\zip.dll
0x00007ffdc7370000 - 0x00007ffdc7ab4000 	C:\WINDOWS\System32\SHELL32.dll
0x00007ffdc45e0000 - 0x00007ffdc4d74000 	C:\WINDOWS\SYSTEM32\windows.storage.dll
0x00007ffdc7010000 - 0x00007ffdc7364000 	C:\WINDOWS\System32\combase.dll
0x00007ffdc5e80000 - 0x00007ffdc5eae000 	C:\WINDOWS\SYSTEM32\Wldp.dll
0x00007ffdc6f60000 - 0x00007ffdc700d000 	C:\WINDOWS\System32\SHCORE.dll
0x00007ffdc7d70000 - 0x00007ffdc7dc5000 	C:\WINDOWS\System32\shlwapi.dll
0x00007ffdc6440000 - 0x00007ffdc6465000 	C:\WINDOWS\SYSTEM32\profapi.dll
0x00007ffdaf9d0000 - 0x00007ffdaf9e9000 	F:\Laptop Files\Bot\jdk-11.0.9\jdk-11.0.9\bin\net.dll
0x00007ffdbc970000 - 0x00007ffdbca7a000 	C:\WINDOWS\SYSTEM32\WINHTTP.dll
0x00007ffdc5be0000 - 0x00007ffdc5c4a000 	C:\WINDOWS\system32\mswsock.dll
0x00007ffdaf7d0000 - 0x00007ffdaf7e2000 	F:\Laptop Files\Bot\jdk-11.0.9\jdk-11.0.9\bin\nio.dll
0x00007ffdaeb00000 - 0x00007ffdaeb27000 	C:\Users\abdul\.gradle\native\68d5fa5c4cc2d200863cafc0d521ce42e7d3e7ee720ec0a83991735586a16f82\windows-amd64\native-platform.dll
0x00007ffda3ac0000 - 0x00007ffda3c04000 	C:\Users\abdul\.gradle\native\e376f236ea51e6404a007f0833ffe2c6e607c4080706a723a18a27aeea778392\windows-amd64\native-platform-file-events.dll
0x00007ffdb6b40000 - 0x00007ffdb6b49000 	F:\Laptop Files\Bot\jdk-11.0.9\jdk-11.0.9\bin\management.dll
0x00007ffdaf9b0000 - 0x00007ffdaf9bb000 	F:\Laptop Files\Bot\jdk-11.0.9\jdk-11.0.9\bin\management_ext.dll
0x00007ffdc5de0000 - 0x00007ffdc5df8000 	C:\WINDOWS\SYSTEM32\CRYPTSP.dll
0x00007ffdc5500000 - 0x00007ffdc5534000 	C:\WINDOWS\system32\rsaenh.dll
0x00007ffdc6c50000 - 0x00007ffdc6c77000 	C:\WINDOWS\System32\bcrypt.dll
0x00007ffdc6400000 - 0x00007ffdc642e000 	C:\WINDOWS\SYSTEM32\USERENV.dll
0x00007ffdc5dd0000 - 0x00007ffdc5ddc000 	C:\WINDOWS\SYSTEM32\CRYPTBASE.dll
0x00007ffdc58d0000 - 0x00007ffdc590c000 	C:\WINDOWS\SYSTEM32\IPHLPAPI.DLL
0x00007ffdc7c20000 - 0x00007ffdc7c28000 	C:\WINDOWS\System32\NSI.dll
0x00007ffdbd390000 - 0x00007ffdbd3a7000 	C:\WINDOWS\SYSTEM32\dhcpcsvc6.DLL
0x00007ffdbd370000 - 0x00007ffdbd38d000 	C:\WINDOWS\SYSTEM32\dhcpcsvc.DLL
0x00007ffdc5910000 - 0x00007ffdc59da000 	C:\WINDOWS\SYSTEM32\DNSAPI.dll

dbghelp: loaded successfully - version: 4.0.5 - missing functions: none
symbol engine: initialized successfully - sym options: 0x614 - pdb path: .;F:\Laptop Files\Bot\jdk-11.0.9\jdk-11.0.9\bin;C:\WINDOWS\SYSTEM32;C:\WINDOWS\WinSxS\amd64_microsoft.windows.common-controls_6595b64144ccf1df_6.0.19041.1110_none_60b5254171f9507e;F:\Laptop Files\Bot\jdk-11.0.9\jdk-11.0.9\bin\server;C:\Users\abdul\.gradle\native\68d5fa5c4cc2d200863cafc0d521ce42e7d3e7ee720ec0a83991735586a16f82\windows-amd64;C:\Users\abdul\.gradle\native\e376f236ea51e6404a007f0833ffe2c6e607c4080706a723a18a27aeea778392\windows-amd64

VM Arguments:
jvm_args: -XX:MaxMetaspaceSize=512m --add-opens=java.base/java.util=ALL-UNNAMED --add-opens=java.base/java.lang=ALL-UNNAMED --add-opens=java.base/java.lang.invoke=ALL-UNNAMED --add-opens=java.prefs/java.util.prefs=ALL-UNNAMED --add-opens=java.base/java.nio.charset=ALL-UNNAMED --add-opens=java.base/java.net=ALL-UNNAMED --add-opens=java.base/java.util.concurrent.atomic=ALL-UNNAMED -Xmx2048m -Dfile.encoding=windows-1252 -Duser.country=US -Duser.language=en -Duser.variant 
java_command: org.gradle.launcher.daemon.bootstrap.GradleDaemon 8.0.1
java_class_path (initial): C:\Users\abdul\.gradle\wrapper\dists\gradle-8.0.1-all\aro4hu1c3oeioove7l0i4i14o\gradle-8.0.1\lib\gradle-launcher-8.0.1.jar
Launcher Type: SUN_STANDARD

[Global flags]
     intx CICompilerCount                          = 3                                         {product} {ergonomic}
   size_t CompressedClassSpaceSize                 = 528482304                                 {product} {ergonomic}
     uint ConcGCThreads                            = 1                                         {product} {ergonomic}
     uint G1ConcRefinementThreads                  = 4                                         {product} {ergonomic}
   size_t G1HeapRegionSize                         = 1048576                                   {product} {ergonomic}
    uintx GCDrainStackTargetSize                   = 64                                        {product} {ergonomic}
   size_t InitialHeapSize                          = 268435456                                 {product} {ergonomic}
   size_t MarkStackSize                            = 4194304                                   {product} {ergonomic}
   size_t MaxHeapSize                              = 2147483648                                {product} {command line}
   size_t MaxMetaspaceSize                         = 536870912                                 {product} {command line}
   size_t MaxNewSize                               = 1287651328                                {product} {ergonomic}
   size_t MinHeapDeltaBytes                        = 1048576                                   {product} {ergonomic}
    uintx NonNMethodCodeHeapSize                   = 5830732                                {pd product} {ergonomic}
    uintx NonProfiledCodeHeapSize                  = 122913754                              {pd product} {ergonomic}
    uintx ProfiledCodeHeapSize                     = 122913754                              {pd product} {ergonomic}
    uintx ReservedCodeCacheSize                    = 251658240                              {pd product} {ergonomic}
     bool SegmentedCodeCache                       = true                                      {product} {ergonomic}
     bool UseCompressedClassPointers               = true                                 {lp64_product} {ergonomic}
     bool UseCompressedOops                        = true                                 {lp64_product} {ergonomic}
     bool UseG1GC                                  = true                                      {product} {ergonomic}
     bool UseLargePagesIndividualAllocation        = false                                  {pd product} {ergonomic}

Logging:
Log output configuration:
 #0: stdout all=warning uptime,level,tags
 #1: stderr all=off uptime,level,tags

Environment Variables:
JAVA_HOME=F:\Laptop Files\Bot\jdk-11.0.9\jdk-11.0.9
CLASSPATH=F:\Scorify\android\\gradle\wrapper\gradle-wrapper.jar
PATH=F:\Scorify\node_modules\.bin;F:\Scorify\node_modules\.bin;F:\node_modules\.bin;C:\Program Files\nodejs\node_modules\npm\node_modules\@npmcli\run-script\lib\node-gyp-bin;F:\Scorify\node_modules\.bin;F:\Scorify\node_modules\.bin;F:\node_modules\.bin;C:\Program Files\nodejs\node_modules\npm\node_modules\@npmcli\run-script\lib\node-gyp-bin;C:\Users\abdul\bin;C:\Program Files\Git\mingw64\bin;C:\Program Files\Git\usr\local\bin;C:\Program Files\Git\usr\bin;C:\Program Files\Git\usr\bin;C:\Program Files\Git\mingw64\bin;C:\Program Files\Git\usr\bin;C:\Users\abdul\bin;C:\Program Files (x86)\Common Files\Oracle\Java\javapath;C:\WINDOWS\system32;C:\WINDOWS;C:\WINDOWS\System32\Wbem;C:\WINDOWS\System32\WindowsPowerShell\v1.0;C:\WINDOWS\System32\OpenSSH;C:\Program Files\Google\Chrome\Application;C:\Program Files\Microsoft SQL Server\150\Tools\Binn;C:\Program Files\nodejs;F:\Laptop Files\Bot\Android\Sdk\platform-tools;F:\Laptop Files\Bot\jdk-11.0.9\jdk-11.0.9\bin;C:\Program Files (x86)\AMD\ATI.ACE\Core-Static;C:\Program Files\Git\cmd;F:\Laptop Files\Bot\Android\Sdk\tools;C:\Users\abdul\AppData\Local\Programs\Python\Python39\Scripts;C:\Users\abdul\AppData\Local\Programs\Python\Python39;C:\Users\abdul\AppData\Local\Programs\Python\Python310\Scripts;C:\Users\abdul\AppData\Local\Programs\Python\Python310;C:\Users\abdul\AppData\Local\Microsoft\WindowsApps;C:\Users\abdul\AppData\Local\Programs\Microsoft VS Code\bin;C:\Program Files\JetBrains\PyCharm 2022.2.3\bin;C:\Program Files\JetBrains\PyCharm Community Edition 2022.2.3\bin;C:\Program Files\Google\Chrome\Application;C:\Users\abdul\AppData\Roaming\npm;F:\Laptop Files\Bot\Android\Sdk\platform-tools;C:\Program Files\Git\usr\bin\vendor_perl;C:\Program Files\Git\usr\bin\core_perl
USERNAME=Hamza&Haroon
SHELL=C:\Program Files\Git\usr\bin\bash.exe
DISPLAY=needs-to-be-defined
OS=Windows_NT
PROCESSOR_IDENTIFIER=Intel64 Family 6 Model 42 Stepping 7, GenuineIntel



---------------  S Y S T E M  ---------------

OS: Windows 10 , 64 bit Build 19041 (10.0.19041.3155)

CPU:total 4 (initial active 4) (2 cores per cpu, 2 threads per core) family 6 model 42 stepping 7, cmov, cx8, fxsr, mmx, sse, sse2, sse3, ssse3, sse4.1, sse4.2, popcnt, avx, clmul, ht, tsc, tscinvbit

Memory: 4k page, system-wide physical 16340M (848M free)
TotalPageFile size 20192M (AvailPageFile size 3M)
current process WorkingSet (physical memory assigned to process): 409M, peak: 410M
current process commit charge ("private bytes"): 497M, peak: 498M

vm_info: Java HotSpot(TM) 64-Bit Server VM (11.0.9+7-LTS) for windows-amd64 JRE (11.0.9+7-LTS), built on Sep 15 2020 16:47:03 by "mach5one" with MS VC++ 15.9 (VS2017)

END.
