#
# There is insufficient memory for the Java Runtime Environment to continue.
# Native memory allocation (malloc) failed to allocate 1046336 bytes for Chunk::new
# Possible reasons:
#   The system is out of physical RAM or swap space
#   The process is running with CompressedOops enabled, and the Java Heap may be blocking the growth of the native heap
# Possible solutions:
#   Reduce memory load on the system
#   Increase physical memory or swap space
#   Check if swap backing store is full
#   Decrease Java heap size (-Xmx/-Xms)
#   Decrease number of Java threads
#   Decrease Java thread stack sizes (-Xss)
#   Set larger code cache with -XX:ReservedCodeCacheSize=
#   JVM is running with Unscaled Compressed Oops mode in which the Java heap is
#     placed in the first 4GB address space. The Java Heap base address is the
#     maximum limit for the native heap growth. Please use -XX:HeapBaseMinAddress
#     to set the Java Heap base and to place the Java Heap above 4GB virtual address.
# This output file may be truncated or incomplete.
#
#  Out of Memory Error (./open/src/hotspot/share/memory/arena.cpp:197), pid=14908, tid=15104
#
# JRE version: Java(TM) SE Runtime Environment 18.9 (11.0.9+7) (build 11.0.9+7-LTS)
# Java VM: Java HotSpot(TM) 64-Bit Server VM 18.9 (11.0.9+7-LTS, mixed mode, tiered, compressed oops, g1 gc, windows-amd64)
# No core dump will be written. Minidumps are not enabled by default on client versions of Windows
#

---------------  S U M M A R Y ------------

Command Line: -XX:MaxMetaspaceSize=512m --add-opens=java.base/java.util=ALL-UNNAMED --add-opens=java.base/java.lang=ALL-UNNAMED --add-opens=java.base/java.lang.invoke=ALL-UNNAMED --add-opens=java.prefs/java.util.prefs=ALL-UNNAMED --add-opens=java.base/java.nio.charset=ALL-UNNAMED --add-opens=java.base/java.net=ALL-UNNAMED --add-opens=java.base/java.util.concurrent.atomic=ALL-UNNAMED -Xmx2048m -Dfile.encoding=windows-1252 -Duser.country=US -Duser.language=en -Duser.variant org.gradle.launcher.daemon.bootstrap.GradleDaemon 8.0.1

Host: Intel(R) Core(TM) i3-2120 CPU @ 3.30GHz, 4 cores, 15G,  Windows 10 , 64 bit Build 19041 (10.0.19041.3155)
Time: Sun Oct 29 14:35:26 2023 Pakistan Standard Time elapsed time: 187.298826 seconds (0d 0h 3m 7s)

---------------  T H R E A D  ---------------

Current thread (0x000002029ec9c800):  JavaThread "C2 CompilerThread0" daemon [_thread_in_native, id=15104, stack(0x000000ad05900000,0x000000ad05a00000)]


Current CompileTask:
C2: 187298 9432   !   4       com.sun.beans.TypeResolver::resolve (261 bytes)

Stack: [0x000000ad05900000,0x000000ad05a00000]
Native frames: (J=compiled Java code, j=interpreted, Vv=VM code, C=native code)
V  [jvm.dll+0x611a3a]
V  [jvm.dll+0x748aaf]
V  [jvm.dll+0x74a135]
V  [jvm.dll+0x74a7b3]
V  [jvm.dll+0x2439f8]
V  [jvm.dll+0xba2bc]
V  [jvm.dll+0xba9bc]
V  [jvm.dll+0x2b4274]
V  [jvm.dll+0x52a046]
V  [jvm.dll+0x20565d]
V  [jvm.dll+0x1ff5aa]
V  [jvm.dll+0x1fc52f]
V  [jvm.dll+0x17f08c]
V  [jvm.dll+0x20bc54]
V  [jvm.dll+0x209d2b]
V  [jvm.dll+0x7103d9]
V  [jvm.dll+0x709114]
V  [jvm.dll+0x610cb6]
C  [ucrtbase.dll+0x21bb2]
C  [KERNEL32.DLL+0x17614]
C  [ntdll.dll+0x526b1]


---------------  P R O C E S S  ---------------

Threads class SMR info:
_java_thread_list=0x00000202a552cd00, length=86, elements={
0x00000202fc4ae800, 0x000002029f4a3800, 0x000002029f4a4800, 0x000002029ec99000,
0x000002029ec9b800, 0x000002029ec9c800, 0x000002029ec9e800, 0x000002029f563800,
0x000002029f671800, 0x000002029f6ab800, 0x00000202a0b11000, 0x00000202a0ea1800,
0x00000202a093b000, 0x000002029fe1e800, 0x000002029fe1f000, 0x000002029fe22000,
0x000002029fbd5000, 0x000002029fbd7800, 0x000002029fee4000, 0x000002029fee5000,
0x000002029fee3800, 0x000002029fee6800, 0x000002029fee2000, 0x000002029fee6000,
0x000002029fee8800, 0x000002029fee7800, 0x000002029fee2800, 0x00000202a1829800,
0x00000202a182a000, 0x00000202a1824800, 0x00000202a182b000, 0x00000202a1828000,
0x00000202a1825800, 0x00000202a182c800, 0x00000202a1833000, 0x00000202a1830800,
0x00000202a182f000, 0x00000202a182d800, 0x00000202a182e800, 0x00000202a1830000,
0x00000202a1832800, 0x00000202a1831800, 0x00000202a37e0800, 0x00000202a37dd000,
0x00000202a37e1000, 0x00000202a37df000, 0x00000202a37de000, 0x00000202a37df800,
0x00000202a37e2000, 0x00000202a37dc800, 0x00000202a37e7000, 0x00000202a37e8800,
0x00000202a37e3000, 0x00000202a37e9800, 0x00000202a37e4800, 0x00000202a37e8000,
0x00000202a37e5800, 0x00000202a37e3800, 0x00000202a37ea000, 0x00000202a37eb000,
0x00000202a37e6000, 0x00000202a4099800, 0x00000202a409c000, 0x00000202a4096000,
0x00000202a409a800, 0x00000202a409b000, 0x00000202a409d000, 0x00000202a4098800,
0x00000202a4097000, 0x00000202a409d800, 0x00000202a4098000, 0x00000202a409e800,
0x00000202a40a3800, 0x00000202a409f000, 0x00000202a40a0000, 0x00000202a40a5000,
0x00000202a40a4000, 0x00000202a40a1000, 0x00000202a40a1800, 0x00000202a40a2800,
0x00000202a1985800, 0x00000202a1986000, 0x00000202a1982000, 0x00000202a1983000,
0x00000202a1980800, 0x00000202a1984000
}

Java Threads: ( => current thread )
  0x00000202fc4ae800 JavaThread "main" [_thread_blocked, id=15004, stack(0x000000ad04d00000,0x000000ad04e00000)]
  0x000002029f4a3800 JavaThread "Reference Handler" daemon [_thread_blocked, id=15084, stack(0x000000ad05500000,0x000000ad05600000)]
  0x000002029f4a4800 JavaThread "Finalizer" daemon [_thread_blocked, id=15088, stack(0x000000ad05600000,0x000000ad05700000)]
  0x000002029ec99000 JavaThread "Signal Dispatcher" daemon [_thread_blocked, id=15096, stack(0x000000ad05700000,0x000000ad05800000)]
  0x000002029ec9b800 JavaThread "Attach Listener" daemon [_thread_blocked, id=15100, stack(0x000000ad05800000,0x000000ad05900000)]
=>0x000002029ec9c800 JavaThread "C2 CompilerThread0" daemon [_thread_in_native, id=15104, stack(0x000000ad05900000,0x000000ad05a00000)]
  0x000002029ec9e800 JavaThread "C1 CompilerThread0" daemon [_thread_blocked, id=15112, stack(0x000000ad05a00000,0x000000ad05b00000)]
  0x000002029f563800 JavaThread "Sweeper thread" daemon [_thread_blocked, id=15128, stack(0x000000ad05b00000,0x000000ad05c00000)]
  0x000002029f671800 JavaThread "Common-Cleaner" daemon [_thread_blocked, id=15148, stack(0x000000ad05c00000,0x000000ad05d00000)]
  0x000002029f6ab800 JavaThread "Service Thread" daemon [_thread_blocked, id=15156, stack(0x000000ad05d00000,0x000000ad05e00000)]
  0x00000202a0b11000 JavaThread "Daemon health stats" [_thread_blocked, id=13452, stack(0x000000ad05f00000,0x000000ad06000000)]
  0x00000202a0ea1800 JavaThread "Incoming local TCP Connector on port 51188" [_thread_in_native, id=13796, stack(0x000000ad06300000,0x000000ad06400000)]
  0x00000202a093b000 JavaThread "Daemon periodic checks" [_thread_blocked, id=13484, stack(0x000000ad06400000,0x000000ad06500000)]
  0x000002029fe1e800 JavaThread "Daemon" [_thread_blocked, id=13724, stack(0x000000ad06500000,0x000000ad06600000)]
  0x000002029fe1f000 JavaThread "Handler for socket connection from /127.0.0.1:51188 to /127.0.0.1:51189" [_thread_in_native, id=13020, stack(0x000000ad06600000,0x000000ad06700000)]
  0x000002029fe22000 JavaThread "Cancel handler" [_thread_blocked, id=12000, stack(0x000000ad06700000,0x000000ad06800000)]
  0x000002029fbd5000 JavaThread "Daemon worker" [_thread_in_Java, id=12004, stack(0x000000ad06800000,0x000000ad06900000)]
  0x000002029fbd7800 JavaThread "Asynchronous log dispatcher for DefaultDaemonConnection: socket connection from /127.0.0.1:51188 to /127.0.0.1:51189" [_thread_blocked, id=13180, stack(0x000000ad06900000,0x000000ad06a00000)]
  0x000002029fee4000 JavaThread "Daemon client event forwarder" [_thread_blocked, id=12220, stack(0x000000ad06b00000,0x000000ad06c00000)]
  0x000002029fee5000 JavaThread "Cache worker for journal cache (C:\Users\abdul\.gradle\caches\journal-1)" [_thread_blocked, id=2444, stack(0x000000ad06c00000,0x000000ad06d00000)]
  0x000002029fee3800 JavaThread "File lock request listener" [_thread_in_native, id=9444, stack(0x000000ad06d00000,0x000000ad06e00000)]
  0x000002029fee6800 JavaThread "Cache worker for file hash cache (C:\Users\abdul\.gradle\caches\8.0.1\fileHashes)" [_thread_blocked, id=7460, stack(0x000000ad06e00000,0x000000ad06f00000)]
  0x000002029fee2000 JavaThread "File watcher server" daemon [_thread_in_native, id=15236, stack(0x000000ad06f00000,0x000000ad07000000)]
  0x000002029fee6000 JavaThread "File watcher consumer" daemon [_thread_blocked, id=14564, stack(0x000000ad07000000,0x000000ad07100000)]
  0x000002029fee8800 JavaThread "File lock release action executor" [_thread_blocked, id=3496, stack(0x000000ad07100000,0x000000ad07200000)]
  0x000002029fee7800 JavaThread "Cache worker for checksums cache (F:\Scorify\android\.gradle\8.0.1\checksums)" [_thread_blocked, id=11784, stack(0x000000ad07200000,0x000000ad07300000)]
  0x000002029fee2800 JavaThread "Cache worker for cache directory md-rule (C:\Users\abdul\.gradle\caches\8.0.1\md-rule)" [_thread_blocked, id=9212, stack(0x000000ad07300000,0x000000ad07400000)]
  0x00000202a1829800 JavaThread "Cache worker for file content cache (C:\Users\abdul\.gradle\caches\8.0.1\fileContent)" [_thread_blocked, id=12152, stack(0x000000ad07400000,0x000000ad07500000)]
  0x00000202a182a000 JavaThread "Cache worker for file hash cache (F:\Scorify\android\.gradle\8.0.1\fileHashes)" [_thread_blocked, id=1700, stack(0x000000ad07700000,0x000000ad07800000)]
  0x00000202a1824800 JavaThread "Cache worker for cache directory md-supplier (C:\Users\abdul\.gradle\caches\8.0.1\md-supplier)" [_thread_blocked, id=13112, stack(0x000000ad07800000,0x000000ad07900000)]
  0x00000202a182b000 JavaThread "Cache worker for execution history cache (C:\Users\abdul\.gradle\caches\8.0.1\executionHistory)" [_thread_blocked, id=14996, stack(0x000000ad07900000,0x000000ad07a00000)]
  0x00000202a1828000 JavaThread "jar transforms" [_thread_blocked, id=15556, stack(0x000000ad07a00000,0x000000ad07b00000)]
  0x00000202a1825800 JavaThread "jar transforms Thread 2" [_thread_blocked, id=15716, stack(0x000000ad07b00000,0x000000ad07c00000)]
  0x00000202a182c800 JavaThread "jar transforms Thread 3" [_thread_blocked, id=16164, stack(0x000000ad07c00000,0x000000ad07d00000)]
  0x00000202a1833000 JavaThread "jar transforms Thread 4" [_thread_blocked, id=16364, stack(0x000000ad07d00000,0x000000ad07e00000)]
  0x00000202a1830800 JavaThread "Cache worker for kotlin-dsl (C:\Users\abdul\.gradle\caches\8.0.1\kotlin-dsl)" [_thread_blocked, id=13800, stack(0x000000ad04c00000,0x000000ad04d00000)]
  0x00000202a182f000 JavaThread "Cache worker for dependencies-accessors (F:\Scorify\android\.gradle\8.0.1\dependencies-accessors)" [_thread_blocked, id=15860, stack(0x000000ad04e00000,0x000000ad04f00000)]
  0x00000202a182d800 JavaThread "Cache worker for Build Output Cleanup Cache (F:\Scorify\node_modules\@react-native\gradle-plugin\.gradle\buildOutputCleanup)" [_thread_blocked, id=16244, stack(0x000000ad06a00000,0x000000ad06b00000)]
  0x00000202a182e800 JavaThread "Unconstrained build operations" [_thread_blocked, id=14768, stack(0x000000ad07e00000,0x000000ad07f00000)]
  0x00000202a1830000 JavaThread "Unconstrained build operations Thread 2" [_thread_blocked, id=16096, stack(0x000000ad07f00000,0x000000ad08000000)]
  0x00000202a1832800 JavaThread "Unconstrained build operations Thread 3" [_thread_blocked, id=12056, stack(0x000000ad08000000,0x000000ad08100000)]
  0x00000202a1831800 JavaThread "Unconstrained build operations Thread 4" [_thread_blocked, id=13052, stack(0x000000ad08100000,0x000000ad08200000)]
  0x00000202a37e0800 JavaThread "Unconstrained build operations Thread 5" [_thread_blocked, id=9912, stack(0x000000ad08200000,0x000000ad08300000)]
  0x00000202a37dd000 JavaThread "Unconstrained build operations Thread 6" [_thread_blocked, id=7524, stack(0x000000ad08300000,0x000000ad08400000)]
  0x00000202a37e1000 JavaThread "Unconstrained build operations Thread 7" [_thread_blocked, id=1804, stack(0x000000ad08400000,0x000000ad08500000)]
  0x00000202a37df000 JavaThread "Unconstrained build operations Thread 8" [_thread_blocked, id=10488, stack(0x000000ad08500000,0x000000ad08600000)]
  0x00000202a37de000 JavaThread "Unconstrained build operations Thread 9" [_thread_blocked, id=13240, stack(0x000000ad08600000,0x000000ad08700000)]
  0x00000202a37df800 JavaThread "Unconstrained build operations Thread 10" [_thread_blocked, id=10568, stack(0x000000ad08700000,0x000000ad08800000)]
  0x00000202a37e2000 JavaThread "Unconstrained build operations Thread 11" [_thread_blocked, id=15228, stack(0x000000ad08800000,0x000000ad08900000)]
  0x00000202a37dc800 JavaThread "Unconstrained build operations Thread 12" [_thread_blocked, id=11008, stack(0x000000ad08900000,0x000000ad08a00000)]
  0x00000202a37e7000 JavaThread "Unconstrained build operations Thread 13" [_thread_blocked, id=14856, stack(0x000000ad08a00000,0x000000ad08b00000)]
  0x00000202a37e8800 JavaThread "Unconstrained build operations Thread 14" [_thread_blocked, id=10284, stack(0x000000ad08b00000,0x000000ad08c00000)]
  0x00000202a37e3000 JavaThread "Unconstrained build operations Thread 15" [_thread_blocked, id=10636, stack(0x000000ad08c00000,0x000000ad08d00000)]
  0x00000202a37e9800 JavaThread "Unconstrained build operations Thread 16" [_thread_blocked, id=16052, stack(0x000000ad08d00000,0x000000ad08e00000)]
  0x00000202a37e4800 JavaThread "Unconstrained build operations Thread 17" [_thread_blocked, id=1496, stack(0x000000ad08e00000,0x000000ad08f00000)]
  0x00000202a37e8000 JavaThread "Unconstrained build operations Thread 18" [_thread_blocked, id=13588, stack(0x000000ad08f00000,0x000000ad09000000)]
  0x00000202a37e5800 JavaThread "Unconstrained build operations Thread 19" [_thread_blocked, id=11688, stack(0x000000ad09000000,0x000000ad09100000)]
  0x00000202a37e3800 JavaThread "Unconstrained build operations Thread 20" [_thread_blocked, id=11172, stack(0x000000ad09100000,0x000000ad09200000)]
  0x00000202a37ea000 JavaThread "Unconstrained build operations Thread 21" [_thread_blocked, id=14764, stack(0x000000ad09200000,0x000000ad09300000)]
  0x00000202a37eb000 JavaThread "Unconstrained build operations Thread 22" [_thread_blocked, id=10288, stack(0x000000ad09300000,0x000000ad09400000)]
  0x00000202a37e6000 JavaThread "Unconstrained build operations Thread 23" [_thread_blocked, id=13328, stack(0x000000ad09400000,0x000000ad09500000)]
  0x00000202a4099800 JavaThread "Unconstrained build operations Thread 24" [_thread_blocked, id=14948, stack(0x000000ad09500000,0x000000ad09600000)]
  0x00000202a409c000 JavaThread "Unconstrained build operations Thread 25" [_thread_blocked, id=10468, stack(0x000000ad09600000,0x000000ad09700000)]
  0x00000202a4096000 JavaThread "Unconstrained build operations Thread 26" [_thread_blocked, id=1556, stack(0x000000ad09700000,0x000000ad09800000)]
  0x00000202a409a800 JavaThread "Memory manager" [_thread_blocked, id=16540, stack(0x000000ad09800000,0x000000ad09900000)]
  0x00000202a409b000 JavaThread "Cache worker for Build Output Cleanup Cache (F:\Scorify\android\.gradle\buildOutputCleanup)" [_thread_blocked, id=17200, stack(0x000000ad07500000,0x000000ad07600000)]
  0x00000202a409d000 JavaThread "included builds" [_thread_blocked, id=8388, stack(0x000000ad09900000,0x000000ad09a00000)]
  0x00000202a4098800 JavaThread "Execution worker" [_thread_blocked, id=9576, stack(0x000000ad09a00000,0x000000ad09b00000)]
  0x00000202a4097000 JavaThread "Execution worker Thread 2" [_thread_blocked, id=16292, stack(0x000000ad09b00000,0x000000ad09c00000)]
  0x00000202a409d800 JavaThread "Execution worker Thread 3" [_thread_blocked, id=16432, stack(0x000000ad09c00000,0x000000ad09d00000)]
  0x00000202a4098000 JavaThread "Cache worker for execution history cache (F:\Scorify\node_modules\@react-native\gradle-plugin\.gradle\8.0.1\executionHistory)" [_thread_blocked, id=984, stack(0x000000ad09d00000,0x000000ad09e00000)]
  0x00000202a409e800 JavaThread "Unconstrained build operations Thread 27" [_thread_blocked, id=11780, stack(0x000000ad09e00000,0x000000ad09f00000)]
  0x00000202a40a3800 JavaThread "Unconstrained build operations Thread 28" [_thread_blocked, id=16192, stack(0x000000ad09f00000,0x000000ad0a000000)]
  0x00000202a409f000 JavaThread "Unconstrained build operations Thread 29" [_thread_blocked, id=15060, stack(0x000000ad0a000000,0x000000ad0a100000)]
  0x00000202a40a0000 JavaThread "Unconstrained build operations Thread 30" [_thread_blocked, id=13340, stack(0x000000ad0a100000,0x000000ad0a200000)]
  0x00000202a40a5000 JavaThread "Unconstrained build operations Thread 31" [_thread_blocked, id=10704, stack(0x000000ad0a200000,0x000000ad0a300000)]
  0x00000202a40a4000 JavaThread "Unconstrained build operations Thread 32" [_thread_blocked, id=16660, stack(0x000000ad0a300000,0x000000ad0a400000)]
  0x00000202a40a1000 JavaThread "Unconstrained build operations Thread 33" [_thread_blocked, id=16532, stack(0x000000ad0a400000,0x000000ad0a500000)]
  0x00000202a40a1800 JavaThread "Unconstrained build operations Thread 34" [_thread_blocked, id=6380, stack(0x000000ad0a500000,0x000000ad0a600000)]
  0x00000202a40a2800 JavaThread "Unconstrained build operations Thread 35" [_thread_blocked, id=7316, stack(0x000000ad0a600000,0x000000ad0a700000)]
  0x00000202a1985800 JavaThread "Unconstrained build operations Thread 36" [_thread_blocked, id=16728, stack(0x000000ad0a700000,0x000000ad0a800000)]
  0x00000202a1986000 JavaThread "Unconstrained build operations Thread 37" [_thread_blocked, id=16732, stack(0x000000ad0a800000,0x000000ad0a900000)]
  0x00000202a1982000 JavaThread "Unconstrained build operations Thread 38" [_thread_blocked, id=16724, stack(0x000000ad0a900000,0x000000ad0aa00000)]
  0x00000202a1983000 JavaThread "Unconstrained build operations Thread 39" [_thread_blocked, id=13956, stack(0x000000ad0aa00000,0x000000ad0ab00000)]
  0x00000202a1980800 JavaThread "Unconstrained build operations Thread 40" [_thread_blocked, id=13120, stack(0x000000ad0ab00000,0x000000ad0ac00000)]
  0x00000202a1984000 JavaThread "File lock release action executor Thread 2" [_thread_blocked, id=13752, stack(0x000000ad0ac00000,0x000000ad0ad00000)]

Other Threads:
  0x000002029ec8b800 VMThread "VM Thread" [stack: 0x000000ad05400000,0x000000ad05500000] [id=15052]
  0x000002029f6b8000 WatcherThread [stack: 0x000000ad05e00000,0x000000ad05f00000] [id=15164]
  0x00000202fc4c4800 GCTaskThread "GC Thread#0" [stack: 0x000000ad04f00000,0x000000ad05000000] [id=15020]
  0x000002029fff9000 GCTaskThread "GC Thread#1" [stack: 0x000000ad06000000,0x000000ad06100000] [id=15184]
  0x000002029fecb800 GCTaskThread "GC Thread#2" [stack: 0x000000ad06100000,0x000000ad06200000] [id=15188]
  0x000002029fecc000 GCTaskThread "GC Thread#3" [stack: 0x000000ad06200000,0x000000ad06300000] [id=15192]
  0x00000202fc4f3800 ConcurrentGCThread "G1 Main Marker" [stack: 0x000000ad05000000,0x000000ad05100000] [id=15024]
  0x00000202fc4f5000 ConcurrentGCThread "G1 Conc#0" [stack: 0x000000ad05100000,0x000000ad05200000] [id=15028]
  0x000002029eafe800 ConcurrentGCThread "G1 Refine#0" [stack: 0x000000ad05200000,0x000000ad05300000] [id=15032]
  0x000002029eaff000 ConcurrentGCThread "G1 Young RemSet Sampling" [stack: 0x000000ad05300000,0x000000ad05400000] [id=15036]

Threads with active compile tasks:
C2 CompilerThread0 187391 9432   !   4       com.sun.beans.TypeResolver::resolve (261 bytes)

VM state:not at safepoint (normal execution)

VM Mutex/Monitor currently owned by a thread: None

Heap address: 0x0000000080000000, size: 2048 MB, Compressed Oops mode: 32-bit
Narrow klass base: 0x0000000000000000, Narrow klass shift: 3
Compressed class space size: 528482304 Address: 0x0000000100000000

Heap:
 garbage-first heap   total 262144K, used 184824K [0x0000000080000000, 0x0000000100000000)
  region size 1024K, 129 young (132096K), 17 survivors (17408K)
 Metaspace       used 86136K, capacity 88671K, committed 88956K, reserved 593920K
  class space    used 11172K, capacity 12186K, committed 12236K, reserved 516096K
Heap Regions: E=young(eden), S=young(survivor), O=old, HS=humongous(starts), HC=humongous(continues), CS=collection set, F=free, A=archive, TAMS=top-at-mark-start (previous, next)
|   0|0x0000000080000000, 0x0000000080100000, 0x0000000080100000|100%| O|  |TAMS 0x0000000080100000, 0x0000000080000000| Untracked 
|   1|0x0000000080100000, 0x0000000080200000, 0x0000000080200000|100%| O|  |TAMS 0x0000000080200000, 0x0000000080100000| Untracked 
|   2|0x0000000080200000, 0x0000000080300000, 0x0000000080300000|100%| O|  |TAMS 0x0000000080300000, 0x0000000080200000| Untracked 
|   3|0x0000000080300000, 0x0000000080400000, 0x0000000080400000|100%|HS|  |TAMS 0x0000000080400000, 0x0000000080300000| Complete 
|   4|0x0000000080400000, 0x0000000080500000, 0x0000000080500000|100%|HC|  |TAMS 0x0000000080500000, 0x0000000080400000| Complete 
|   5|0x0000000080500000, 0x0000000080600000, 0x0000000080600000|100%|HC|  |TAMS 0x0000000080600000, 0x0000000080500000| Complete 
|   6|0x0000000080600000, 0x0000000080700000, 0x0000000080700000|100%|HC|  |TAMS 0x0000000080700000, 0x0000000080600000| Complete 
|   7|0x0000000080700000, 0x0000000080800000, 0x0000000080800000|100%| O|  |TAMS 0x0000000080800000, 0x0000000080700000| Untracked 
|   8|0x0000000080800000, 0x0000000080900000, 0x0000000080900000|100%| O|  |TAMS 0x0000000080900000, 0x0000000080800000| Untracked 
|   9|0x0000000080900000, 0x0000000080a00000, 0x0000000080a00000|100%| O|  |TAMS 0x0000000080a00000, 0x0000000080900000| Untracked 
|  10|0x0000000080a00000, 0x0000000080b00000, 0x0000000080b00000|100%| O|  |TAMS 0x0000000080b00000, 0x0000000080a00000| Untracked 
|  11|0x0000000080b00000, 0x0000000080c00000, 0x0000000080c00000|100%| O|  |TAMS 0x0000000080c00000, 0x0000000080b00000| Untracked 
|  12|0x0000000080c00000, 0x0000000080d00000, 0x0000000080d00000|100%| O|  |TAMS 0x0000000080d00000, 0x0000000080c00000| Untracked 
|  13|0x0000000080d00000, 0x0000000080e00000, 0x0000000080e00000|100%| O|  |TAMS 0x0000000080e00000, 0x0000000080d00000| Untracked 
|  14|0x0000000080e00000, 0x0000000080f00000, 0x0000000080f00000|100%| O|  |TAMS 0x0000000080f00000, 0x0000000080e00000| Untracked 
|  15|0x0000000080f00000, 0x0000000081000000, 0x0000000081000000|100%| O|  |TAMS 0x0000000081000000, 0x0000000080f00000| Untracked 
|  16|0x0000000081000000, 0x0000000081100000, 0x0000000081100000|100%| O|  |TAMS 0x0000000081100000, 0x0000000081000000| Untracked 
|  17|0x0000000081100000, 0x0000000081200000, 0x0000000081200000|100%|HS|  |TAMS 0x0000000081200000, 0x0000000081100000| Complete 
|  18|0x0000000081200000, 0x0000000081300000, 0x0000000081300000|100%|HC|  |TAMS 0x0000000081300000, 0x0000000081200000| Complete 
|  19|0x0000000081300000, 0x0000000081400000, 0x0000000081400000|100%|HS|  |TAMS 0x0000000081400000, 0x0000000081300000| Complete 
|  20|0x0000000081400000, 0x0000000081500000, 0x0000000081500000|100%|HC|  |TAMS 0x0000000081500000, 0x0000000081400000| Complete 
|  21|0x0000000081500000, 0x0000000081600000, 0x0000000081600000|100%|HC|  |TAMS 0x0000000081600000, 0x0000000081500000| Complete 
|  22|0x0000000081600000, 0x0000000081700000, 0x0000000081700000|100%|HC|  |TAMS 0x0000000081700000, 0x0000000081600000| Complete 
|  23|0x0000000081700000, 0x0000000081800000, 0x0000000081800000|100%| O|  |TAMS 0x0000000081800000, 0x0000000081700000| Untracked 
|  24|0x0000000081800000, 0x0000000081900000, 0x0000000081900000|100%| O|  |TAMS 0x0000000081900000, 0x0000000081800000| Untracked 
|  25|0x0000000081900000, 0x0000000081a00000, 0x0000000081a00000|100%| O|  |TAMS 0x0000000081a00000, 0x0000000081900000| Untracked 
|  26|0x0000000081a00000, 0x0000000081b00000, 0x0000000081b00000|100%| O|  |TAMS 0x0000000081b00000, 0x0000000081a00000| Untracked 
|  27|0x0000000081b00000, 0x0000000081c00000, 0x0000000081c00000|100%| O|  |TAMS 0x0000000081c00000, 0x0000000081b00000| Untracked 
|  28|0x0000000081c00000, 0x0000000081d00000, 0x0000000081d00000|100%| O|  |TAMS 0x0000000081d00000, 0x0000000081c00000| Untracked 
|  29|0x0000000081d00000, 0x0000000081e00000, 0x0000000081e00000|100%| O|  |TAMS 0x0000000081e00000, 0x0000000081d00000| Untracked 
|  30|0x0000000081e00000, 0x0000000081f00000, 0x0000000081f00000|100%| O|  |TAMS 0x0000000081f00000, 0x0000000081e00000| Untracked 
|  31|0x0000000081f00000, 0x0000000082000000, 0x0000000082000000|100%| O|  |TAMS 0x0000000082000000, 0x0000000081f00000| Untracked 
|  32|0x0000000082000000, 0x0000000082100000, 0x0000000082100000|100%| O|  |TAMS 0x0000000082100000, 0x0000000082000000| Untracked 
|  33|0x0000000082100000, 0x0000000082200000, 0x0000000082200000|100%| O|  |TAMS 0x0000000082200000, 0x0000000082100000| Untracked 
|  34|0x0000000082200000, 0x0000000082300000, 0x0000000082300000|100%| O|  |TAMS 0x0000000082300000, 0x0000000082200000| Untracked 
|  35|0x0000000082300000, 0x0000000082400000, 0x0000000082400000|100%| O|  |TAMS 0x0000000082400000, 0x0000000082300000| Untracked 
|  36|0x0000000082400000, 0x0000000082500000, 0x0000000082500000|100%| O|  |TAMS 0x0000000082500000, 0x0000000082400000| Untracked 
|  37|0x0000000082500000, 0x0000000082600000, 0x0000000082600000|100%|HS|  |TAMS 0x0000000082600000, 0x0000000082500000| Complete 
|  38|0x0000000082600000, 0x0000000082700000, 0x0000000082700000|100%|HS|  |TAMS 0x0000000082700000, 0x0000000082600000| Complete 
|  39|0x0000000082700000, 0x0000000082800000, 0x0000000082800000|100%| O|  |TAMS 0x0000000082800000, 0x0000000082700000| Untracked 
|  40|0x0000000082800000, 0x0000000082900000, 0x0000000082900000|100%| O|  |TAMS 0x0000000082900000, 0x0000000082800000| Untracked 
|  41|0x0000000082900000, 0x0000000082a00000, 0x0000000082a00000|100%| O|  |TAMS 0x0000000082a00000, 0x0000000082900000| Untracked 
|  42|0x0000000082a00000, 0x0000000082b00000, 0x0000000082b00000|100%| O|  |TAMS 0x0000000082b00000, 0x0000000082a00000| Untracked 
|  43|0x0000000082b00000, 0x0000000082c00000, 0x0000000082c00000|100%| O|  |TAMS 0x0000000082c00000, 0x0000000082b00000| Untracked 
|  44|0x0000000082c00000, 0x0000000082cfe000, 0x0000000082d00000| 99%| O|  |TAMS 0x0000000082cfe000, 0x0000000082c00000| Untracked 
|  45|0x0000000082d00000, 0x0000000082e00000, 0x0000000082e00000|100%|HS|  |TAMS 0x0000000082d00000, 0x0000000082d00000| Complete 
|  46|0x0000000082e00000, 0x0000000082f00000, 0x0000000082f00000|100%|HS|  |TAMS 0x0000000082e00000, 0x0000000082e00000| Complete 
|  47|0x0000000082f00000, 0x0000000083000000, 0x0000000083000000|100%|HS|  |TAMS 0x0000000082f00000, 0x0000000082f00000| Complete 
|  48|0x0000000083000000, 0x0000000083100000, 0x0000000083100000|100%|HS|  |TAMS 0x0000000083000000, 0x0000000083000000| Complete 
|  49|0x0000000083100000, 0x0000000083200000, 0x0000000083200000|100%|HS|  |TAMS 0x0000000083100000, 0x0000000083100000| Complete 
|  50|0x0000000083200000, 0x0000000083300000, 0x0000000083300000|100%|HS|  |TAMS 0x0000000083200000, 0x0000000083200000| Complete 
|  51|0x0000000083300000, 0x0000000083400000, 0x0000000083400000|100%|HS|  |TAMS 0x0000000083300000, 0x0000000083300000| Complete 
|  52|0x0000000083400000, 0x0000000083500000, 0x0000000083500000|100%|HS|  |TAMS 0x0000000083400000, 0x0000000083400000| Complete 
|  53|0x0000000083500000, 0x0000000083600000, 0x0000000083600000|100%|HS|  |TAMS 0x0000000083500000, 0x0000000083500000| Complete 
|  54|0x0000000083600000, 0x0000000083600000, 0x0000000083700000|  0%| F|  |TAMS 0x0000000083600000, 0x0000000083600000| Untracked 
|  55|0x0000000083700000, 0x0000000083700000, 0x0000000083800000|  0%| F|  |TAMS 0x0000000083700000, 0x0000000083700000| Untracked 
|  56|0x0000000083800000, 0x0000000083800000, 0x0000000083900000|  0%| F|  |TAMS 0x0000000083800000, 0x0000000083800000| Untracked 
|  57|0x0000000083900000, 0x0000000083900000, 0x0000000083a00000|  0%| F|  |TAMS 0x0000000083900000, 0x0000000083900000| Untracked 
|  58|0x0000000083a00000, 0x0000000083a00000, 0x0000000083b00000|  0%| F|  |TAMS 0x0000000083a00000, 0x0000000083a00000| Untracked 
|  59|0x0000000083b00000, 0x0000000083b00000, 0x0000000083c00000|  0%| F|  |TAMS 0x0000000083b00000, 0x0000000083b00000| Untracked 
|  60|0x0000000083c00000, 0x0000000083c00000, 0x0000000083d00000|  0%| F|  |TAMS 0x0000000083c00000, 0x0000000083c00000| Untracked 
|  61|0x0000000083d00000, 0x0000000083d00000, 0x0000000083e00000|  0%| F|  |TAMS 0x0000000083d00000, 0x0000000083d00000| Untracked 
|  62|0x0000000083e00000, 0x0000000083e00000, 0x0000000083f00000|  0%| F|  |TAMS 0x0000000083e00000, 0x0000000083e00000| Untracked 
|  63|0x0000000083f00000, 0x0000000083f00000, 0x0000000084000000|  0%| F|  |TAMS 0x0000000083f00000, 0x0000000083f00000| Untracked 
|  64|0x0000000084000000, 0x0000000084000000, 0x0000000084100000|  0%| F|  |TAMS 0x0000000084000000, 0x0000000084000000| Untracked 
|  65|0x0000000084100000, 0x0000000084100000, 0x0000000084200000|  0%| F|  |TAMS 0x0000000084100000, 0x0000000084100000| Untracked 
|  66|0x0000000084200000, 0x0000000084200000, 0x0000000084300000|  0%| F|  |TAMS 0x0000000084200000, 0x0000000084200000| Untracked 
|  67|0x0000000084300000, 0x0000000084300000, 0x0000000084400000|  0%| F|  |TAMS 0x0000000084300000, 0x0000000084300000| Untracked 
|  68|0x0000000084400000, 0x0000000084400000, 0x0000000084500000|  0%| F|  |TAMS 0x0000000084400000, 0x0000000084400000| Untracked 
|  69|0x0000000084500000, 0x0000000084500000, 0x0000000084600000|  0%| F|  |TAMS 0x0000000084500000, 0x0000000084500000| Untracked 
|  70|0x0000000084600000, 0x0000000084600000, 0x0000000084700000|  0%| F|  |TAMS 0x0000000084600000, 0x0000000084600000| Untracked 
|  71|0x0000000084700000, 0x0000000084700000, 0x0000000084800000|  0%| F|  |TAMS 0x0000000084700000, 0x0000000084700000| Untracked 
|  72|0x0000000084800000, 0x0000000084800000, 0x0000000084900000|  0%| F|  |TAMS 0x0000000084800000, 0x0000000084800000| Untracked 
|  73|0x0000000084900000, 0x0000000084900000, 0x0000000084a00000|  0%| F|  |TAMS 0x0000000084900000, 0x0000000084900000| Untracked 
|  74|0x0000000084a00000, 0x0000000084a00000, 0x0000000084b00000|  0%| F|  |TAMS 0x0000000084a00000, 0x0000000084a00000| Untracked 
|  75|0x0000000084b00000, 0x0000000084b00000, 0x0000000084c00000|  0%| F|  |TAMS 0x0000000084b00000, 0x0000000084b00000| Untracked 
|  76|0x0000000084c00000, 0x0000000084c00000, 0x0000000084d00000|  0%| F|  |TAMS 0x0000000084c00000, 0x0000000084c00000| Untracked 
|  77|0x0000000084d00000, 0x0000000084d00000, 0x0000000084e00000|  0%| F|  |TAMS 0x0000000084d00000, 0x0000000084d00000| Untracked 
|  78|0x0000000084e00000, 0x0000000084e00000, 0x0000000084f00000|  0%| F|  |TAMS 0x0000000084e00000, 0x0000000084e00000| Untracked 
|  79|0x0000000084f00000, 0x0000000084f00000, 0x0000000085000000|  0%| F|  |TAMS 0x0000000084f00000, 0x0000000084f00000| Untracked 
|  80|0x0000000085000000, 0x0000000085000000, 0x0000000085100000|  0%| F|  |TAMS 0x0000000085000000, 0x0000000085000000| Untracked 
|  81|0x0000000085100000, 0x0000000085100000, 0x0000000085200000|  0%| F|  |TAMS 0x0000000085100000, 0x0000000085100000| Untracked 
|  82|0x0000000085200000, 0x0000000085200000, 0x0000000085300000|  0%| F|  |TAMS 0x0000000085200000, 0x0000000085200000| Untracked 
|  83|0x0000000085300000, 0x0000000085300000, 0x0000000085400000|  0%| F|  |TAMS 0x0000000085300000, 0x0000000085300000| Untracked 
|  84|0x0000000085400000, 0x0000000085400000, 0x0000000085500000|  0%| F|  |TAMS 0x0000000085400000, 0x0000000085400000| Untracked 
|  85|0x0000000085500000, 0x0000000085500000, 0x0000000085600000|  0%| F|  |TAMS 0x0000000085500000, 0x0000000085500000| Untracked 
|  86|0x0000000085600000, 0x0000000085600000, 0x0000000085700000|  0%| F|  |TAMS 0x0000000085600000, 0x0000000085600000| Untracked 
|  87|0x0000000085700000, 0x0000000085700000, 0x0000000085800000|  0%| F|  |TAMS 0x0000000085700000, 0x0000000085700000| Untracked 
|  88|0x0000000085800000, 0x0000000085880000, 0x0000000085900000| 50%| S|CS|TAMS 0x0000000085800000, 0x0000000085800000| Complete 
|  89|0x0000000085900000, 0x0000000085a00000, 0x0000000085a00000|100%| S|CS|TAMS 0x0000000085900000, 0x0000000085900000| Complete 
|  90|0x0000000085a00000, 0x0000000085b00000, 0x0000000085b00000|100%| S|CS|TAMS 0x0000000085a00000, 0x0000000085a00000| Complete 
|  91|0x0000000085b00000, 0x0000000085c00000, 0x0000000085c00000|100%| S|CS|TAMS 0x0000000085b00000, 0x0000000085b00000| Complete 
|  92|0x0000000085c00000, 0x0000000085c00000, 0x0000000085d00000|  0%| F|  |TAMS 0x0000000085c00000, 0x0000000085c00000| Untracked 
|  93|0x0000000085d00000, 0x0000000085d00000, 0x0000000085e00000|  0%| F|  |TAMS 0x0000000085d00000, 0x0000000085d00000| Untracked 
|  94|0x0000000085e00000, 0x0000000085e00000, 0x0000000085f00000|  0%| F|  |TAMS 0x0000000085e00000, 0x0000000085e00000| Untracked 
|  95|0x0000000085f00000, 0x0000000085f00000, 0x0000000086000000|  0%| F|  |TAMS 0x0000000085f00000, 0x0000000085f00000| Untracked 
|  96|0x0000000086000000, 0x0000000086000000, 0x0000000086100000|  0%| F|  |TAMS 0x0000000086000000, 0x0000000086000000| Untracked 
|  97|0x0000000086100000, 0x0000000086100000, 0x0000000086200000|  0%| F|  |TAMS 0x0000000086100000, 0x0000000086100000| Untracked 
|  98|0x0000000086200000, 0x0000000086200000, 0x0000000086300000|  0%| F|  |TAMS 0x0000000086200000, 0x0000000086200000| Untracked 
|  99|0x0000000086300000, 0x0000000086300000, 0x0000000086400000|  0%| F|  |TAMS 0x0000000086300000, 0x0000000086300000| Untracked 
| 100|0x0000000086400000, 0x0000000086400000, 0x0000000086500000|  0%| F|  |TAMS 0x0000000086400000, 0x0000000086400000| Untracked 
| 101|0x0000000086500000, 0x0000000086500000, 0x0000000086600000|  0%| F|  |TAMS 0x0000000086500000, 0x0000000086500000| Untracked 
| 102|0x0000000086600000, 0x0000000086600000, 0x0000000086700000|  0%| F|  |TAMS 0x0000000086600000, 0x0000000086600000| Untracked 
| 103|0x0000000086700000, 0x0000000086700000, 0x0000000086800000|  0%| F|  |TAMS 0x0000000086700000, 0x0000000086700000| Untracked 
| 104|0x0000000086800000, 0x0000000086800000, 0x0000000086900000|  0%| F|  |TAMS 0x0000000086800000, 0x0000000086800000| Untracked 
| 105|0x0000000086900000, 0x0000000086a00000, 0x0000000086a00000|100%| S|CS|TAMS 0x0000000086900000, 0x0000000086900000| Complete 
| 106|0x0000000086a00000, 0x0000000086b00000, 0x0000000086b00000|100%| S|CS|TAMS 0x0000000086a00000, 0x0000000086a00000| Complete 
| 107|0x0000000086b00000, 0x0000000086c00000, 0x0000000086c00000|100%| S|CS|TAMS 0x0000000086b00000, 0x0000000086b00000| Complete 
| 108|0x0000000086c00000, 0x0000000086d00000, 0x0000000086d00000|100%| S|CS|TAMS 0x0000000086c00000, 0x0000000086c00000| Complete 
| 109|0x0000000086d00000, 0x0000000086e00000, 0x0000000086e00000|100%| S|CS|TAMS 0x0000000086d00000, 0x0000000086d00000| Complete 
| 110|0x0000000086e00000, 0x0000000086f00000, 0x0000000086f00000|100%| S|CS|TAMS 0x0000000086e00000, 0x0000000086e00000| Complete 
| 111|0x0000000086f00000, 0x0000000087000000, 0x0000000087000000|100%| S|CS|TAMS 0x0000000086f00000, 0x0000000086f00000| Complete 
| 112|0x0000000087000000, 0x0000000087100000, 0x0000000087100000|100%| S|CS|TAMS 0x0000000087000000, 0x0000000087000000| Complete 
| 113|0x0000000087100000, 0x0000000087200000, 0x0000000087200000|100%| S|CS|TAMS 0x0000000087100000, 0x0000000087100000| Complete 
| 114|0x0000000087200000, 0x0000000087300000, 0x0000000087300000|100%| S|CS|TAMS 0x0000000087200000, 0x0000000087200000| Complete 
| 115|0x0000000087300000, 0x0000000087400000, 0x0000000087400000|100%| S|CS|TAMS 0x0000000087300000, 0x0000000087300000| Complete 
| 116|0x0000000087400000, 0x0000000087500000, 0x0000000087500000|100%| S|CS|TAMS 0x0000000087400000, 0x0000000087400000| Complete 
| 117|0x0000000087500000, 0x0000000087600000, 0x0000000087600000|100%| S|CS|TAMS 0x0000000087500000, 0x0000000087500000| Complete 
| 118|0x0000000087600000, 0x0000000087600000, 0x0000000087700000|  0%| F|  |TAMS 0x0000000087600000, 0x0000000087600000| Untracked 
| 119|0x0000000087700000, 0x0000000087700000, 0x0000000087800000|  0%| F|  |TAMS 0x0000000087700000, 0x0000000087700000| Untracked 
| 120|0x0000000087800000, 0x0000000087800000, 0x0000000087900000|  0%| F|  |TAMS 0x0000000087800000, 0x0000000087800000| Untracked 
| 121|0x0000000087900000, 0x0000000087900000, 0x0000000087a00000|  0%| F|  |TAMS 0x0000000087900000, 0x0000000087900000| Untracked 
| 122|0x0000000087a00000, 0x0000000087a00000, 0x0000000087b00000|  0%| F|  |TAMS 0x0000000087a00000, 0x0000000087a00000| Untracked 
| 123|0x0000000087b00000, 0x0000000087b00000, 0x0000000087c00000|  0%| F|  |TAMS 0x0000000087b00000, 0x0000000087b00000| Untracked 
| 124|0x0000000087c00000, 0x0000000087c00000, 0x0000000087d00000|  0%| F|  |TAMS 0x0000000087c00000, 0x0000000087c00000| Untracked 
| 125|0x0000000087d00000, 0x0000000087d00000, 0x0000000087e00000|  0%| F|  |TAMS 0x0000000087d00000, 0x0000000087d00000| Untracked 
| 126|0x0000000087e00000, 0x0000000087e00000, 0x0000000087f00000|  0%| F|  |TAMS 0x0000000087e00000, 0x0000000087e00000| Untracked 
| 127|0x0000000087f00000, 0x0000000087f00000, 0x0000000088000000|  0%| F|  |TAMS 0x0000000087f00000, 0x0000000087f00000| Untracked 
| 128|0x0000000088000000, 0x0000000088000000, 0x0000000088100000|  0%| F|  |TAMS 0x0000000088000000, 0x0000000088000000| Untracked 
| 129|0x0000000088100000, 0x0000000088100000, 0x0000000088200000|  0%| F|  |TAMS 0x0000000088100000, 0x0000000088100000| Untracked 
| 130|0x0000000088200000, 0x0000000088200000, 0x0000000088300000|  0%| F|  |TAMS 0x0000000088200000, 0x0000000088200000| Untracked 
| 131|0x0000000088300000, 0x0000000088300000, 0x0000000088400000|  0%| F|  |TAMS 0x0000000088300000, 0x0000000088300000| Untracked 
| 132|0x0000000088400000, 0x0000000088400000, 0x0000000088500000|  0%| F|  |TAMS 0x0000000088400000, 0x0000000088400000| Untracked 
| 133|0x0000000088500000, 0x0000000088500000, 0x0000000088600000|  0%| F|  |TAMS 0x0000000088500000, 0x0000000088500000| Untracked 
| 134|0x0000000088600000, 0x0000000088600000, 0x0000000088700000|  0%| F|  |TAMS 0x0000000088600000, 0x0000000088600000| Untracked 
| 135|0x0000000088700000, 0x0000000088700000, 0x0000000088800000|  0%| F|  |TAMS 0x0000000088700000, 0x0000000088700000| Untracked 
| 136|0x0000000088800000, 0x0000000088800000, 0x0000000088900000|  0%| F|  |TAMS 0x0000000088800000, 0x0000000088800000| Untracked 
| 137|0x0000000088900000, 0x0000000088900000, 0x0000000088a00000|  0%| F|  |TAMS 0x0000000088900000, 0x0000000088900000| Untracked 
| 138|0x0000000088a00000, 0x0000000088a00000, 0x0000000088b00000|  0%| F|  |TAMS 0x0000000088a00000, 0x0000000088a00000| Untracked 
| 139|0x0000000088b00000, 0x0000000088b00000, 0x0000000088c00000|  0%| F|  |TAMS 0x0000000088b00000, 0x0000000088b00000| Untracked 
| 140|0x0000000088c00000, 0x0000000088c00000, 0x0000000088d00000|  0%| F|  |TAMS 0x0000000088c00000, 0x0000000088c00000| Untracked 
| 141|0x0000000088d00000, 0x0000000088d00000, 0x0000000088e00000|  0%| F|  |TAMS 0x0000000088d00000, 0x0000000088d00000| Untracked 
| 142|0x0000000088e00000, 0x0000000088e00000, 0x0000000088f00000|  0%| F|  |TAMS 0x0000000088e00000, 0x0000000088e00000| Untracked 
| 143|0x0000000088f00000, 0x0000000088f00000, 0x0000000089000000|  0%| F|  |TAMS 0x0000000088f00000, 0x0000000088f00000| Untracked 
| 144|0x0000000089000000, 0x0000000089080800, 0x0000000089100000| 50%| E|  |TAMS 0x0000000089000000, 0x0000000089000000| Complete 
| 145|0x0000000089100000, 0x0000000089200000, 0x0000000089200000|100%| E|CS|TAMS 0x0000000089100000, 0x0000000089100000| Complete 
| 146|0x0000000089200000, 0x0000000089300000, 0x0000000089300000|100%| E|CS|TAMS 0x0000000089200000, 0x0000000089200000| Complete 
| 147|0x0000000089300000, 0x0000000089400000, 0x0000000089400000|100%| E|CS|TAMS 0x0000000089300000, 0x0000000089300000| Complete 
| 148|0x0000000089400000, 0x0000000089500000, 0x0000000089500000|100%| E|CS|TAMS 0x0000000089400000, 0x0000000089400000| Complete 
| 149|0x0000000089500000, 0x0000000089600000, 0x0000000089600000|100%| E|CS|TAMS 0x0000000089500000, 0x0000000089500000| Complete 
| 150|0x0000000089600000, 0x0000000089700000, 0x0000000089700000|100%| E|CS|TAMS 0x0000000089600000, 0x0000000089600000| Complete 
| 151|0x0000000089700000, 0x0000000089800000, 0x0000000089800000|100%| E|CS|TAMS 0x0000000089700000, 0x0000000089700000| Complete 
| 152|0x0000000089800000, 0x0000000089900000, 0x0000000089900000|100%| E|CS|TAMS 0x0000000089800000, 0x0000000089800000| Complete 
| 153|0x0000000089900000, 0x0000000089a00000, 0x0000000089a00000|100%| E|CS|TAMS 0x0000000089900000, 0x0000000089900000| Complete 
| 154|0x0000000089a00000, 0x0000000089b00000, 0x0000000089b00000|100%| E|CS|TAMS 0x0000000089a00000, 0x0000000089a00000| Complete 
| 155|0x0000000089b00000, 0x0000000089c00000, 0x0000000089c00000|100%| E|CS|TAMS 0x0000000089b00000, 0x0000000089b00000| Complete 
| 156|0x0000000089c00000, 0x0000000089d00000, 0x0000000089d00000|100%| E|CS|TAMS 0x0000000089c00000, 0x0000000089c00000| Complete 
| 157|0x0000000089d00000, 0x0000000089e00000, 0x0000000089e00000|100%| E|CS|TAMS 0x0000000089d00000, 0x0000000089d00000| Complete 
| 158|0x0000000089e00000, 0x0000000089f00000, 0x0000000089f00000|100%| E|CS|TAMS 0x0000000089e00000, 0x0000000089e00000| Complete 
| 159|0x0000000089f00000, 0x000000008a000000, 0x000000008a000000|100%| E|CS|TAMS 0x0000000089f00000, 0x0000000089f00000| Complete 
| 160|0x000000008a000000, 0x000000008a100000, 0x000000008a100000|100%| E|CS|TAMS 0x000000008a000000, 0x000000008a000000| Complete 
| 161|0x000000008a100000, 0x000000008a200000, 0x000000008a200000|100%| E|CS|TAMS 0x000000008a100000, 0x000000008a100000| Complete 
| 162|0x000000008a200000, 0x000000008a300000, 0x000000008a300000|100%| E|CS|TAMS 0x000000008a200000, 0x000000008a200000| Complete 
| 163|0x000000008a300000, 0x000000008a400000, 0x000000008a400000|100%| E|CS|TAMS 0x000000008a300000, 0x000000008a300000| Complete 
| 164|0x000000008a400000, 0x000000008a500000, 0x000000008a500000|100%| E|CS|TAMS 0x000000008a400000, 0x000000008a400000| Complete 
| 165|0x000000008a500000, 0x000000008a600000, 0x000000008a600000|100%| E|CS|TAMS 0x000000008a500000, 0x000000008a500000| Complete 
| 166|0x000000008a600000, 0x000000008a700000, 0x000000008a700000|100%| E|CS|TAMS 0x000000008a600000, 0x000000008a600000| Complete 
| 167|0x000000008a700000, 0x000000008a800000, 0x000000008a800000|100%| E|CS|TAMS 0x000000008a700000, 0x000000008a700000| Complete 
| 168|0x000000008a800000, 0x000000008a900000, 0x000000008a900000|100%| E|CS|TAMS 0x000000008a800000, 0x000000008a800000| Complete 
| 169|0x000000008a900000, 0x000000008aa00000, 0x000000008aa00000|100%| E|CS|TAMS 0x000000008a900000, 0x000000008a900000| Complete 
| 170|0x000000008aa00000, 0x000000008ab00000, 0x000000008ab00000|100%| E|CS|TAMS 0x000000008aa00000, 0x000000008aa00000| Complete 
| 171|0x000000008ab00000, 0x000000008ac00000, 0x000000008ac00000|100%| E|CS|TAMS 0x000000008ab00000, 0x000000008ab00000| Complete 
| 172|0x000000008ac00000, 0x000000008ad00000, 0x000000008ad00000|100%| E|CS|TAMS 0x000000008ac00000, 0x000000008ac00000| Complete 
| 173|0x000000008ad00000, 0x000000008ae00000, 0x000000008ae00000|100%| E|CS|TAMS 0x000000008ad00000, 0x000000008ad00000| Complete 
| 174|0x000000008ae00000, 0x000000008af00000, 0x000000008af00000|100%| E|CS|TAMS 0x000000008ae00000, 0x000000008ae00000| Complete 
| 175|0x000000008af00000, 0x000000008b000000, 0x000000008b000000|100%| E|CS|TAMS 0x000000008af00000, 0x000000008af00000| Complete 
| 176|0x000000008b000000, 0x000000008b100000, 0x000000008b100000|100%| E|CS|TAMS 0x000000008b000000, 0x000000008b000000| Complete 
| 177|0x000000008b100000, 0x000000008b200000, 0x000000008b200000|100%| E|CS|TAMS 0x000000008b100000, 0x000000008b100000| Complete 
| 178|0x000000008b200000, 0x000000008b300000, 0x000000008b300000|100%| E|CS|TAMS 0x000000008b200000, 0x000000008b200000| Complete 
| 179|0x000000008b300000, 0x000000008b400000, 0x000000008b400000|100%| E|CS|TAMS 0x000000008b300000, 0x000000008b300000| Complete 
| 180|0x000000008b400000, 0x000000008b500000, 0x000000008b500000|100%| E|CS|TAMS 0x000000008b400000, 0x000000008b400000| Complete 
| 181|0x000000008b500000, 0x000000008b600000, 0x000000008b600000|100%| E|CS|TAMS 0x000000008b500000, 0x000000008b500000| Complete 
| 182|0x000000008b600000, 0x000000008b700000, 0x000000008b700000|100%| E|CS|TAMS 0x000000008b600000, 0x000000008b600000| Complete 
| 183|0x000000008b700000, 0x000000008b800000, 0x000000008b800000|100%| E|CS|TAMS 0x000000008b700000, 0x000000008b700000| Complete 
| 184|0x000000008b800000, 0x000000008b900000, 0x000000008b900000|100%| E|CS|TAMS 0x000000008b800000, 0x000000008b800000| Complete 
| 185|0x000000008b900000, 0x000000008ba00000, 0x000000008ba00000|100%| E|CS|TAMS 0x000000008b900000, 0x000000008b900000| Complete 
| 186|0x000000008ba00000, 0x000000008bb00000, 0x000000008bb00000|100%| E|CS|TAMS 0x000000008ba00000, 0x000000008ba00000| Complete 
| 187|0x000000008bb00000, 0x000000008bc00000, 0x000000008bc00000|100%| E|CS|TAMS 0x000000008bb00000, 0x000000008bb00000| Complete 
| 188|0x000000008bc00000, 0x000000008bd00000, 0x000000008bd00000|100%| E|CS|TAMS 0x000000008bc00000, 0x000000008bc00000| Complete 
| 189|0x000000008bd00000, 0x000000008be00000, 0x000000008be00000|100%| E|CS|TAMS 0x000000008bd00000, 0x000000008bd00000| Complete 
| 190|0x000000008be00000, 0x000000008bf00000, 0x000000008bf00000|100%| E|CS|TAMS 0x000000008be00000, 0x000000008be00000| Complete 
| 191|0x000000008bf00000, 0x000000008c000000, 0x000000008c000000|100%| E|CS|TAMS 0x000000008bf00000, 0x000000008bf00000| Complete 
| 192|0x000000008c000000, 0x000000008c100000, 0x000000008c100000|100%| E|CS|TAMS 0x000000008c000000, 0x000000008c000000| Complete 
| 193|0x000000008c100000, 0x000000008c200000, 0x000000008c200000|100%| E|CS|TAMS 0x000000008c100000, 0x000000008c100000| Complete 
| 194|0x000000008c200000, 0x000000008c300000, 0x000000008c300000|100%| E|CS|TAMS 0x000000008c200000, 0x000000008c200000| Complete 
| 195|0x000000008c300000, 0x000000008c400000, 0x000000008c400000|100%| E|CS|TAMS 0x000000008c300000, 0x000000008c300000| Complete 
| 196|0x000000008c400000, 0x000000008c500000, 0x000000008c500000|100%| E|CS|TAMS 0x000000008c400000, 0x000000008c400000| Complete 
| 197|0x000000008c500000, 0x000000008c600000, 0x000000008c600000|100%| E|CS|TAMS 0x000000008c500000, 0x000000008c500000| Complete 
| 198|0x000000008c600000, 0x000000008c700000, 0x000000008c700000|100%| E|CS|TAMS 0x000000008c600000, 0x000000008c600000| Complete 
| 199|0x000000008c700000, 0x000000008c800000, 0x000000008c800000|100%| E|CS|TAMS 0x000000008c700000, 0x000000008c700000| Complete 
| 200|0x000000008c800000, 0x000000008c900000, 0x000000008c900000|100%| E|CS|TAMS 0x000000008c800000, 0x000000008c800000| Complete 
| 201|0x000000008c900000, 0x000000008ca00000, 0x000000008ca00000|100%| E|CS|TAMS 0x000000008c900000, 0x000000008c900000| Complete 
| 202|0x000000008ca00000, 0x000000008cb00000, 0x000000008cb00000|100%| E|CS|TAMS 0x000000008ca00000, 0x000000008ca00000| Complete 
| 203|0x000000008cb00000, 0x000000008cc00000, 0x000000008cc00000|100%| E|CS|TAMS 0x000000008cb00000, 0x000000008cb00000| Complete 
| 204|0x000000008cc00000, 0x000000008cd00000, 0x000000008cd00000|100%| E|CS|TAMS 0x000000008cc00000, 0x000000008cc00000| Complete 
| 205|0x000000008cd00000, 0x000000008ce00000, 0x000000008ce00000|100%| E|CS|TAMS 0x000000008cd00000, 0x000000008cd00000| Complete 
| 206|0x000000008ce00000, 0x000000008cf00000, 0x000000008cf00000|100%| E|CS|TAMS 0x000000008ce00000, 0x000000008ce00000| Complete 
| 207|0x000000008cf00000, 0x000000008d000000, 0x000000008d000000|100%| E|CS|TAMS 0x000000008cf00000, 0x000000008cf00000| Complete 
| 208|0x000000008d000000, 0x000000008d100000, 0x000000008d100000|100%| E|CS|TAMS 0x000000008d000000, 0x000000008d000000| Complete 
| 209|0x000000008d100000, 0x000000008d200000, 0x000000008d200000|100%| E|CS|TAMS 0x000000008d100000, 0x000000008d100000| Complete 
| 210|0x000000008d200000, 0x000000008d300000, 0x000000008d300000|100%| E|CS|TAMS 0x000000008d200000, 0x000000008d200000| Complete 
| 211|0x000000008d300000, 0x000000008d400000, 0x000000008d400000|100%| E|CS|TAMS 0x000000008d300000, 0x000000008d300000| Complete 
| 212|0x000000008d400000, 0x000000008d500000, 0x000000008d500000|100%| E|CS|TAMS 0x000000008d400000, 0x000000008d400000| Complete 
| 213|0x000000008d500000, 0x000000008d600000, 0x000000008d600000|100%| E|CS|TAMS 0x000000008d500000, 0x000000008d500000| Complete 
| 214|0x000000008d600000, 0x000000008d700000, 0x000000008d700000|100%| E|CS|TAMS 0x000000008d600000, 0x000000008d600000| Complete 
| 215|0x000000008d700000, 0x000000008d800000, 0x000000008d800000|100%| E|CS|TAMS 0x000000008d700000, 0x000000008d700000| Complete 
| 216|0x000000008d800000, 0x000000008d900000, 0x000000008d900000|100%| E|CS|TAMS 0x000000008d800000, 0x000000008d800000| Complete 
| 217|0x000000008d900000, 0x000000008da00000, 0x000000008da00000|100%| E|CS|TAMS 0x000000008d900000, 0x000000008d900000| Complete 
| 218|0x000000008da00000, 0x000000008db00000, 0x000000008db00000|100%| E|CS|TAMS 0x000000008da00000, 0x000000008da00000| Complete 
| 219|0x000000008db00000, 0x000000008dc00000, 0x000000008dc00000|100%| E|CS|TAMS 0x000000008db00000, 0x000000008db00000| Complete 
| 220|0x000000008dc00000, 0x000000008dd00000, 0x000000008dd00000|100%| E|CS|TAMS 0x000000008dc00000, 0x000000008dc00000| Complete 
| 221|0x000000008dd00000, 0x000000008de00000, 0x000000008de00000|100%| E|CS|TAMS 0x000000008dd00000, 0x000000008dd00000| Complete 
| 222|0x000000008de00000, 0x000000008df00000, 0x000000008df00000|100%| E|CS|TAMS 0x000000008de00000, 0x000000008de00000| Complete 
| 223|0x000000008df00000, 0x000000008e000000, 0x000000008e000000|100%| E|CS|TAMS 0x000000008df00000, 0x000000008df00000| Complete 
| 224|0x000000008e000000, 0x000000008e100000, 0x000000008e100000|100%| E|CS|TAMS 0x000000008e000000, 0x000000008e000000| Complete 
| 225|0x000000008e100000, 0x000000008e200000, 0x000000008e200000|100%| E|  |TAMS 0x000000008e100000, 0x000000008e100000| Complete 
| 226|0x000000008e200000, 0x000000008e300000, 0x000000008e300000|100%| E|CS|TAMS 0x000000008e200000, 0x000000008e200000| Complete 
| 227|0x000000008e300000, 0x000000008e400000, 0x000000008e400000|100%| E|CS|TAMS 0x000000008e300000, 0x000000008e300000| Complete 
| 228|0x000000008e400000, 0x000000008e500000, 0x000000008e500000|100%| E|CS|TAMS 0x000000008e400000, 0x000000008e400000| Complete 
| 229|0x000000008e500000, 0x000000008e600000, 0x000000008e600000|100%| E|CS|TAMS 0x000000008e500000, 0x000000008e500000| Complete 
| 230|0x000000008e600000, 0x000000008e700000, 0x000000008e700000|100%| E|CS|TAMS 0x000000008e600000, 0x000000008e600000| Complete 
| 231|0x000000008e700000, 0x000000008e800000, 0x000000008e800000|100%| E|CS|TAMS 0x000000008e700000, 0x000000008e700000| Complete 
| 232|0x000000008e800000, 0x000000008e900000, 0x000000008e900000|100%| E|CS|TAMS 0x000000008e800000, 0x000000008e800000| Complete 
| 233|0x000000008e900000, 0x000000008ea00000, 0x000000008ea00000|100%| E|CS|TAMS 0x000000008e900000, 0x000000008e900000| Complete 
| 234|0x000000008ea00000, 0x000000008eb00000, 0x000000008eb00000|100%| E|CS|TAMS 0x000000008ea00000, 0x000000008ea00000| Complete 
| 235|0x000000008eb00000, 0x000000008ec00000, 0x000000008ec00000|100%| E|CS|TAMS 0x000000008eb00000, 0x000000008eb00000| Complete 
| 236|0x000000008ec00000, 0x000000008ed00000, 0x000000008ed00000|100%| E|CS|TAMS 0x000000008ec00000, 0x000000008ec00000| Complete 
| 237|0x000000008ed00000, 0x000000008ee00000, 0x000000008ee00000|100%| E|CS|TAMS 0x000000008ed00000, 0x000000008ed00000| Complete 
| 238|0x000000008ee00000, 0x000000008ef00000, 0x000000008ef00000|100%| E|CS|TAMS 0x000000008ee00000, 0x000000008ee00000| Complete 
| 239|0x000000008ef00000, 0x000000008f000000, 0x000000008f000000|100%| E|CS|TAMS 0x000000008ef00000, 0x000000008ef00000| Complete 
| 240|0x000000008f000000, 0x000000008f100000, 0x000000008f100000|100%| E|CS|TAMS 0x000000008f000000, 0x000000008f000000| Complete 
| 241|0x000000008f100000, 0x000000008f200000, 0x000000008f200000|100%| E|CS|TAMS 0x000000008f100000, 0x000000008f100000| Complete 
| 242|0x000000008f200000, 0x000000008f300000, 0x000000008f300000|100%| E|CS|TAMS 0x000000008f200000, 0x000000008f200000| Complete 
| 243|0x000000008f300000, 0x000000008f400000, 0x000000008f400000|100%| E|CS|TAMS 0x000000008f300000, 0x000000008f300000| Complete 
| 244|0x000000008f400000, 0x000000008f500000, 0x000000008f500000|100%| E|CS|TAMS 0x000000008f400000, 0x000000008f400000| Complete 
| 245|0x000000008f500000, 0x000000008f600000, 0x000000008f600000|100%| E|CS|TAMS 0x000000008f500000, 0x000000008f500000| Complete 
| 246|0x000000008f600000, 0x000000008f700000, 0x000000008f700000|100%| E|CS|TAMS 0x000000008f600000, 0x000000008f600000| Complete 
| 247|0x000000008f700000, 0x000000008f800000, 0x000000008f800000|100%| E|CS|TAMS 0x000000008f700000, 0x000000008f700000| Complete 
| 248|0x000000008f800000, 0x000000008f900000, 0x000000008f900000|100%| E|CS|TAMS 0x000000008f800000, 0x000000008f800000| Complete 
| 249|0x000000008f900000, 0x000000008fa00000, 0x000000008fa00000|100%| E|CS|TAMS 0x000000008f900000, 0x000000008f900000| Complete 
| 250|0x000000008fa00000, 0x000000008fb00000, 0x000000008fb00000|100%| E|CS|TAMS 0x000000008fa00000, 0x000000008fa00000| Complete 
| 251|0x000000008fb00000, 0x000000008fc00000, 0x000000008fc00000|100%| E|CS|TAMS 0x000000008fb00000, 0x000000008fb00000| Complete 
| 252|0x000000008fc00000, 0x000000008fd00000, 0x000000008fd00000|100%| E|CS|TAMS 0x000000008fc00000, 0x000000008fc00000| Complete 
| 253|0x000000008fd00000, 0x000000008fe00000, 0x000000008fe00000|100%| E|CS|TAMS 0x000000008fd00000, 0x000000008fd00000| Complete 
| 254|0x000000008fe00000, 0x000000008ff00000, 0x000000008ff00000|100%| E|CS|TAMS 0x000000008fe00000, 0x000000008fe00000| Complete 
| 255|0x000000008ff00000, 0x0000000090000000, 0x0000000090000000|100%| E|CS|TAMS 0x000000008ff00000, 0x000000008ff00000| Complete 

Card table byte_map: [0x0000020297e10000,0x0000020298210000] _byte_map_base: 0x0000020297a10000

Marking Bits (Prev, Next): (CMBitMap*) 0x00000202fc4eaf68, (CMBitMap*) 0x00000202fc4eafa0
 Prev Bits: [0x0000020298610000, 0x000002029a610000)
 Next Bits: [0x000002029a610000, 0x000002029c610000)

Polling page: 0x0000020280000000

Metaspace:

Usage:
  Non-class:     74.69 MB capacity,    73.21 MB ( 98%) used,     1.22 MB (  2%) free+waste,   268.13 KB ( <1%) overhead. 
      Class:     11.90 MB capacity,    10.91 MB ( 92%) used,   886.93 KB (  7%) free+waste,   126.94 KB (  1%) overhead. 
       Both:     86.59 MB capacity,    84.12 MB ( 97%) used,     2.09 MB (  2%) free+waste,   395.06 KB ( <1%) overhead. 

Virtual space:
  Non-class space:       76.00 MB reserved,      74.92 MB ( 99%) committed 
      Class space:      504.00 MB reserved,      11.95 MB (  2%) committed 
             Both:      580.00 MB reserved,      86.87 MB ( 15%) committed 

Chunk freelists:
   Non-Class:  5.38 KB
       Class:  768 bytes
        Both:  6.13 KB

CodeHeap 'non-profiled nmethods': size=120064Kb used=4791Kb max_used=4791Kb free=115272Kb
 bounds [0x000002028fe80000, 0x0000020290330000, 0x00000202973c0000]
CodeHeap 'profiled nmethods': size=120000Kb used=18024Kb max_used=18024Kb free=101975Kb
 bounds [0x0000020288950000, 0x0000020289b10000, 0x000002028fe80000]
CodeHeap 'non-nmethods': size=5696Kb used=2306Kb max_used=2352Kb free=3389Kb
 bounds [0x00000202883c0000, 0x0000020288630000, 0x0000020288950000]
 total_blobs=9184 nmethods=8272 adapters=823
 compilation: enabled
              stopped_count=0, restarted_count=0
 full_count=0

Compilation events (10 events):
Event: 186.596 Thread 0x000002029ec9e800 9436  s    3       java.beans.PropertyDescriptor::setReadMethod (22 bytes)
Event: 186.597 Thread 0x000002029ec9e800 nmethod 9436 0x0000020289afef10 code [0x0000020289aff120, 0x0000020289aff7c0]
Event: 186.597 Thread 0x000002029ec9e800 9438       3       org.apache.groovy.util.BeanUtils::decapitalize (68 bytes)
Event: 186.599 Thread 0x000002029ec9e800 nmethod 9438 0x0000020289affa10 code [0x0000020289affe00, 0x0000020289b019f0]
Event: 187.106 Thread 0x000002029ec9c800 nmethod 9431 0x0000020290321b10 code [0x0000020290322160, 0x000002029032a5f0]
Event: 187.106 Thread 0x000002029ec9c800 9439       4       java.util.LinkedList::add (7 bytes)
Event: 187.113 Thread 0x000002029ec9c800 nmethod 9439 0x000002029032dc90 code [0x000002029032de20, 0x000002029032e318]
Event: 187.113 Thread 0x000002029ec9c800 9437       4       java.util.LinkedList$ListItr::checkForComodification (23 bytes)
Event: 187.114 Thread 0x000002029ec9c800 nmethod 9437 0x000002029032e410 code [0x000002029032e5a0, 0x000002029032e638]
Event: 187.114 Thread 0x000002029ec9c800 9432   !   4       com.sun.beans.TypeResolver::resolve (261 bytes)

GC Heap History (10 events):
Event: 42.478 GC heap before
{Heap before GC invocations=7 (full 0):
 garbage-first heap   total 262144K, used 94394K [0x0000000080000000, 0x0000000100000000)
  region size 1024K, 77 young (78848K), 4 survivors (4096K)
 Metaspace       used 34923K, capacity 35774K, committed 35888K, reserved 548864K
  class space    used 4511K, capacity 4879K, committed 4992K, reserved 516096K
}
Event: 42.490 GC heap after
{Heap after GC invocations=8 (full 0):
 garbage-first heap   total 262144K, used 23952K [0x0000000080000000, 0x0000000100000000)
  region size 1024K, 7 young (7168K), 7 survivors (7168K)
 Metaspace       used 34923K, capacity 35774K, committed 35888K, reserved 548864K
  class space    used 4511K, capacity 4879K, committed 4992K, reserved 516096K
}
Event: 105.550 GC heap before
{Heap before GC invocations=9 (full 0):
 garbage-first heap   total 262144K, used 172432K [0x0000000080000000, 0x0000000100000000)
  region size 1024K, 149 young (152576K), 7 survivors (7168K)
 Metaspace       used 46519K, capacity 47814K, committed 47920K, reserved 559104K
  class space    used 5958K, capacity 6491K, committed 6528K, reserved 516096K
}
Event: 105.572 GC heap after
{Heap after GC invocations=10 (full 0):
 garbage-first heap   total 262144K, used 33033K [0x0000000080000000, 0x0000000100000000)
  region size 1024K, 16 young (16384K), 16 survivors (16384K)
 Metaspace       used 46519K, capacity 47814K, committed 47920K, reserved 559104K
  class space    used 5958K, capacity 6491K, committed 6528K, reserved 516096K
}
Event: 128.015 GC heap before
{Heap before GC invocations=11 (full 0):
 garbage-first heap   total 262144K, used 179465K [0x0000000080000000, 0x0000000100000000)
  region size 1024K, 153 young (156672K), 16 survivors (16384K)
 Metaspace       used 57688K, capacity 59308K, committed 59440K, reserved 567296K
  class space    used 7552K, capacity 8231K, committed 8320K, reserved 516096K
}
Event: 128.040 GC heap after
{Heap after GC invocations=12 (full 0):
 garbage-first heap   total 262144K, used 44032K [0x0000000080000000, 0x0000000100000000)
  region size 1024K, 14 young (14336K), 14 survivors (14336K)
 Metaspace       used 57688K, capacity 59308K, committed 59440K, reserved 567296K
  class space    used 7552K, capacity 8231K, committed 8320K, reserved 516096K
}
Event: 145.055 GC heap before
{Heap before GC invocations=12 (full 0):
 garbage-first heap   total 262144K, used 186368K [0x0000000080000000, 0x0000000100000000)
  region size 1024K, 153 young (156672K), 14 survivors (14336K)
 Metaspace       used 67395K, capacity 69296K, committed 69552K, reserved 577536K
  class space    used 8836K, capacity 9652K, committed 9728K, reserved 516096K
}
Event: 145.079 GC heap after
{Heap after GC invocations=13 (full 0):
 garbage-first heap   total 262144K, used 50316K [0x0000000080000000, 0x0000000100000000)
  region size 1024K, 13 young (13312K), 13 survivors (13312K)
 Metaspace       used 67395K, capacity 69296K, committed 69552K, reserved 577536K
  class space    used 8836K, capacity 9652K, committed 9728K, reserved 516096K
}
Event: 176.168 GC heap before
{Heap before GC invocations=13 (full 0):
 garbage-first heap   total 262144K, used 191628K [0x0000000080000000, 0x0000000100000000)
  region size 1024K, 151 young (154624K), 13 survivors (13312K)
 Metaspace       used 77441K, capacity 79743K, committed 79868K, reserved 585728K
  class space    used 10064K, capacity 11012K, committed 11084K, reserved 516096K
}
Event: 176.197 GC heap after
{Heap after GC invocations=14 (full 0):
 garbage-first heap   total 262144K, used 62968K [0x0000000080000000, 0x0000000100000000)
  region size 1024K, 17 young (17408K), 17 survivors (17408K)
 Metaspace       used 77441K, capacity 79743K, committed 79868K, reserved 585728K
  class space    used 10064K, capacity 11012K, committed 11084K, reserved 516096K
}

Deoptimization events (10 events):
Event: 183.075 Thread 0x000002029fbd5000 Uncommon trap: reason=unstable_if action=reinterpret pc=0x000002029030289c method=org.objectweb.asm.MethodWriter.<init>(Lorg/objectweb/asm/SymbolTable;ILjava/lang/String;Ljava/lang/String;Ljava/lang/String;[Ljava/lang/String;I)V @ 94 c2
Event: 183.076 Thread 0x000002029fbd5000 Uncommon trap: reason=unstable_if action=reinterpret pc=0x000002029023abd0 method=org.objectweb.asm.MethodWriter.computeMethodInfoSize()I @ 342 c2
Event: 183.076 Thread 0x000002029fbd5000 Uncommon trap: reason=unstable_if action=reinterpret pc=0x000002029023d398 method=org.objectweb.asm.MethodWriter.putMethodInfo(Lorg/objectweb/asm/ByteVector;)V @ 108 c2
Event: 184.229 Thread 0x000002029fbd5000 Uncommon trap: reason=unstable_if action=reinterpret pc=0x000002028ff5038c method=java.lang.AbstractStringBuilder.appendChars(Ljava/lang/CharSequence;II)V @ 43 c2
Event: 184.230 Thread 0x000002029fbd5000 Uncommon trap: reason=unstable_if action=reinterpret pc=0x000002028feac818 method=java.lang.AbstractStringBuilder.isLatin1()Z @ 10 c2
Event: 184.230 Thread 0x000002029fbd5000 Uncommon trap: reason=unstable_if action=reinterpret pc=0x000002028ff4f484 method=java.lang.AbstractStringBuilder.appendChars(Ljava/lang/CharSequence;II)V @ 43 c2
Event: 184.230 Thread 0x000002029fbd5000 Uncommon trap: reason=unstable_if action=reinterpret pc=0x000002028feb7d2c method=java.lang.AbstractStringBuilder.putStringAt(ILjava/lang/String;)V @ 8 c2
Event: 184.231 Thread 0x000002029fbd5000 Uncommon trap: reason=unstable_if action=reinterpret pc=0x0000020290013dd8 method=java.util.regex.Pattern.closure(Ljava/util/regex/Pattern$Node;)Ljava/util/regex/Pattern$Node; @ 79 c2
Event: 185.381 Thread 0x000002029fbd5000 Uncommon trap: reason=unstable_if action=reinterpret pc=0x00000202903157ec method=java.util.regex.Pattern.sequence(Ljava/util/regex/Pattern$Node;)Ljava/util/regex/Pattern$Node; @ 234 c2
Event: 186.414 Thread 0x000002029fbd5000 Uncommon trap: reason=unstable_if action=reinterpret pc=0x000002029000f284 method=java.util.StringJoiner.add(Ljava/lang/CharSequence;)Ljava/util/StringJoiner; @ 33 c2

Classes redefined (0 events):
No events

Internal exceptions (10 events):
Event: 186.409 Thread 0x000002029fbd5000 Exception <a 'java/lang/ClassNotFoundException'{0x000000008982d9e0}: com/android/build/gradle/AppExtensionBeanInfo> (0x000000008982d9e0) thrown at [./open/src/hotspot/share/classfile/systemDictionary.cpp, line 228]
Event: 186.410 Thread 0x000002029fbd5000 Exception <a 'java/lang/ClassNotFoundException'{0x0000000089846500}: com/android/build/gradle/AbstractAppExtensionBeanInfo> (0x0000000089846500) thrown at [./open/src/hotspot/share/classfile/systemDictionary.cpp, line 228]
Event: 186.410 Thread 0x000002029fbd5000 Exception <a 'java/lang/ClassNotFoundException'{0x000000008985df28}: com/android/build/gradle/TestedExtensionBeanInfo> (0x000000008985df28) thrown at [./open/src/hotspot/share/classfile/systemDictionary.cpp, line 228]
Event: 186.411 Thread 0x000002029fbd5000 Exception <a 'java/lang/ClassNotFoundException'{0x0000000089875860}: com/android/build/gradle/BaseExtensionBeanInfo> (0x0000000089875860) thrown at [./open/src/hotspot/share/classfile/systemDictionary.cpp, line 228]
Event: 186.411 Thread 0x000002029fbd5000 Exception <a 'java/lang/ClassNotFoundException'{0x000000008988d4c8}: com/android/build/gradle/BaseExtensionCustomizer> (0x000000008988d4c8) thrown at [./open/src/hotspot/share/classfile/systemDictionary.cpp, line 228]
Event: 186.444 Thread 0x000002029fbd5000 Exception <a 'java/lang/ClassNotFoundException'{0x00000000898fe230}: com/android/build/gradle/TestedExtensionCustomizer> (0x00000000898fe230) thrown at [./open/src/hotspot/share/classfile/systemDictionary.cpp, line 228]
Event: 186.445 Thread 0x000002029fbd5000 Exception <a 'java/lang/ClassNotFoundException'{0x0000000089731550}: com/android/build/gradle/AbstractAppExtensionCustomizer> (0x0000000089731550) thrown at [./open/src/hotspot/share/classfile/systemDictionary.cpp, line 228]
Event: 186.456 Thread 0x000002029fbd5000 Exception <a 'java/lang/ClassNotFoundException'{0x000000008975f3a0}: com/android/build/gradle/AppExtensionCustomizer> (0x000000008975f3a0) thrown at [./open/src/hotspot/share/classfile/systemDictionary.cpp, line 228]
Event: 186.458 Thread 0x000002029fbd5000 Exception <a 'java/lang/ClassNotFoundException'{0x000000008978f908}: com/android/build/gradle/internal/dsl/BaseAppModuleExtensionCustomizer> (0x000000008978f908) thrown at [./open/src/hotspot/share/classfile/systemDictionary.cpp, line 228]
Event: 186.566 Thread 0x000002029fbd5000 Exception <a 'java/lang/ClassNotFoundException'{0x000000008967dc18}: com/android/build/gradle/internal/dsl/BaseAppModuleExtension_DecoratedCustomizer> (0x000000008967dc18) thrown at [./open/src/hotspot/share/classfile/systemDictionary.cpp, line 228]

Events (10 events):
Event: 186.566 loading class com/android/build/gradle/internal/dsl/BaseAppModuleExtension_DecoratedCustomizer
Event: 186.566 loading class com/android/build/gradle/internal/dsl/BaseAppModuleExtension_DecoratedCustomizer done
Event: 186.566 loading class com/android/build/gradle/internal/dsl/BaseAppModuleExtension_DecoratedCustomizer
Event: 186.566 loading class com/android/build/gradle/internal/dsl/BaseAppModuleExtension_DecoratedCustomizer done
Event: 186.595 loading class groovy/runtime/metaclass/build_9yxveu5e8myc8dn6l1axmmoxh$_run_closure2$_closure4MetaClass
Event: 186.595 loading class groovy/runtime/metaclass/build_9yxveu5e8myc8dn6l1axmmoxh$_run_closure2$_closure4MetaClass done
Event: 186.596 loading class org/gradle/util/internal/ConfigureUtil
Event: 186.596 loading class org/gradle/util/internal/ConfigureUtil done
Event: 186.597 loading class groovy/runtime/metaclass/com/android/build/gradle/internal/dsl/DefaultConfig$AgpDecorated_DecoratedMetaClass
Event: 186.597 loading class groovy/runtime/metaclass/com/android/build/gradle/internal/dsl/DefaultConfig$AgpDecorated_DecoratedMetaClass done


Dynamic libraries:
0x00007ff7b1510000 - 0x00007ff7b151f000 	F:\Laptop Files\Bot\jdk-11.0.9\jdk-11.0.9\bin\java.exe
0x00007ffdc8e30000 - 0x00007ffdc9028000 	C:\WINDOWS\SYSTEM32\ntdll.dll
0x00007ffdc7c50000 - 0x00007ffdc7d0f000 	C:\WINDOWS\System32\KERNEL32.DLL
0x00007ffdc6950000 - 0x00007ffdc6c46000 	C:\WINDOWS\System32\KERNELBASE.dll
0x00007ffdc6790000 - 0x00007ffdc6890000 	C:\WINDOWS\System32\ucrtbase.dll
0x00007ffdb3740000 - 0x00007ffdb3758000 	F:\Laptop Files\Bot\jdk-11.0.9\jdk-11.0.9\bin\jli.dll
0x00007ffdc8250000 - 0x00007ffdc82ff000 	C:\WINDOWS\System32\ADVAPI32.dll
0x00007ffdc8960000 - 0x00007ffdc89fe000 	C:\WINDOWS\System32\msvcrt.dll
0x00007ffdc8d50000 - 0x00007ffdc8dec000 	C:\WINDOWS\System32\sechost.dll
0x00007ffdc7af0000 - 0x00007ffdc7c16000 	C:\WINDOWS\System32\RPCRT4.dll
0x00007ffdc8bb0000 - 0x00007ffdc8d4d000 	C:\WINDOWS\System32\USER32.dll
0x00007ffdc6dc0000 - 0x00007ffdc6de2000 	C:\WINDOWS\System32\win32u.dll
0x00007ffdc7e50000 - 0x00007ffdc7e7c000 	C:\WINDOWS\System32\GDI32.dll
0x00007ffdc6510000 - 0x00007ffdc6625000 	C:\WINDOWS\System32\gdi32full.dll
0x00007ffdc6df0000 - 0x00007ffdc6e8d000 	C:\WINDOWS\System32\msvcp_win.dll
0x00007ffdb3920000 - 0x00007ffdb3935000 	F:\Laptop Files\Bot\jdk-11.0.9\jdk-11.0.9\bin\VCRUNTIME140.dll
0x00007ffdb8d30000 - 0x00007ffdb8fca000 	C:\WINDOWS\WinSxS\amd64_microsoft.windows.common-controls_6595b64144ccf1df_6.0.19041.1110_none_60b5254171f9507e\COMCTL32.dll
0x00007ffdc0d80000 - 0x00007ffdc0d8a000 	C:\WINDOWS\SYSTEM32\VERSION.dll
0x00007ffdc7ac0000 - 0x00007ffdc7af0000 	C:\WINDOWS\System32\IMM32.DLL
0x00007ffdacbd0000 - 0x00007ffdacc6b000 	F:\Laptop Files\Bot\jdk-11.0.9\jdk-11.0.9\bin\msvcp140.dll
0x00007ffda1ac0000 - 0x00007ffda25b7000 	F:\Laptop Files\Bot\jdk-11.0.9\jdk-11.0.9\bin\server\jvm.dll
0x00007ffdc7fb0000 - 0x00007ffdc7fb8000 	C:\WINDOWS\System32\PSAPI.DLL
0x00007ffdb7ac0000 - 0x00007ffdb7ac9000 	C:\WINDOWS\SYSTEM32\WSOCK32.dll
0x00007ffdc81e0000 - 0x00007ffdc824b000 	C:\WINDOWS\System32\WS2_32.dll
0x00007ffdbf5c0000 - 0x00007ffdbf5e7000 	C:\WINDOWS\SYSTEM32\WINMM.dll
0x00007ffdc43e0000 - 0x00007ffdc43f2000 	C:\WINDOWS\SYSTEM32\kernel.appcore.dll
0x00007ffdb7600000 - 0x00007ffdb7610000 	F:\Laptop Files\Bot\jdk-11.0.9\jdk-11.0.9\bin\verify.dll
0x00007ffda9970000 - 0x00007ffda9b54000 	C:\WINDOWS\SYSTEM32\DBGHELP.DLL
0x00007ffdaa040000 - 0x00007ffdaa074000 	C:\WINDOWS\SYSTEM32\dbgcore.DLL
0x00007ffdc6d30000 - 0x00007ffdc6db2000 	C:\WINDOWS\System32\bcryptPrimitives.dll
0x00007ffdb1da0000 - 0x00007ffdb1dc8000 	F:\Laptop Files\Bot\jdk-11.0.9\jdk-11.0.9\bin\java.dll
0x00007ffdb6ff0000 - 0x00007ffdb6ffa000 	F:\Laptop Files\Bot\jdk-11.0.9\jdk-11.0.9\bin\jimage.dll
0x00007ffdb1b20000 - 0x00007ffdb1b36000 	F:\Laptop Files\Bot\jdk-11.0.9\jdk-11.0.9\bin\zip.dll
0x00007ffdc7370000 - 0x00007ffdc7ab4000 	C:\WINDOWS\System32\SHELL32.dll
0x00007ffdc45e0000 - 0x00007ffdc4d74000 	C:\WINDOWS\SYSTEM32\windows.storage.dll
0x00007ffdc7010000 - 0x00007ffdc7364000 	C:\WINDOWS\System32\combase.dll
0x00007ffdc5e80000 - 0x00007ffdc5eae000 	C:\WINDOWS\SYSTEM32\Wldp.dll
0x00007ffdc6f60000 - 0x00007ffdc700d000 	C:\WINDOWS\System32\SHCORE.dll
0x00007ffdc7d70000 - 0x00007ffdc7dc5000 	C:\WINDOWS\System32\shlwapi.dll
0x00007ffdc6440000 - 0x00007ffdc6465000 	C:\WINDOWS\SYSTEM32\profapi.dll
0x00007ffdaf9d0000 - 0x00007ffdaf9e9000 	F:\Laptop Files\Bot\jdk-11.0.9\jdk-11.0.9\bin\net.dll
0x00007ffdbc970000 - 0x00007ffdbca7a000 	C:\WINDOWS\SYSTEM32\WINHTTP.dll
0x00007ffdc5be0000 - 0x00007ffdc5c4a000 	C:\WINDOWS\system32\mswsock.dll
0x00007ffdaf7d0000 - 0x00007ffdaf7e2000 	F:\Laptop Files\Bot\jdk-11.0.9\jdk-11.0.9\bin\nio.dll
0x00007ffdaeb00000 - 0x00007ffdaeb27000 	C:\Users\abdul\.gradle\native\68d5fa5c4cc2d200863cafc0d521ce42e7d3e7ee720ec0a83991735586a16f82\windows-amd64\native-platform.dll
0x00007ffda3ac0000 - 0x00007ffda3c04000 	C:\Users\abdul\.gradle\native\e376f236ea51e6404a007f0833ffe2c6e607c4080706a723a18a27aeea778392\windows-amd64\native-platform-file-events.dll
0x00007ffdb6b40000 - 0x00007ffdb6b49000 	F:\Laptop Files\Bot\jdk-11.0.9\jdk-11.0.9\bin\management.dll
0x00007ffdaf9b0000 - 0x00007ffdaf9bb000 	F:\Laptop Files\Bot\jdk-11.0.9\jdk-11.0.9\bin\management_ext.dll
0x00007ffdc5de0000 - 0x00007ffdc5df8000 	C:\WINDOWS\SYSTEM32\CRYPTSP.dll
0x00007ffdc5500000 - 0x00007ffdc5534000 	C:\WINDOWS\system32\rsaenh.dll
0x00007ffdc6c50000 - 0x00007ffdc6c77000 	C:\WINDOWS\System32\bcrypt.dll
0x00007ffdc6400000 - 0x00007ffdc642e000 	C:\WINDOWS\SYSTEM32\USERENV.dll
0x00007ffdc5dd0000 - 0x00007ffdc5ddc000 	C:\WINDOWS\SYSTEM32\CRYPTBASE.dll
0x00007ffdc58d0000 - 0x00007ffdc590c000 	C:\WINDOWS\SYSTEM32\IPHLPAPI.DLL
0x00007ffdc7c20000 - 0x00007ffdc7c28000 	C:\WINDOWS\System32\NSI.dll
0x00007ffdbd390000 - 0x00007ffdbd3a7000 	C:\WINDOWS\SYSTEM32\dhcpcsvc6.DLL
0x00007ffdbd370000 - 0x00007ffdbd38d000 	C:\WINDOWS\SYSTEM32\dhcpcsvc.DLL
0x00007ffdc5910000 - 0x00007ffdc59da000 	C:\WINDOWS\SYSTEM32\DNSAPI.dll

dbghelp: loaded successfully - version: 4.0.5 - missing functions: none
symbol engine: initialized successfully - sym options: 0x614 - pdb path: .;F:\Laptop Files\Bot\jdk-11.0.9\jdk-11.0.9\bin;C:\WINDOWS\SYSTEM32;C:\WINDOWS\WinSxS\amd64_microsoft.windows.common-controls_6595b64144ccf1df_6.0.19041.1110_none_60b5254171f9507e;F:\Laptop Files\Bot\jdk-11.0.9\jdk-11.0.9\bin\server;C:\Users\abdul\.gradle\native\68d5fa5c4cc2d200863cafc0d521ce42e7d3e7ee720ec0a83991735586a16f82\windows-amd64;C:\Users\abdul\.gradle\native\e376f236ea51e6404a007f0833ffe2c6e607c4080706a723a18a27aeea778392\windows-amd64

VM Arguments:
jvm_args: -XX:MaxMetaspaceSize=512m --add-opens=java.base/java.util=ALL-UNNAMED --add-opens=java.base/java.lang=ALL-UNNAMED --add-opens=java.base/java.lang.invoke=ALL-UNNAMED --add-opens=java.prefs/java.util.prefs=ALL-UNNAMED --add-opens=java.base/java.nio.charset=ALL-UNNAMED --add-opens=java.base/java.net=ALL-UNNAMED --add-opens=java.base/java.util.concurrent.atomic=ALL-UNNAMED -Xmx2048m -Dfile.encoding=windows-1252 -Duser.country=US -Duser.language=en -Duser.variant 
java_command: org.gradle.launcher.daemon.bootstrap.GradleDaemon 8.0.1
java_class_path (initial): C:\Users\abdul\.gradle\wrapper\dists\gradle-8.0.1-all\aro4hu1c3oeioove7l0i4i14o\gradle-8.0.1\lib\gradle-launcher-8.0.1.jar
Launcher Type: SUN_STANDARD

[Global flags]
     intx CICompilerCount                          = 3                                         {product} {ergonomic}
   size_t CompressedClassSpaceSize                 = 528482304                                 {product} {ergonomic}
     uint ConcGCThreads                            = 1                                         {product} {ergonomic}
     uint G1ConcRefinementThreads                  = 4                                         {product} {ergonomic}
   size_t G1HeapRegionSize                         = 1048576                                   {product} {ergonomic}
    uintx GCDrainStackTargetSize                   = 64                                        {product} {ergonomic}
   size_t InitialHeapSize                          = 268435456                                 {product} {ergonomic}
   size_t MarkStackSize                            = 4194304                                   {product} {ergonomic}
   size_t MaxHeapSize                              = 2147483648                                {product} {command line}
   size_t MaxMetaspaceSize                         = 536870912                                 {product} {command line}
   size_t MaxNewSize                               = 1287651328                                {product} {ergonomic}
   size_t MinHeapDeltaBytes                        = 1048576                                   {product} {ergonomic}
    uintx NonNMethodCodeHeapSize                   = 5830732                                {pd product} {ergonomic}
    uintx NonProfiledCodeHeapSize                  = 122913754                              {pd product} {ergonomic}
    uintx ProfiledCodeHeapSize                     = 122913754                              {pd product} {ergonomic}
    uintx ReservedCodeCacheSize                    = 251658240                              {pd product} {ergonomic}
     bool SegmentedCodeCache                       = true                                      {product} {ergonomic}
     bool UseCompressedClassPointers               = true                                 {lp64_product} {ergonomic}
     bool UseCompressedOops                        = true                                 {lp64_product} {ergonomic}
     bool UseG1GC                                  = true                                      {product} {ergonomic}
     bool UseLargePagesIndividualAllocation        = false                                  {pd product} {ergonomic}

Logging:
Log output configuration:
 #0: stdout all=warning uptime,level,tags
 #1: stderr all=off uptime,level,tags

Environment Variables:
JAVA_HOME=F:\Laptop Files\Bot\jdk-11.0.9\jdk-11.0.9
CLASSPATH=F:\Scorify\android\\gradle\wrapper\gradle-wrapper.jar
PATH=F:\Scorify\node_modules\.bin;F:\Scorify\node_modules\.bin;F:\node_modules\.bin;C:\Program Files\nodejs\node_modules\npm\node_modules\@npmcli\run-script\lib\node-gyp-bin;F:\Scorify\node_modules\.bin;F:\Scorify\node_modules\.bin;F:\node_modules\.bin;C:\Program Files\nodejs\node_modules\npm\node_modules\@npmcli\run-script\lib\node-gyp-bin;C:\Users\abdul\bin;C:\Program Files\Git\mingw64\bin;C:\Program Files\Git\usr\local\bin;C:\Program Files\Git\usr\bin;C:\Program Files\Git\usr\bin;C:\Program Files\Git\mingw64\bin;C:\Program Files\Git\usr\bin;C:\Users\abdul\bin;C:\Program Files (x86)\Common Files\Oracle\Java\javapath;C:\WINDOWS\system32;C:\WINDOWS;C:\WINDOWS\System32\Wbem;C:\WINDOWS\System32\WindowsPowerShell\v1.0;C:\WINDOWS\System32\OpenSSH;C:\Program Files\Google\Chrome\Application;C:\Program Files\Microsoft SQL Server\150\Tools\Binn;C:\Program Files\nodejs;F:\Laptop Files\Bot\Android\Sdk\platform-tools;F:\Laptop Files\Bot\jdk-11.0.9\jdk-11.0.9\bin;C:\Program Files (x86)\AMD\ATI.ACE\Core-Static;C:\Program Files\Git\cmd;F:\Laptop Files\Bot\Android\Sdk\tools;C:\Users\abdul\AppData\Local\Programs\Python\Python39\Scripts;C:\Users\abdul\AppData\Local\Programs\Python\Python39;C:\Users\abdul\AppData\Local\Programs\Python\Python310\Scripts;C:\Users\abdul\AppData\Local\Programs\Python\Python310;C:\Users\abdul\AppData\Local\Microsoft\WindowsApps;C:\Users\abdul\AppData\Local\Programs\Microsoft VS Code\bin;C:\Program Files\JetBrains\PyCharm 2022.2.3\bin;C:\Program Files\JetBrains\PyCharm Community Edition 2022.2.3\bin;C:\Program Files\Google\Chrome\Application;C:\Users\abdul\AppData\Roaming\npm;F:\Laptop Files\Bot\Android\Sdk\platform-tools;C:\Program Files\Git\usr\bin\vendor_perl;C:\Program Files\Git\usr\bin\core_perl
USERNAME=Hamza&Haroon
SHELL=C:\Program Files\Git\usr\bin\bash.exe
DISPLAY=needs-to-be-defined
OS=Windows_NT
PROCESSOR_IDENTIFIER=Intel64 Family 6 Model 42 Stepping 7, GenuineIntel



---------------  S Y S T E M  ---------------

OS: Windows 10 , 64 bit Build 19041 (10.0.19041.3155)

CPU:total 4 (initial active 4) (2 cores per cpu, 2 threads per core) family 6 model 42 stepping 7, cmov, cx8, fxsr, mmx, sse, sse2, sse3, ssse3, sse4.1, sse4.2, popcnt, avx, clmul, ht, tsc, tscinvbit

Memory: 4k page, system-wide physical 16340M (856M free)
TotalPageFile size 20192M (AvailPageFile size 5M)
current process WorkingSet (physical memory assigned to process): 441M, peak: 442M
current process commit charge ("private bytes"): 520M, peak: 522M

vm_info: Java HotSpot(TM) 64-Bit Server VM (11.0.9+7-LTS) for windows-amd64 JRE (11.0.9+7-LTS), built on Sep 15 2020 16:47:03 by "mach5one" with MS VC++ 15.9 (VS2017)

END.
